;  LST file generated by mikroListExporter - v.2.0 
; Date/Time: 12.05.2020 15:56:19
;----------------------------------------------

;Address Opcode 	ASM
0x0000	0xF000EFFA  	GOTO        500
0x0004	0x0000      	NOP
0x0006	0x0000      	NOP
0x0008	0xF000EF00  	GOTO        0
0x000C	0x0000      	NOP
0x000E	0x0000      	NOP
0x0010	0x0000      	NOP
0x0012	0x0000      	NOP
0x0014	0x0000      	NOP
0x0016	0x0000      	NOP
0x0018	0xD7F3      	BRA         0
_Delay_1us:
;__Lib_Delays.c,7 :: 		void Delay_1us() {
;__Lib_Delays.c,8 :: 		Delay_us(1);
0x001C	0x0000      	NOP
0x001E	0x0000      	NOP
;__Lib_Delays.c,9 :: 		}
L_end_Delay_1us:
0x0020	0x0012      	RETURN      0
; end of _Delay_1us
_Delay_5500us:
;__Lib_Delays.c,31 :: 		void Delay_5500us() {
;__Lib_Delays.c,32 :: 		Delay_us(5500);
0x0022	0x0E0F      	MOVLW       15
0x0024	0x6E0C      	MOVWF       R12, 0
0x0026	0x0E47      	MOVLW       71
0x0028	0x6E0D      	MOVWF       R13, 0
L_Delay_5500us5:
0x002A	0x2E0D      	DECFSZ      R13, 1, 0
0x002C	0xD7FE      	BRA         L_Delay_5500us5
0x002E	0x2E0C      	DECFSZ      R12, 1, 0
0x0030	0xD7FC      	BRA         L_Delay_5500us5
0x0032	0x0000      	NOP
0x0034	0x0000      	NOP
;__Lib_Delays.c,33 :: 		}
L_end_Delay_5500us:
0x0036	0x0012      	RETURN      0
; end of _Delay_5500us
_Delay_50us:
;__Lib_Delays.c,19 :: 		void Delay_50us() {
;__Lib_Delays.c,20 :: 		Delay_us(50);
0x0038	0x0E21      	MOVLW       33
0x003A	0x6E0D      	MOVWF       R13, 0
L_Delay_50us2:
0x003C	0x2E0D      	DECFSZ      R13, 1, 0
0x003E	0xD7FE      	BRA         L_Delay_50us2
;__Lib_Delays.c,21 :: 		}
L_end_Delay_50us:
0x0040	0x0012      	RETURN      0
; end of _Delay_50us
_Lcd_Cmd:
;__Lib_Lcd.c,18 :: 		
;__Lib_Lcd.c,20 :: 		
0x0042	0x0101      	MOVLB       1
0x0044	0xBFB1      	BTFSC       FARG_Lcd_Cmd_out_char, 7, 1
0x0046	0xD002      	BRA         L__Lcd_Cmd21
0x0048	0x9E81      	BCF         LCD_D7, BitPos(LCD_D7+0) 
0x004A	0xD001      	BRA         L__Lcd_Cmd22
L__Lcd_Cmd21:
0x004C	0x8E81      	BSF         LCD_D7, BitPos(LCD_D7+0) 
L__Lcd_Cmd22:
;__Lib_Lcd.c,21 :: 		
0x004E	0xBDB1      	BTFSC       FARG_Lcd_Cmd_out_char, 6, 1
0x0050	0xD002      	BRA         L__Lcd_Cmd23
0x0052	0x9C81      	BCF         LCD_D6, BitPos(LCD_D6+0) 
0x0054	0xD001      	BRA         L__Lcd_Cmd24
L__Lcd_Cmd23:
0x0056	0x8C81      	BSF         LCD_D6, BitPos(LCD_D6+0) 
L__Lcd_Cmd24:
;__Lib_Lcd.c,22 :: 		
0x0058	0xBBB1      	BTFSC       FARG_Lcd_Cmd_out_char, 5, 1
0x005A	0xD002      	BRA         L__Lcd_Cmd25
0x005C	0x9A81      	BCF         LCD_D5, BitPos(LCD_D5+0) 
0x005E	0xD001      	BRA         L__Lcd_Cmd26
L__Lcd_Cmd25:
0x0060	0x8A81      	BSF         LCD_D5, BitPos(LCD_D5+0) 
L__Lcd_Cmd26:
;__Lib_Lcd.c,23 :: 		
0x0062	0xB9B1      	BTFSC       FARG_Lcd_Cmd_out_char, 4, 1
0x0064	0xD002      	BRA         L__Lcd_Cmd27
0x0066	0x9881      	BCF         LCD_D4, BitPos(LCD_D4+0) 
0x0068	0xD001      	BRA         L__Lcd_Cmd28
L__Lcd_Cmd27:
0x006A	0x8881      	BSF         LCD_D4, BitPos(LCD_D4+0) 
L__Lcd_Cmd28:
;__Lib_Lcd.c,25 :: 		
0x006C	0xB1AA      	BTFSC       __Lib_Lcd_cmd_status, BitPos(__Lib_Lcd_cmd_status+0), 1
0x006E	0xD002      	BRA         L__Lcd_Cmd29
0x0070	0x8284      	BSF         LCD_RS, BitPos(LCD_RS+0) 
0x0072	0xD001      	BRA         L__Lcd_Cmd30
L__Lcd_Cmd29:
0x0074	0x9284      	BCF         LCD_RS, BitPos(LCD_RS+0) 
L__Lcd_Cmd30:
;__Lib_Lcd.c,28 :: 		
0x0076	0x8084      	BSF         LCD_EN, BitPos(LCD_EN+0) 
;__Lib_Lcd.c,29 :: 		
0x0078	0xDFD1      	RCALL       _Delay_1us
;__Lib_Lcd.c,30 :: 		
0x007A	0x9084      	BCF         LCD_EN, BitPos(LCD_EN+0) 
;__Lib_Lcd.c,33 :: 		
0x007C	0xB7B1      	BTFSC       FARG_Lcd_Cmd_out_char, 3, 1
0x007E	0xD002      	BRA         L__Lcd_Cmd31
0x0080	0x9E81      	BCF         LCD_D7, BitPos(LCD_D7+0) 
0x0082	0xD001      	BRA         L__Lcd_Cmd32
L__Lcd_Cmd31:
0x0084	0x8E81      	BSF         LCD_D7, BitPos(LCD_D7+0) 
L__Lcd_Cmd32:
;__Lib_Lcd.c,34 :: 		
0x0086	0xB5B1      	BTFSC       FARG_Lcd_Cmd_out_char, 2, 1
0x0088	0xD002      	BRA         L__Lcd_Cmd33
0x008A	0x9C81      	BCF         LCD_D6, BitPos(LCD_D6+0) 
0x008C	0xD001      	BRA         L__Lcd_Cmd34
L__Lcd_Cmd33:
0x008E	0x8C81      	BSF         LCD_D6, BitPos(LCD_D6+0) 
L__Lcd_Cmd34:
;__Lib_Lcd.c,35 :: 		
0x0090	0xB3B1      	BTFSC       FARG_Lcd_Cmd_out_char, 1, 1
0x0092	0xD002      	BRA         L__Lcd_Cmd35
0x0094	0x9A81      	BCF         LCD_D5, BitPos(LCD_D5+0) 
0x0096	0xD001      	BRA         L__Lcd_Cmd36
L__Lcd_Cmd35:
0x0098	0x8A81      	BSF         LCD_D5, BitPos(LCD_D5+0) 
L__Lcd_Cmd36:
;__Lib_Lcd.c,36 :: 		
0x009A	0xB1B1      	BTFSC       FARG_Lcd_Cmd_out_char, 0, 1
0x009C	0xD002      	BRA         L__Lcd_Cmd37
0x009E	0x9881      	BCF         LCD_D4, BitPos(LCD_D4+0) 
0x00A0	0xD001      	BRA         L__Lcd_Cmd38
L__Lcd_Cmd37:
0x00A2	0x8881      	BSF         LCD_D4, BitPos(LCD_D4+0) 
L__Lcd_Cmd38:
;__Lib_Lcd.c,38 :: 		
0x00A4	0xB1AA      	BTFSC       __Lib_Lcd_cmd_status, BitPos(__Lib_Lcd_cmd_status+0), 1
0x00A6	0xD002      	BRA         L__Lcd_Cmd39
0x00A8	0x8284      	BSF         LCD_RS, BitPos(LCD_RS+0) 
0x00AA	0xD001      	BRA         L__Lcd_Cmd40
L__Lcd_Cmd39:
0x00AC	0x9284      	BCF         LCD_RS, BitPos(LCD_RS+0) 
L__Lcd_Cmd40:
;__Lib_Lcd.c,40 :: 		
0x00AE	0x8084      	BSF         LCD_EN, BitPos(LCD_EN+0) 
;__Lib_Lcd.c,41 :: 		
0x00B0	0xDFB5      	RCALL       _Delay_1us
;__Lib_Lcd.c,42 :: 		
0x00B2	0x9084      	BCF         LCD_EN, BitPos(LCD_EN+0) 
;__Lib_Lcd.c,44 :: 		
0x00B4	0xA1AA      	BTFSS       __Lib_Lcd_cmd_status, BitPos(__Lib_Lcd_cmd_status+0), 1
0x00B6	0xD002      	BRA         L_Lcd_Cmd0
;__Lib_Lcd.c,45 :: 		
0x00B8	0xDFB4      	RCALL       _Delay_5500us
0x00BA	0xD001      	BRA         L_Lcd_Cmd1
L_Lcd_Cmd0:
;__Lib_Lcd.c,47 :: 		
0x00BC	0xDFBD      	RCALL       _Delay_50us
L_Lcd_Cmd1:
;__Lib_Lcd.c,48 :: 		
L_end_Lcd_Cmd:
0x00BE	0x0012      	RETURN      0
; end of _Lcd_Cmd
_Lcd_Chr_CP:
;__Lib_Lcd.c,50 :: 		
;__Lib_Lcd.c,52 :: 		
0x00C0	0x0101      	MOVLB       1
0x00C2	0x91AA      	BCF         __Lib_Lcd_cmd_status, BitPos(__Lib_Lcd_cmd_status+0), 1
;__Lib_Lcd.c,53 :: 		
0x00C4	0xF1B1C1B0  	MOVFF       FARG_Lcd_Chr_CP_out_char, FARG_Lcd_Cmd_out_char
0x00C8	0xDFBC      	RCALL       _Lcd_Cmd
;__Lib_Lcd.c,54 :: 		
0x00CA	0x81AA      	BSF         __Lib_Lcd_cmd_status, BitPos(__Lib_Lcd_cmd_status+0), 1
;__Lib_Lcd.c,55 :: 		
L_end_Lcd_Chr_CP:
0x00CC	0x0012      	RETURN      0
; end of _Lcd_Chr_CP
___CC2DW:
;__Lib_System.c,21 :: 		
;__Lib_System.c,23 :: 		
_CC2DL_Loop1:
;__Lib_System.c,24 :: 		
0x00CE	0x0009      	TBLRD*+
;__Lib_System.c,25 :: 		
0x00D0	0xFFE6CFF5  	MOVFF       TABLAT, POSTINC1
;__Lib_System.c,26 :: 		
0x00D4	0x0600      	DECF        R0, 1, 0
;__Lib_System.c,27 :: 		
0x00D6	0xE1FB      	BNZ         _CC2DL_Loop1
;__Lib_System.c,28 :: 		
0x00D8	0x0601      	DECF        R1, 1, 0
;__Lib_System.c,29 :: 		
0x00DA	0xE1F9      	BNZ         _CC2DL_Loop1
;__Lib_System.c,31 :: 		
L_end___CC2DW:
0x00DC	0x0012      	RETURN      0
; end of ___CC2DW
_Lcd_Init:
;__Lib_Lcd.c,84 :: 		
;__Lib_Lcd.c,86 :: 		
0x00DE	0x9296      	BCF         LCD_EN_Direction, BitPos(LCD_EN_Direction+0) 
;__Lib_Lcd.c,87 :: 		
0x00E0	0x9096      	BCF         LCD_RS_Direction, BitPos(LCD_RS_Direction+0) 
;__Lib_Lcd.c,88 :: 		
0x00E2	0x9893      	BCF         LCD_D4_Direction, BitPos(LCD_D4_Direction+0) 
;__Lib_Lcd.c,89 :: 		
0x00E4	0x9A93      	BCF         LCD_D5_Direction, BitPos(LCD_D5_Direction+0) 
;__Lib_Lcd.c,90 :: 		
0x00E6	0x9C93      	BCF         LCD_D6_Direction, BitPos(LCD_D6_Direction+0) 
;__Lib_Lcd.c,91 :: 		
0x00E8	0x9E93      	BCF         LCD_D7_Direction, BitPos(LCD_D7_Direction+0) 
;__Lib_Lcd.c,93 :: 		
0x00EA	0x9084      	BCF         LCD_EN, BitPos(LCD_EN+0) 
;__Lib_Lcd.c,94 :: 		
0x00EC	0x9284      	BCF         LCD_RS, BitPos(LCD_RS+0) 
;__Lib_Lcd.c,95 :: 		
0x00EE	0x9E81      	BCF         LCD_D7, BitPos(LCD_D7+0) 
;__Lib_Lcd.c,96 :: 		
0x00F0	0x9C81      	BCF         LCD_D6, BitPos(LCD_D6+0) 
;__Lib_Lcd.c,97 :: 		
0x00F2	0x9A81      	BCF         LCD_D5, BitPos(LCD_D5+0) 
;__Lib_Lcd.c,98 :: 		
0x00F4	0x9881      	BCF         LCD_D4, BitPos(LCD_D4+0) 
;__Lib_Lcd.c,100 :: 		
0x00F6	0xDF95      	RCALL       _Delay_5500us
;__Lib_Lcd.c,101 :: 		
0x00F8	0xDF94      	RCALL       _Delay_5500us
;__Lib_Lcd.c,102 :: 		
0x00FA	0xDF93      	RCALL       _Delay_5500us
;__Lib_Lcd.c,105 :: 		
0x00FC	0x8A81      	BSF         LCD_D5, BitPos(LCD_D5+0) 
;__Lib_Lcd.c,106 :: 		
0x00FE	0x8881      	BSF         LCD_D4, BitPos(LCD_D4+0) 
;__Lib_Lcd.c,107 :: 		
0x0100	0x8084      	BSF         LCD_EN, BitPos(LCD_EN+0) 
;__Lib_Lcd.c,108 :: 		
0x0102	0xDF8C      	RCALL       _Delay_1us
;__Lib_Lcd.c,109 :: 		
0x0104	0x9084      	BCF         LCD_EN, BitPos(LCD_EN+0) 
;__Lib_Lcd.c,110 :: 		
0x0106	0xDF8D      	RCALL       _Delay_5500us
;__Lib_Lcd.c,112 :: 		
0x0108	0x8084      	BSF         LCD_EN, BitPos(LCD_EN+0) 
;__Lib_Lcd.c,113 :: 		
0x010A	0xDF88      	RCALL       _Delay_1us
;__Lib_Lcd.c,114 :: 		
0x010C	0x9084      	BCF         LCD_EN, BitPos(LCD_EN+0) 
;__Lib_Lcd.c,115 :: 		
0x010E	0xDF89      	RCALL       _Delay_5500us
;__Lib_Lcd.c,117 :: 		
0x0110	0x8084      	BSF         LCD_EN, BitPos(LCD_EN+0) 
;__Lib_Lcd.c,118 :: 		
0x0112	0xDF84      	RCALL       _Delay_1us
;__Lib_Lcd.c,119 :: 		
0x0114	0x9084      	BCF         LCD_EN, BitPos(LCD_EN+0) 
;__Lib_Lcd.c,120 :: 		
0x0116	0xDF85      	RCALL       _Delay_5500us
;__Lib_Lcd.c,123 :: 		
0x0118	0x9881      	BCF         LCD_D4, BitPos(LCD_D4+0) 
;__Lib_Lcd.c,124 :: 		
0x011A	0x8084      	BSF         LCD_EN, BitPos(LCD_EN+0) 
;__Lib_Lcd.c,125 :: 		
0x011C	0xDF7F      	RCALL       _Delay_1us
;__Lib_Lcd.c,126 :: 		
0x011E	0x9084      	BCF         LCD_EN, BitPos(LCD_EN+0) 
;__Lib_Lcd.c,127 :: 		
0x0120	0xDF80      	RCALL       _Delay_5500us
;__Lib_Lcd.c,130 :: 		
0x0122	0x8084      	BSF         LCD_EN, BitPos(LCD_EN+0) 
;__Lib_Lcd.c,131 :: 		
0x0124	0xDF7B      	RCALL       _Delay_1us
;__Lib_Lcd.c,132 :: 		
0x0126	0x9084      	BCF         LCD_EN, BitPos(LCD_EN+0) 
;__Lib_Lcd.c,134 :: 		
0x0128	0x9A81      	BCF         LCD_D5, BitPos(LCD_D5+0) 
;__Lib_Lcd.c,135 :: 		
0x012A	0x8E81      	BSF         LCD_D7, BitPos(LCD_D7+0) 
;__Lib_Lcd.c,136 :: 		
0x012C	0x8084      	BSF         LCD_EN, BitPos(LCD_EN+0) 
;__Lib_Lcd.c,137 :: 		
0x012E	0xDF76      	RCALL       _Delay_1us
;__Lib_Lcd.c,138 :: 		
0x0130	0x9084      	BCF         LCD_EN, BitPos(LCD_EN+0) 
;__Lib_Lcd.c,139 :: 		
0x0132	0xDF77      	RCALL       _Delay_5500us
;__Lib_Lcd.c,142 :: 		
0x0134	0x9E81      	BCF         LCD_D7, BitPos(LCD_D7+0) 
;__Lib_Lcd.c,143 :: 		
0x0136	0x8881      	BSF         LCD_D4, BitPos(LCD_D4+0) 
;__Lib_Lcd.c,144 :: 		
0x0138	0x8084      	BSF         LCD_EN, BitPos(LCD_EN+0) 
;__Lib_Lcd.c,145 :: 		
0x013A	0xDF70      	RCALL       _Delay_1us
;__Lib_Lcd.c,146 :: 		
0x013C	0x9084      	BCF         LCD_EN, BitPos(LCD_EN+0) 
;__Lib_Lcd.c,148 :: 		
0x013E	0x9881      	BCF         LCD_D4, BitPos(LCD_D4+0) 
;__Lib_Lcd.c,149 :: 		
0x0140	0x8084      	BSF         LCD_EN, BitPos(LCD_EN+0) 
;__Lib_Lcd.c,150 :: 		
0x0142	0xDF6C      	RCALL       _Delay_1us
;__Lib_Lcd.c,151 :: 		
0x0144	0x9084      	BCF         LCD_EN, BitPos(LCD_EN+0) 
;__Lib_Lcd.c,152 :: 		
0x0146	0xDF6D      	RCALL       _Delay_5500us
;__Lib_Lcd.c,155 :: 		
0x0148	0x8084      	BSF         LCD_EN, BitPos(LCD_EN+0) 
;__Lib_Lcd.c,156 :: 		
0x014A	0xDF68      	RCALL       _Delay_1us
;__Lib_Lcd.c,157 :: 		
0x014C	0x9084      	BCF         LCD_EN, BitPos(LCD_EN+0) 
;__Lib_Lcd.c,159 :: 		
0x014E	0x8881      	BSF         LCD_D4, BitPos(LCD_D4+0) 
;__Lib_Lcd.c,160 :: 		
0x0150	0x8084      	BSF         LCD_EN, BitPos(LCD_EN+0) 
;__Lib_Lcd.c,161 :: 		
0x0152	0xDF64      	RCALL       _Delay_1us
;__Lib_Lcd.c,162 :: 		
0x0154	0x9084      	BCF         LCD_EN, BitPos(LCD_EN+0) 
;__Lib_Lcd.c,163 :: 		
0x0156	0xDF65      	RCALL       _Delay_5500us
;__Lib_Lcd.c,166 :: 		
0x0158	0x9881      	BCF         LCD_D4, BitPos(LCD_D4+0) 
;__Lib_Lcd.c,167 :: 		
0x015A	0x8084      	BSF         LCD_EN, BitPos(LCD_EN+0) 
;__Lib_Lcd.c,168 :: 		
0x015C	0xDF5F      	RCALL       _Delay_1us
;__Lib_Lcd.c,169 :: 		
0x015E	0x9084      	BCF         LCD_EN, BitPos(LCD_EN+0) 
;__Lib_Lcd.c,171 :: 		
0x0160	0x8E81      	BSF         LCD_D7, BitPos(LCD_D7+0) 
;__Lib_Lcd.c,172 :: 		
0x0162	0x8C81      	BSF         LCD_D6, BitPos(LCD_D6+0) 
;__Lib_Lcd.c,173 :: 		
0x0164	0x8A81      	BSF         LCD_D5, BitPos(LCD_D5+0) 
;__Lib_Lcd.c,174 :: 		
0x0166	0x8881      	BSF         LCD_D4, BitPos(LCD_D4+0) 
;__Lib_Lcd.c,175 :: 		
0x0168	0x8084      	BSF         LCD_EN, BitPos(LCD_EN+0) 
;__Lib_Lcd.c,176 :: 		
0x016A	0xDF58      	RCALL       _Delay_1us
;__Lib_Lcd.c,177 :: 		
0x016C	0x9084      	BCF         LCD_EN, BitPos(LCD_EN+0) 
;__Lib_Lcd.c,179 :: 		
0x016E	0xDF59      	RCALL       _Delay_5500us
;__Lib_Lcd.c,181 :: 		
0x0170	0x0101      	MOVLB       1
0x0172	0x81AA      	BSF         __Lib_Lcd_cmd_status, BitPos(__Lib_Lcd_cmd_status+0), 1
;__Lib_Lcd.c,182 :: 		
L_end_Lcd_Init:
0x0174	0x0012      	RETURN      0
; end of _Lcd_Init
_Lcd_Out:
;__Lib_Lcd.c,184 :: 		
;__Lib_Lcd.c,187 :: 		
0x0176	0xD010      	BRA         L_Lcd_Out11
;__Lib_Lcd.c,188 :: 		
L_Lcd_Out13:
0x0178	0x0E80      	MOVLW       128
0x017A	0x0101      	MOVLB       1
0x017C	0x6FAB      	MOVWF       FARG_Lcd_Out_row, 1
0x017E	0xD01A      	BRA         L_Lcd_Out12
;__Lib_Lcd.c,189 :: 		
L_Lcd_Out14:
0x0180	0x0EC0      	MOVLW       192
0x0182	0x6FAB      	MOVWF       FARG_Lcd_Out_row, 1
0x0184	0xD017      	BRA         L_Lcd_Out12
;__Lib_Lcd.c,190 :: 		
L_Lcd_Out15:
0x0186	0x0E94      	MOVLW       148
0x0188	0x6FAB      	MOVWF       FARG_Lcd_Out_row, 1
0x018A	0xD014      	BRA         L_Lcd_Out12
;__Lib_Lcd.c,191 :: 		
L_Lcd_Out16:
0x018C	0x0ED4      	MOVLW       212
0x018E	0x6FAB      	MOVWF       FARG_Lcd_Out_row, 1
0x0190	0xD011      	BRA         L_Lcd_Out12
;__Lib_Lcd.c,192 :: 		
L_Lcd_Out17:
0x0192	0x0E80      	MOVLW       128
0x0194	0x6FAB      	MOVWF       FARG_Lcd_Out_row, 1
;__Lib_Lcd.c,193 :: 		
0x0196	0xD00E      	BRA         L_Lcd_Out12
L_Lcd_Out11:
0x0198	0x0101      	MOVLB       1
0x019A	0x51AB      	MOVF        FARG_Lcd_Out_row, 0, 1
0x019C	0x0A01      	XORLW       1
0x019E	0xE0EC      	BZ          L_Lcd_Out13
0x01A0	0x51AB      	MOVF        FARG_Lcd_Out_row, 0, 1
0x01A2	0x0A02      	XORLW       2
0x01A4	0xE0ED      	BZ          L_Lcd_Out14
0x01A6	0x51AB      	MOVF        FARG_Lcd_Out_row, 0, 1
0x01A8	0x0A03      	XORLW       3
0x01AA	0xE0ED      	BZ          L_Lcd_Out15
0x01AC	0x51AB      	MOVF        FARG_Lcd_Out_row, 0, 1
0x01AE	0x0A04      	XORLW       4
0x01B0	0xE0ED      	BZ          L_Lcd_Out16
0x01B2	0xD7EF      	BRA         L_Lcd_Out17
L_Lcd_Out12:
;__Lib_Lcd.c,194 :: 		
0x01B4	0x05AC      	DECF        FARG_Lcd_Out_column, 0, 1
0x01B6	0x6E00      	MOVWF       R0 
0x01B8	0x51AB      	MOVF        FARG_Lcd_Out_row, 0, 1
0x01BA	0x2600      	ADDWF       R0, 1 
0x01BC	0xF1ABC000  	MOVFF       R0, FARG_Lcd_Out_row
;__Lib_Lcd.c,196 :: 		
0x01C0	0xF1B1C000  	MOVFF       R0, FARG_Lcd_Cmd_out_char
0x01C4	0xDF3E      	RCALL       _Lcd_Cmd
;__Lib_Lcd.c,197 :: 		
0x01C6	0x91AA      	BCF         __Lib_Lcd_cmd_status, BitPos(__Lib_Lcd_cmd_status+0), 1
;__Lib_Lcd.c,198 :: 		
0x01C8	0x6BAF      	CLRF        Lcd_Out_i_L0, 1
;__Lib_Lcd.c,199 :: 		
L_Lcd_Out18:
0x01CA	0x51AF      	MOVF        Lcd_Out_i_L0, 0, 1
0x01CC	0x25AD      	ADDWF       FARG_Lcd_Out_text, 0, 1
0x01CE	0x6EE9      	MOVWF       FSR0L 
0x01D0	0x0E00      	MOVLW       0
0x01D2	0x21AE      	ADDWFC      FARG_Lcd_Out_text+1, 0, 1
0x01D4	0x6EEA      	MOVWF       FSR0L+1 
0x01D6	0x52EE      	MOVF        POSTINC0, 1 
0x01D8	0xE00B      	BZ          L_Lcd_Out19
;__Lib_Lcd.c,200 :: 		
0x01DA	0x51AF      	MOVF        Lcd_Out_i_L0, 0, 1
0x01DC	0x25AD      	ADDWF       FARG_Lcd_Out_text, 0, 1
0x01DE	0x6EE9      	MOVWF       FSR0L 
0x01E0	0x0E00      	MOVLW       0
0x01E2	0x21AE      	ADDWFC      FARG_Lcd_Out_text+1, 0, 1
0x01E4	0x6EEA      	MOVWF       FSR0L+1 
0x01E6	0xF1B0CFEE  	MOVFF       POSTINC0, FARG_Lcd_Chr_CP_out_char
0x01EA	0xDF6A      	RCALL       _Lcd_Chr_CP
0x01EC	0x2BAF      	INCF        Lcd_Out_i_L0, 1, 1
0x01EE	0xD7ED      	BRA         L_Lcd_Out18
L_Lcd_Out19:
;__Lib_Lcd.c,201 :: 		
0x01F0	0x81AA      	BSF         __Lib_Lcd_cmd_status, BitPos(__Lib_Lcd_cmd_status+0), 1
;__Lib_Lcd.c,202 :: 		
L_end_Lcd_Out:
0x01F2	0x0012      	RETURN      0
; end of _Lcd_Out
_main:
0x01F4	0xF003ECF0  	CALL        2016, 0
;Lab71.c,15 :: 		void main() {
;Lab71.c,17 :: 		ANSELB=0;
0x01F8	0x010F      	MOVLB       15
0x01FA	0x6B39      	CLRF        ANSELB, 1
;Lab71.c,18 :: 		ANSELE=0;
0x01FC	0x6B3C      	CLRF        ANSELE, 1
;Lab71.c,19 :: 		TRISB=0x00;
0x01FE	0x6A93      	CLRF        TRISB 
;Lab71.c,20 :: 		TRISE=0x00;
0x0200	0x6A96      	CLRF        TRISE 
;Lab71.c,21 :: 		PORTB=0x00;
0x0202	0x6A81      	CLRF        PORTB 
;Lab71.c,22 :: 		PORTE=0x00;
0x0204	0x6A84      	CLRF        PORTE 
;Lab71.c,24 :: 		Lcd_Init();                       // Initialize LCD
0x0206	0xDF6B      	RCALL       _Lcd_Init
;Lab71.c,25 :: 		turhan:                           // After the code finish, it will come here
___main_turhan:
;Lab71.c,26 :: 		Lcd_Cmd(_LCD_CLEAR);              // Clear display
0x0208	0x0E01      	MOVLW       1
0x020A	0x6FB1      	MOVWF       FARG_Lcd_Cmd_out_char, 1
0x020C	0xDF1A      	RCALL       _Lcd_Cmd
;Lab71.c,27 :: 		Lcd_Cmd(_LCD_CURSOR_OFF);         // Cursor off
0x020E	0x0E0C      	MOVLW       12
0x0210	0x6FB1      	MOVWF       FARG_Lcd_Cmd_out_char, 1
0x0212	0xDF17      	RCALL       _Lcd_Cmd
;Lab71.c,28 :: 		Lcd_Out(1,1,"TurhanCan Kargin");  // Write text in first row
0x0214	0x0E01      	MOVLW       1
0x0216	0x6FAB      	MOVWF       FARG_Lcd_Out_row, 1
0x0218	0x0E01      	MOVLW       1
0x021A	0x6FAC      	MOVWF       FARG_Lcd_Out_column, 1
0x021C	0x0E9C      	MOVLW       ?lstr1_Lab71
0x021E	0x6FAD      	MOVWF       FARG_Lcd_Out_text, 1
0x0220	0x0E00      	MOVLW       hi_addr(?lstr1_Lab71)
0x0222	0x6FAE      	MOVWF       FARG_Lcd_Out_text+1, 1
0x0224	0xDFA8      	RCALL       _Lcd_Out
;Lab71.c,29 :: 		Lcd_Out(2,8,"150403005");         // Write text in second row
0x0226	0x0E02      	MOVLW       2
0x0228	0x6FAB      	MOVWF       FARG_Lcd_Out_row, 1
0x022A	0x0E08      	MOVLW       8
0x022C	0x6FAC      	MOVWF       FARG_Lcd_Out_column, 1
0x022E	0x0E92      	MOVLW       ?lstr2_Lab71
0x0230	0x6FAD      	MOVWF       FARG_Lcd_Out_text, 1
0x0232	0x0E00      	MOVLW       hi_addr(?lstr2_Lab71)
0x0234	0x6FAE      	MOVWF       FARG_Lcd_Out_text+1, 1
0x0236	0xDF9F      	RCALL       _Lcd_Out
;Lab71.c,30 :: 		Delay_ms(1000);
0x0238	0x0E0B      	MOVLW       11
0x023A	0x6E0B      	MOVWF       R11, 0
0x023C	0x0E26      	MOVLW       38
0x023E	0x6E0C      	MOVWF       R12, 0
0x0240	0x0E5D      	MOVLW       93
0x0242	0x6E0D      	MOVWF       R13, 0
L_main0:
0x0244	0x2E0D      	DECFSZ      R13, 1, 0
0x0246	0xD7FE      	BRA         L_main0
0x0248	0x2E0C      	DECFSZ      R12, 1, 0
0x024A	0xD7FC      	BRA         L_main0
0x024C	0x2E0B      	DECFSZ      R11, 1, 0
0x024E	0xD7FA      	BRA         L_main0
0x0250	0x0000      	NOP
0x0252	0x0000      	NOP
;Lab71.c,32 :: 		Lcd_Cmd(_LCD_CLEAR);
0x0254	0x0E01      	MOVLW       1
0x0256	0x6FB1      	MOVWF       FARG_Lcd_Cmd_out_char, 1
0x0258	0xDEF4      	RCALL       _Lcd_Cmd
;Lab71.c,33 :: 		Lcd_Out(1,2,"TurhanCan Kargin");
0x025A	0x0E01      	MOVLW       1
0x025C	0x6FAB      	MOVWF       FARG_Lcd_Out_row, 1
0x025E	0x0E02      	MOVLW       2
0x0260	0x6FAC      	MOVWF       FARG_Lcd_Out_column, 1
0x0262	0x0E81      	MOVLW       ?lstr3_Lab71
0x0264	0x6FAD      	MOVWF       FARG_Lcd_Out_text, 1
0x0266	0x0E00      	MOVLW       hi_addr(?lstr3_Lab71)
0x0268	0x6FAE      	MOVWF       FARG_Lcd_Out_text+1, 1
0x026A	0xDF85      	RCALL       _Lcd_Out
;Lab71.c,34 :: 		Lcd_Out(2,7,"150403005");
0x026C	0x0E02      	MOVLW       2
0x026E	0x6FAB      	MOVWF       FARG_Lcd_Out_row, 1
0x0270	0x0E07      	MOVLW       7
0x0272	0x6FAC      	MOVWF       FARG_Lcd_Out_column, 1
0x0274	0x0EAD      	MOVLW       ?lstr4_Lab71
0x0276	0x6FAD      	MOVWF       FARG_Lcd_Out_text, 1
0x0278	0x0E00      	MOVLW       hi_addr(?lstr4_Lab71)
0x027A	0x6FAE      	MOVWF       FARG_Lcd_Out_text+1, 1
0x027C	0xDF7C      	RCALL       _Lcd_Out
;Lab71.c,35 :: 		Delay_ms(250);
0x027E	0x0E03      	MOVLW       3
0x0280	0x6E0B      	MOVWF       R11, 0
0x0282	0x0E8A      	MOVLW       138
0x0284	0x6E0C      	MOVWF       R12, 0
0x0286	0x0E55      	MOVLW       85
0x0288	0x6E0D      	MOVWF       R13, 0
L_main1:
0x028A	0x2E0D      	DECFSZ      R13, 1, 0
0x028C	0xD7FE      	BRA         L_main1
0x028E	0x2E0C      	DECFSZ      R12, 1, 0
0x0290	0xD7FC      	BRA         L_main1
0x0292	0x2E0B      	DECFSZ      R11, 1, 0
0x0294	0xD7FA      	BRA         L_main1
0x0296	0x0000      	NOP
0x0298	0x0000      	NOP
;Lab71.c,36 :: 		Lcd_Cmd(_LCD_CLEAR);
0x029A	0x0E01      	MOVLW       1
0x029C	0x6FB1      	MOVWF       FARG_Lcd_Cmd_out_char, 1
0x029E	0xDED1      	RCALL       _Lcd_Cmd
;Lab71.c,37 :: 		Lcd_Out(1,3,"TurhanCan Kargin");
0x02A0	0x0E01      	MOVLW       1
0x02A2	0x6FAB      	MOVWF       FARG_Lcd_Out_row, 1
0x02A4	0x0E03      	MOVLW       3
0x02A6	0x6FAC      	MOVWF       FARG_Lcd_Out_column, 1
0x02A8	0x0ED2      	MOVLW       ?lstr5_Lab71
0x02AA	0x6FAD      	MOVWF       FARG_Lcd_Out_text, 1
0x02AC	0x0E00      	MOVLW       hi_addr(?lstr5_Lab71)
0x02AE	0x6FAE      	MOVWF       FARG_Lcd_Out_text+1, 1
0x02B0	0xDF62      	RCALL       _Lcd_Out
;Lab71.c,38 :: 		Lcd_Out(2,6,"150403005");
0x02B2	0x0E02      	MOVLW       2
0x02B4	0x6FAB      	MOVWF       FARG_Lcd_Out_row, 1
0x02B6	0x0E06      	MOVLW       6
0x02B8	0x6FAC      	MOVWF       FARG_Lcd_Out_column, 1
0x02BA	0x0EC8      	MOVLW       ?lstr6_Lab71
0x02BC	0x6FAD      	MOVWF       FARG_Lcd_Out_text, 1
0x02BE	0x0E00      	MOVLW       hi_addr(?lstr6_Lab71)
0x02C0	0x6FAE      	MOVWF       FARG_Lcd_Out_text+1, 1
0x02C2	0xDF59      	RCALL       _Lcd_Out
;Lab71.c,39 :: 		Delay_ms(250);
0x02C4	0x0E03      	MOVLW       3
0x02C6	0x6E0B      	MOVWF       R11, 0
0x02C8	0x0E8A      	MOVLW       138
0x02CA	0x6E0C      	MOVWF       R12, 0
0x02CC	0x0E55      	MOVLW       85
0x02CE	0x6E0D      	MOVWF       R13, 0
L_main2:
0x02D0	0x2E0D      	DECFSZ      R13, 1, 0
0x02D2	0xD7FE      	BRA         L_main2
0x02D4	0x2E0C      	DECFSZ      R12, 1, 0
0x02D6	0xD7FC      	BRA         L_main2
0x02D8	0x2E0B      	DECFSZ      R11, 1, 0
0x02DA	0xD7FA      	BRA         L_main2
0x02DC	0x0000      	NOP
0x02DE	0x0000      	NOP
;Lab71.c,40 :: 		Lcd_Cmd(_LCD_CLEAR);
0x02E0	0x0E01      	MOVLW       1
0x02E2	0x6FB1      	MOVWF       FARG_Lcd_Cmd_out_char, 1
0x02E4	0xDEAE      	RCALL       _Lcd_Cmd
;Lab71.c,41 :: 		Lcd_Out(1,4,"TurhanCan Kargin");
0x02E6	0x0E01      	MOVLW       1
0x02E8	0x6FAB      	MOVWF       FARG_Lcd_Out_row, 1
0x02EA	0x0E04      	MOVLW       4
0x02EC	0x6FAC      	MOVWF       FARG_Lcd_Out_column, 1
0x02EE	0x0EB7      	MOVLW       ?lstr7_Lab71
0x02F0	0x6FAD      	MOVWF       FARG_Lcd_Out_text, 1
0x02F2	0x0E00      	MOVLW       hi_addr(?lstr7_Lab71)
0x02F4	0x6FAE      	MOVWF       FARG_Lcd_Out_text+1, 1
0x02F6	0xDF3F      	RCALL       _Lcd_Out
;Lab71.c,42 :: 		Lcd_Out(2,5,"150403005");
0x02F8	0x0E02      	MOVLW       2
0x02FA	0x6FAB      	MOVWF       FARG_Lcd_Out_row, 1
0x02FC	0x0E05      	MOVLW       5
0x02FE	0x6FAC      	MOVWF       FARG_Lcd_Out_column, 1
0x0300	0x0E77      	MOVLW       ?lstr8_Lab71
0x0302	0x6FAD      	MOVWF       FARG_Lcd_Out_text, 1
0x0304	0x0E00      	MOVLW       hi_addr(?lstr8_Lab71)
0x0306	0x6FAE      	MOVWF       FARG_Lcd_Out_text+1, 1
0x0308	0xDF36      	RCALL       _Lcd_Out
;Lab71.c,43 :: 		Delay_ms(250);
0x030A	0x0E03      	MOVLW       3
0x030C	0x6E0B      	MOVWF       R11, 0
0x030E	0x0E8A      	MOVLW       138
0x0310	0x6E0C      	MOVWF       R12, 0
0x0312	0x0E55      	MOVLW       85
0x0314	0x6E0D      	MOVWF       R13, 0
L_main3:
0x0316	0x2E0D      	DECFSZ      R13, 1, 0
0x0318	0xD7FE      	BRA         L_main3
0x031A	0x2E0C      	DECFSZ      R12, 1, 0
0x031C	0xD7FC      	BRA         L_main3
0x031E	0x2E0B      	DECFSZ      R11, 1, 0
0x0320	0xD7FA      	BRA         L_main3
0x0322	0x0000      	NOP
0x0324	0x0000      	NOP
;Lab71.c,44 :: 		Lcd_Cmd(_LCD_CLEAR);
0x0326	0x0E01      	MOVLW       1
0x0328	0x6FB1      	MOVWF       FARG_Lcd_Cmd_out_char, 1
0x032A	0xDE8B      	RCALL       _Lcd_Cmd
;Lab71.c,45 :: 		Lcd_Out(1,5,"TurhanCan Kargin");
0x032C	0x0E01      	MOVLW       1
0x032E	0x6FAB      	MOVWF       FARG_Lcd_Out_row, 1
0x0330	0x0E05      	MOVLW       5
0x0332	0x6FAC      	MOVWF       FARG_Lcd_Out_column, 1
0x0334	0x0E30      	MOVLW       ?lstr9_Lab71
0x0336	0x6FAD      	MOVWF       FARG_Lcd_Out_text, 1
0x0338	0x0E00      	MOVLW       hi_addr(?lstr9_Lab71)
0x033A	0x6FAE      	MOVWF       FARG_Lcd_Out_text+1, 1
0x033C	0xDF1C      	RCALL       _Lcd_Out
;Lab71.c,46 :: 		Lcd_Out(2,4,"150403005");
0x033E	0x0E02      	MOVLW       2
0x0340	0x6FAB      	MOVWF       FARG_Lcd_Out_row, 1
0x0342	0x0E04      	MOVLW       4
0x0344	0x6FAC      	MOVWF       FARG_Lcd_Out_column, 1
0x0346	0x0E26      	MOVLW       ?lstr10_Lab71
0x0348	0x6FAD      	MOVWF       FARG_Lcd_Out_text, 1
0x034A	0x0E00      	MOVLW       hi_addr(?lstr10_Lab71)
0x034C	0x6FAE      	MOVWF       FARG_Lcd_Out_text+1, 1
0x034E	0xDF13      	RCALL       _Lcd_Out
;Lab71.c,47 :: 		Delay_ms(250);
0x0350	0x0E03      	MOVLW       3
0x0352	0x6E0B      	MOVWF       R11, 0
0x0354	0x0E8A      	MOVLW       138
0x0356	0x6E0C      	MOVWF       R12, 0
0x0358	0x0E55      	MOVLW       85
0x035A	0x6E0D      	MOVWF       R13, 0
L_main4:
0x035C	0x2E0D      	DECFSZ      R13, 1, 0
0x035E	0xD7FE      	BRA         L_main4
0x0360	0x2E0C      	DECFSZ      R12, 1, 0
0x0362	0xD7FC      	BRA         L_main4
0x0364	0x2E0B      	DECFSZ      R11, 1, 0
0x0366	0xD7FA      	BRA         L_main4
0x0368	0x0000      	NOP
0x036A	0x0000      	NOP
;Lab71.c,48 :: 		Lcd_Cmd(_LCD_CLEAR);
0x036C	0x0E01      	MOVLW       1
0x036E	0x6FB1      	MOVWF       FARG_Lcd_Cmd_out_char, 1
0x0370	0xDE68      	RCALL       _Lcd_Cmd
;Lab71.c,49 :: 		Lcd_Out(1,6,"TurhanCan Kargin");
0x0372	0x0E01      	MOVLW       1
0x0374	0x6FAB      	MOVWF       FARG_Lcd_Out_row, 1
0x0376	0x0E06      	MOVLW       6
0x0378	0x6FAC      	MOVWF       FARG_Lcd_Out_column, 1
0x037A	0x0E15      	MOVLW       ?lstr11_Lab71
0x037C	0x6FAD      	MOVWF       FARG_Lcd_Out_text, 1
0x037E	0x0E00      	MOVLW       hi_addr(?lstr11_Lab71)
0x0380	0x6FAE      	MOVWF       FARG_Lcd_Out_text+1, 1
0x0382	0xDEF9      	RCALL       _Lcd_Out
;Lab71.c,50 :: 		Lcd_Out(2,3,"150403005");
0x0384	0x0E02      	MOVLW       2
0x0386	0x6FAB      	MOVWF       FARG_Lcd_Out_row, 1
0x0388	0x0E03      	MOVLW       3
0x038A	0x6FAC      	MOVWF       FARG_Lcd_Out_column, 1
0x038C	0x0E41      	MOVLW       ?lstr12_Lab71
0x038E	0x6FAD      	MOVWF       FARG_Lcd_Out_text, 1
0x0390	0x0E00      	MOVLW       hi_addr(?lstr12_Lab71)
0x0392	0x6FAE      	MOVWF       FARG_Lcd_Out_text+1, 1
0x0394	0xDEF0      	RCALL       _Lcd_Out
;Lab71.c,51 :: 		Delay_ms(250);
0x0396	0x0E03      	MOVLW       3
0x0398	0x6E0B      	MOVWF       R11, 0
0x039A	0x0E8A      	MOVLW       138
0x039C	0x6E0C      	MOVWF       R12, 0
0x039E	0x0E55      	MOVLW       85
0x03A0	0x6E0D      	MOVWF       R13, 0
L_main5:
0x03A2	0x2E0D      	DECFSZ      R13, 1, 0
0x03A4	0xD7FE      	BRA         L_main5
0x03A6	0x2E0C      	DECFSZ      R12, 1, 0
0x03A8	0xD7FC      	BRA         L_main5
0x03AA	0x2E0B      	DECFSZ      R11, 1, 0
0x03AC	0xD7FA      	BRA         L_main5
0x03AE	0x0000      	NOP
0x03B0	0x0000      	NOP
;Lab71.c,52 :: 		Lcd_Cmd(_LCD_CLEAR);
0x03B2	0x0E01      	MOVLW       1
0x03B4	0x6FB1      	MOVWF       FARG_Lcd_Cmd_out_char, 1
0x03B6	0xDE45      	RCALL       _Lcd_Cmd
;Lab71.c,53 :: 		Lcd_Out(1,7,"TurhanCan Kargin");
0x03B8	0x0E01      	MOVLW       1
0x03BA	0x6FAB      	MOVWF       FARG_Lcd_Out_row, 1
0x03BC	0x0E07      	MOVLW       7
0x03BE	0x6FAC      	MOVWF       FARG_Lcd_Out_column, 1
0x03C0	0x0E66      	MOVLW       ?lstr13_Lab71
0x03C2	0x6FAD      	MOVWF       FARG_Lcd_Out_text, 1
0x03C4	0x0E00      	MOVLW       hi_addr(?lstr13_Lab71)
0x03C6	0x6FAE      	MOVWF       FARG_Lcd_Out_text+1, 1
0x03C8	0xDED6      	RCALL       _Lcd_Out
;Lab71.c,54 :: 		Lcd_Out(2,2,"150403005");
0x03CA	0x0E02      	MOVLW       2
0x03CC	0x6FAB      	MOVWF       FARG_Lcd_Out_row, 1
0x03CE	0x0E02      	MOVLW       2
0x03D0	0x6FAC      	MOVWF       FARG_Lcd_Out_column, 1
0x03D2	0x0E5C      	MOVLW       ?lstr14_Lab71
0x03D4	0x6FAD      	MOVWF       FARG_Lcd_Out_text, 1
0x03D6	0x0E00      	MOVLW       hi_addr(?lstr14_Lab71)
0x03D8	0x6FAE      	MOVWF       FARG_Lcd_Out_text+1, 1
0x03DA	0xDECD      	RCALL       _Lcd_Out
;Lab71.c,55 :: 		Delay_ms(250);
0x03DC	0x0E03      	MOVLW       3
0x03DE	0x6E0B      	MOVWF       R11, 0
0x03E0	0x0E8A      	MOVLW       138
0x03E2	0x6E0C      	MOVWF       R12, 0
0x03E4	0x0E55      	MOVLW       85
0x03E6	0x6E0D      	MOVWF       R13, 0
L_main6:
0x03E8	0x2E0D      	DECFSZ      R13, 1, 0
0x03EA	0xD7FE      	BRA         L_main6
0x03EC	0x2E0C      	DECFSZ      R12, 1, 0
0x03EE	0xD7FC      	BRA         L_main6
0x03F0	0x2E0B      	DECFSZ      R11, 1, 0
0x03F2	0xD7FA      	BRA         L_main6
0x03F4	0x0000      	NOP
0x03F6	0x0000      	NOP
;Lab71.c,56 :: 		Lcd_Cmd(_LCD_CLEAR);
0x03F8	0x0E01      	MOVLW       1
0x03FA	0x6FB1      	MOVWF       FARG_Lcd_Cmd_out_char, 1
0x03FC	0xDE22      	RCALL       _Lcd_Cmd
;Lab71.c,57 :: 		Lcd_Out(1,8,"TurhanCan Kargin");
0x03FE	0x0E01      	MOVLW       1
0x0400	0x6FAB      	MOVWF       FARG_Lcd_Out_row, 1
0x0402	0x0E08      	MOVLW       8
0x0404	0x6FAC      	MOVWF       FARG_Lcd_Out_column, 1
0x0406	0x0E4B      	MOVLW       ?lstr15_Lab71
0x0408	0x6FAD      	MOVWF       FARG_Lcd_Out_text, 1
0x040A	0x0E00      	MOVLW       hi_addr(?lstr15_Lab71)
0x040C	0x6FAE      	MOVWF       FARG_Lcd_Out_text+1, 1
0x040E	0xDEB3      	RCALL       _Lcd_Out
;Lab71.c,58 :: 		Lcd_Out(2,1,"150403005");
0x0410	0x0E02      	MOVLW       2
0x0412	0x6FAB      	MOVWF       FARG_Lcd_Out_row, 1
0x0414	0x0E01      	MOVLW       1
0x0416	0x6FAC      	MOVWF       FARG_Lcd_Out_column, 1
0x0418	0x0EE3      	MOVLW       ?lstr16_Lab71
0x041A	0x6FAD      	MOVWF       FARG_Lcd_Out_text, 1
0x041C	0x0E00      	MOVLW       hi_addr(?lstr16_Lab71)
0x041E	0x6FAE      	MOVWF       FARG_Lcd_Out_text+1, 1
0x0420	0xDEAA      	RCALL       _Lcd_Out
;Lab71.c,59 :: 		Delay_ms(250);
0x0422	0x0E03      	MOVLW       3
0x0424	0x6E0B      	MOVWF       R11, 0
0x0426	0x0E8A      	MOVLW       138
0x0428	0x6E0C      	MOVWF       R12, 0
0x042A	0x0E55      	MOVLW       85
0x042C	0x6E0D      	MOVWF       R13, 0
L_main7:
0x042E	0x2E0D      	DECFSZ      R13, 1, 0
0x0430	0xD7FE      	BRA         L_main7
0x0432	0x2E0C      	DECFSZ      R12, 1, 0
0x0434	0xD7FC      	BRA         L_main7
0x0436	0x2E0B      	DECFSZ      R11, 1, 0
0x0438	0xD7FA      	BRA         L_main7
0x043A	0x0000      	NOP
0x043C	0x0000      	NOP
;Lab71.c,60 :: 		Lcd_Cmd(_LCD_CLEAR);
0x043E	0x0E01      	MOVLW       1
0x0440	0x6FB1      	MOVWF       FARG_Lcd_Cmd_out_char, 1
0x0442	0xDDFF      	RCALL       _Lcd_Cmd
;Lab71.c,61 :: 		Lcd_Out(1,9,"TurhanCan Kargin");
0x0444	0x0E01      	MOVLW       1
0x0446	0x6FAB      	MOVWF       FARG_Lcd_Out_row, 1
0x0448	0x0E09      	MOVLW       9
0x044A	0x6FAC      	MOVWF       FARG_Lcd_Out_column, 1
0x044C	0x0E74      	MOVLW       ?lstr17_Lab71
0x044E	0x6FAD      	MOVWF       FARG_Lcd_Out_text, 1
0x0450	0x0E01      	MOVLW       hi_addr(?lstr17_Lab71)
0x0452	0x6FAE      	MOVWF       FARG_Lcd_Out_text+1, 1
0x0454	0xDE90      	RCALL       _Lcd_Out
;Lab71.c,62 :: 		Lcd_Out(2,0,"150403005");
0x0456	0x0E02      	MOVLW       2
0x0458	0x6FAB      	MOVWF       FARG_Lcd_Out_row, 1
0x045A	0x6BAC      	CLRF        FARG_Lcd_Out_column, 1
0x045C	0x0E85      	MOVLW       ?lstr18_Lab71
0x045E	0x6FAD      	MOVWF       FARG_Lcd_Out_text, 1
0x0460	0x0E01      	MOVLW       hi_addr(?lstr18_Lab71)
0x0462	0x6FAE      	MOVWF       FARG_Lcd_Out_text+1, 1
0x0464	0xDE88      	RCALL       _Lcd_Out
;Lab71.c,63 :: 		Delay_ms(250);
0x0466	0x0E03      	MOVLW       3
0x0468	0x6E0B      	MOVWF       R11, 0
0x046A	0x0E8A      	MOVLW       138
0x046C	0x6E0C      	MOVWF       R12, 0
0x046E	0x0E55      	MOVLW       85
0x0470	0x6E0D      	MOVWF       R13, 0
L_main8:
0x0472	0x2E0D      	DECFSZ      R13, 1, 0
0x0474	0xD7FE      	BRA         L_main8
0x0476	0x2E0C      	DECFSZ      R12, 1, 0
0x0478	0xD7FC      	BRA         L_main8
0x047A	0x2E0B      	DECFSZ      R11, 1, 0
0x047C	0xD7FA      	BRA         L_main8
0x047E	0x0000      	NOP
0x0480	0x0000      	NOP
;Lab71.c,64 :: 		Lcd_Cmd(_LCD_CLEAR);
0x0482	0x0E01      	MOVLW       1
0x0484	0x6FB1      	MOVWF       FARG_Lcd_Cmd_out_char, 1
0x0486	0xDDDD      	RCALL       _Lcd_Cmd
;Lab71.c,65 :: 		Lcd_Out(1,10,"TurhanCan Kargin");
0x0488	0x0E01      	MOVLW       1
0x048A	0x6FAB      	MOVWF       FARG_Lcd_Out_row, 1
0x048C	0x0E0A      	MOVLW       10
0x048E	0x6FAC      	MOVWF       FARG_Lcd_Out_column, 1
0x0490	0x0E59      	MOVLW       ?lstr19_Lab71
0x0492	0x6FAD      	MOVWF       FARG_Lcd_Out_text, 1
0x0494	0x0E01      	MOVLW       hi_addr(?lstr19_Lab71)
0x0496	0x6FAE      	MOVWF       FARG_Lcd_Out_text+1, 1
0x0498	0xDE6E      	RCALL       _Lcd_Out
;Lab71.c,66 :: 		Lcd_Out(2,-1,"150403005");
0x049A	0x0E02      	MOVLW       2
0x049C	0x6FAB      	MOVWF       FARG_Lcd_Out_row, 1
0x049E	0x0EFF      	MOVLW       255
0x04A0	0x6FAC      	MOVWF       FARG_Lcd_Out_column, 1
0x04A2	0x0E6A      	MOVLW       ?lstr20_Lab71
0x04A4	0x6FAD      	MOVWF       FARG_Lcd_Out_text, 1
0x04A6	0x0E01      	MOVLW       hi_addr(?lstr20_Lab71)
0x04A8	0x6FAE      	MOVWF       FARG_Lcd_Out_text+1, 1
0x04AA	0xDE65      	RCALL       _Lcd_Out
;Lab71.c,67 :: 		Delay_ms(250);
0x04AC	0x0E03      	MOVLW       3
0x04AE	0x6E0B      	MOVWF       R11, 0
0x04B0	0x0E8A      	MOVLW       138
0x04B2	0x6E0C      	MOVWF       R12, 0
0x04B4	0x0E55      	MOVLW       85
0x04B6	0x6E0D      	MOVWF       R13, 0
L_main9:
0x04B8	0x2E0D      	DECFSZ      R13, 1, 0
0x04BA	0xD7FE      	BRA         L_main9
0x04BC	0x2E0C      	DECFSZ      R12, 1, 0
0x04BE	0xD7FC      	BRA         L_main9
0x04C0	0x2E0B      	DECFSZ      R11, 1, 0
0x04C2	0xD7FA      	BRA         L_main9
0x04C4	0x0000      	NOP
0x04C6	0x0000      	NOP
;Lab71.c,68 :: 		Lcd_Cmd(_LCD_CLEAR);
0x04C8	0x0E01      	MOVLW       1
0x04CA	0x6FB1      	MOVWF       FARG_Lcd_Cmd_out_char, 1
0x04CC	0xDDBA      	RCALL       _Lcd_Cmd
;Lab71.c,69 :: 		Lcd_Out(1,11,"TurhanCan Kargin");
0x04CE	0x0E01      	MOVLW       1
0x04D0	0x6FAB      	MOVWF       FARG_Lcd_Out_row, 1
0x04D2	0x0E0B      	MOVLW       11
0x04D4	0x6FAC      	MOVWF       FARG_Lcd_Out_column, 1
0x04D6	0x0E8F      	MOVLW       ?lstr21_Lab71
0x04D8	0x6FAD      	MOVWF       FARG_Lcd_Out_text, 1
0x04DA	0x0E01      	MOVLW       hi_addr(?lstr21_Lab71)
0x04DC	0x6FAE      	MOVWF       FARG_Lcd_Out_text+1, 1
0x04DE	0xDE4B      	RCALL       _Lcd_Out
;Lab71.c,70 :: 		Lcd_Out(2,-2,"150403005");
0x04E0	0x0E02      	MOVLW       2
0x04E2	0x6FAB      	MOVWF       FARG_Lcd_Out_row, 1
0x04E4	0x0EFE      	MOVLW       254
0x04E6	0x6FAC      	MOVWF       FARG_Lcd_Out_column, 1
0x04E8	0x0EA0      	MOVLW       ?lstr22_Lab71
0x04EA	0x6FAD      	MOVWF       FARG_Lcd_Out_text, 1
0x04EC	0x0E01      	MOVLW       hi_addr(?lstr22_Lab71)
0x04EE	0x6FAE      	MOVWF       FARG_Lcd_Out_text+1, 1
0x04F0	0xDE42      	RCALL       _Lcd_Out
;Lab71.c,71 :: 		Delay_ms(5000);
0x04F2	0x0E33      	MOVLW       51
0x04F4	0x6E0B      	MOVWF       R11, 0
0x04F6	0x0EBB      	MOVLW       187
0x04F8	0x6E0C      	MOVWF       R12, 0
0x04FA	0x0EDF      	MOVLW       223
0x04FC	0x6E0D      	MOVWF       R13, 0
L_main10:
0x04FE	0x2E0D      	DECFSZ      R13, 1, 0
0x0500	0xD7FE      	BRA         L_main10
0x0502	0x2E0C      	DECFSZ      R12, 1, 0
0x0504	0xD7FC      	BRA         L_main10
0x0506	0x2E0B      	DECFSZ      R11, 1, 0
0x0508	0xD7FA      	BRA         L_main10
0x050A	0x0000      	NOP
0x050C	0x0000      	NOP
;Lab71.c,72 :: 		Lcd_Cmd(_LCD_CLEAR);
0x050E	0x0E01      	MOVLW       1
0x0510	0x6FB1      	MOVWF       FARG_Lcd_Cmd_out_char, 1
0x0512	0xDD97      	RCALL       _Lcd_Cmd
;Lab71.c,73 :: 		Lcd_Out(1,10,"TurhanCan Kargin");
0x0514	0x0E01      	MOVLW       1
0x0516	0x6FAB      	MOVWF       FARG_Lcd_Out_row, 1
0x0518	0x0E0A      	MOVLW       10
0x051A	0x6FAC      	MOVWF       FARG_Lcd_Out_column, 1
0x051C	0x0E08      	MOVLW       ?lstr23_Lab71
0x051E	0x6FAD      	MOVWF       FARG_Lcd_Out_text, 1
0x0520	0x0E01      	MOVLW       hi_addr(?lstr23_Lab71)
0x0522	0x6FAE      	MOVWF       FARG_Lcd_Out_text+1, 1
0x0524	0xDE28      	RCALL       _Lcd_Out
;Lab71.c,74 :: 		Lcd_Out(2,-1,"150403005");
0x0526	0x0E02      	MOVLW       2
0x0528	0x6FAB      	MOVWF       FARG_Lcd_Out_row, 1
0x052A	0x0EFF      	MOVLW       255
0x052C	0x6FAC      	MOVWF       FARG_Lcd_Out_column, 1
0x052E	0x0E19      	MOVLW       ?lstr24_Lab71
0x0530	0x6FAD      	MOVWF       FARG_Lcd_Out_text, 1
0x0532	0x0E01      	MOVLW       hi_addr(?lstr24_Lab71)
0x0534	0x6FAE      	MOVWF       FARG_Lcd_Out_text+1, 1
0x0536	0xDE1F      	RCALL       _Lcd_Out
;Lab71.c,75 :: 		Delay_ms(500);
0x0538	0x0E06      	MOVLW       6
0x053A	0x6E0B      	MOVWF       R11, 0
0x053C	0x0E13      	MOVLW       19
0x053E	0x6E0C      	MOVWF       R12, 0
0x0540	0x0EAD      	MOVLW       173
0x0542	0x6E0D      	MOVWF       R13, 0
L_main11:
0x0544	0x2E0D      	DECFSZ      R13, 1, 0
0x0546	0xD7FE      	BRA         L_main11
0x0548	0x2E0C      	DECFSZ      R12, 1, 0
0x054A	0xD7FC      	BRA         L_main11
0x054C	0x2E0B      	DECFSZ      R11, 1, 0
0x054E	0xD7FA      	BRA         L_main11
0x0550	0x0000      	NOP
0x0552	0x0000      	NOP
;Lab71.c,76 :: 		Lcd_Cmd(_LCD_CLEAR);
0x0554	0x0E01      	MOVLW       1
0x0556	0x6FB1      	MOVWF       FARG_Lcd_Cmd_out_char, 1
0x0558	0xDD74      	RCALL       _Lcd_Cmd
;Lab71.c,77 :: 		Lcd_Out(1,9,"TurhanCan Kargin");
0x055A	0x0E01      	MOVLW       1
0x055C	0x6FAB      	MOVWF       FARG_Lcd_Out_row, 1
0x055E	0x0E09      	MOVLW       9
0x0560	0x6FAC      	MOVWF       FARG_Lcd_Out_column, 1
0x0562	0x0EED      	MOVLW       ?lstr25_Lab71
0x0564	0x6FAD      	MOVWF       FARG_Lcd_Out_text, 1
0x0566	0x0E00      	MOVLW       hi_addr(?lstr25_Lab71)
0x0568	0x6FAE      	MOVWF       FARG_Lcd_Out_text+1, 1
0x056A	0xDE05      	RCALL       _Lcd_Out
;Lab71.c,78 :: 		Lcd_Out(2,0,"150403005");
0x056C	0x0E02      	MOVLW       2
0x056E	0x6FAB      	MOVWF       FARG_Lcd_Out_row, 1
0x0570	0x6BAC      	CLRF        FARG_Lcd_Out_column, 1
0x0572	0x0EFE      	MOVLW       ?lstr26_Lab71
0x0574	0x6FAD      	MOVWF       FARG_Lcd_Out_text, 1
0x0576	0x0E00      	MOVLW       hi_addr(?lstr26_Lab71)
0x0578	0x6FAE      	MOVWF       FARG_Lcd_Out_text+1, 1
0x057A	0xDDFD      	RCALL       _Lcd_Out
;Lab71.c,79 :: 		Delay_ms(500);
0x057C	0x0E06      	MOVLW       6
0x057E	0x6E0B      	MOVWF       R11, 0
0x0580	0x0E13      	MOVLW       19
0x0582	0x6E0C      	MOVWF       R12, 0
0x0584	0x0EAD      	MOVLW       173
0x0586	0x6E0D      	MOVWF       R13, 0
L_main12:
0x0588	0x2E0D      	DECFSZ      R13, 1, 0
0x058A	0xD7FE      	BRA         L_main12
0x058C	0x2E0C      	DECFSZ      R12, 1, 0
0x058E	0xD7FC      	BRA         L_main12
0x0590	0x2E0B      	DECFSZ      R11, 1, 0
0x0592	0xD7FA      	BRA         L_main12
0x0594	0x0000      	NOP
0x0596	0x0000      	NOP
;Lab71.c,80 :: 		Lcd_Cmd(_LCD_CLEAR);
0x0598	0x0E01      	MOVLW       1
0x059A	0x6FB1      	MOVWF       FARG_Lcd_Cmd_out_char, 1
0x059C	0xDD52      	RCALL       _Lcd_Cmd
;Lab71.c,81 :: 		Lcd_Out(1,8,"TurhanCan Kargin");
0x059E	0x0E01      	MOVLW       1
0x05A0	0x6FAB      	MOVWF       FARG_Lcd_Out_row, 1
0x05A2	0x0E08      	MOVLW       8
0x05A4	0x6FAC      	MOVWF       FARG_Lcd_Out_column, 1
0x05A6	0x0E23      	MOVLW       ?lstr27_Lab71
0x05A8	0x6FAD      	MOVWF       FARG_Lcd_Out_text, 1
0x05AA	0x0E01      	MOVLW       hi_addr(?lstr27_Lab71)
0x05AC	0x6FAE      	MOVWF       FARG_Lcd_Out_text+1, 1
0x05AE	0xDDE3      	RCALL       _Lcd_Out
;Lab71.c,82 :: 		Lcd_Out(2,1,"150403005");
0x05B0	0x0E02      	MOVLW       2
0x05B2	0x6FAB      	MOVWF       FARG_Lcd_Out_row, 1
0x05B4	0x0E01      	MOVLW       1
0x05B6	0x6FAC      	MOVWF       FARG_Lcd_Out_column, 1
0x05B8	0x0E3E      	MOVLW       ?lstr28_Lab71
0x05BA	0x6FAD      	MOVWF       FARG_Lcd_Out_text, 1
0x05BC	0x0E01      	MOVLW       hi_addr(?lstr28_Lab71)
0x05BE	0x6FAE      	MOVWF       FARG_Lcd_Out_text+1, 1
0x05C0	0xDDDA      	RCALL       _Lcd_Out
;Lab71.c,83 :: 		Delay_ms(500);
0x05C2	0x0E06      	MOVLW       6
0x05C4	0x6E0B      	MOVWF       R11, 0
0x05C6	0x0E13      	MOVLW       19
0x05C8	0x6E0C      	MOVWF       R12, 0
0x05CA	0x0EAD      	MOVLW       173
0x05CC	0x6E0D      	MOVWF       R13, 0
L_main13:
0x05CE	0x2E0D      	DECFSZ      R13, 1, 0
0x05D0	0xD7FE      	BRA         L_main13
0x05D2	0x2E0C      	DECFSZ      R12, 1, 0
0x05D4	0xD7FC      	BRA         L_main13
0x05D6	0x2E0B      	DECFSZ      R11, 1, 0
0x05D8	0xD7FA      	BRA         L_main13
0x05DA	0x0000      	NOP
0x05DC	0x0000      	NOP
;Lab71.c,84 :: 		Lcd_Cmd(_LCD_CLEAR);
0x05DE	0x0E01      	MOVLW       1
0x05E0	0x6FB1      	MOVWF       FARG_Lcd_Cmd_out_char, 1
0x05E2	0xDD2F      	RCALL       _Lcd_Cmd
;Lab71.c,85 :: 		Lcd_Out(1,7,"TurhanCan Kargin");
0x05E4	0x0E01      	MOVLW       1
0x05E6	0x6FAB      	MOVWF       FARG_Lcd_Out_row, 1
0x05E8	0x0E07      	MOVLW       7
0x05EA	0x6FAC      	MOVWF       FARG_Lcd_Out_column, 1
0x05EC	0x0E48      	MOVLW       ?lstr29_Lab71
0x05EE	0x6FAD      	MOVWF       FARG_Lcd_Out_text, 1
0x05F0	0x0E01      	MOVLW       hi_addr(?lstr29_Lab71)
0x05F2	0x6FAE      	MOVWF       FARG_Lcd_Out_text+1, 1
0x05F4	0xDDC0      	RCALL       _Lcd_Out
;Lab71.c,86 :: 		Lcd_Out(2,2,"150403005");
0x05F6	0x0E02      	MOVLW       2
0x05F8	0x6FAB      	MOVWF       FARG_Lcd_Out_row, 1
0x05FA	0x0E02      	MOVLW       2
0x05FC	0x6FAC      	MOVWF       FARG_Lcd_Out_column, 1
0x05FE	0x0E34      	MOVLW       ?lstr30_Lab71
0x0600	0x6FAD      	MOVWF       FARG_Lcd_Out_text, 1
0x0602	0x0E01      	MOVLW       hi_addr(?lstr30_Lab71)
0x0604	0x6FAE      	MOVWF       FARG_Lcd_Out_text+1, 1
0x0606	0xDDB7      	RCALL       _Lcd_Out
;Lab71.c,87 :: 		Delay_ms(500);
0x0608	0x0E06      	MOVLW       6
0x060A	0x6E0B      	MOVWF       R11, 0
0x060C	0x0E13      	MOVLW       19
0x060E	0x6E0C      	MOVWF       R12, 0
0x0610	0x0EAD      	MOVLW       173
0x0612	0x6E0D      	MOVWF       R13, 0
L_main14:
0x0614	0x2E0D      	DECFSZ      R13, 1, 0
0x0616	0xD7FE      	BRA         L_main14
0x0618	0x2E0C      	DECFSZ      R12, 1, 0
0x061A	0xD7FC      	BRA         L_main14
0x061C	0x2E0B      	DECFSZ      R11, 1, 0
0x061E	0xD7FA      	BRA         L_main14
0x0620	0x0000      	NOP
0x0622	0x0000      	NOP
;Lab71.c,88 :: 		Lcd_Cmd(_LCD_CLEAR);
0x0624	0x0E01      	MOVLW       1
0x0626	0x6FB1      	MOVWF       FARG_Lcd_Cmd_out_char, 1
0x0628	0xDD0C      	RCALL       _Lcd_Cmd
;Lab71.c,89 :: 		Delay_ms(500);
0x062A	0x0E06      	MOVLW       6
0x062C	0x6E0B      	MOVWF       R11, 0
0x062E	0x0E13      	MOVLW       19
0x0630	0x6E0C      	MOVWF       R12, 0
0x0632	0x0EAD      	MOVLW       173
0x0634	0x6E0D      	MOVWF       R13, 0
L_main15:
0x0636	0x2E0D      	DECFSZ      R13, 1, 0
0x0638	0xD7FE      	BRA         L_main15
0x063A	0x2E0C      	DECFSZ      R12, 1, 0
0x063C	0xD7FC      	BRA         L_main15
0x063E	0x2E0B      	DECFSZ      R11, 1, 0
0x0640	0xD7FA      	BRA         L_main15
0x0642	0x0000      	NOP
0x0644	0x0000      	NOP
;Lab71.c,90 :: 		goto turhan;  // when it will scroll 4 times, the code will start from beginning
0x0646	0xD5E0      	BRA         ___main_turhan
;Lab71.c,91 :: 		}
L_end_main:
0x0648	0xD7FF      	BRA         $+0
; end of _main
0x07E0	0xF015EE10  	LFSR        1, 21
0x07E4	0x0E95      	MOVLW       149
0x07E6	0x6E00      	MOVWF       R0 
0x07E8	0x0E02      	MOVLW       2
0x07EA	0x6E01      	MOVWF       R1 
0x07EC	0x0E4A      	MOVLW       74
0x07EE	0x6EF6      	MOVWF       4086 
0x07F0	0x0E06      	MOVLW       6
0x07F2	0x6EF7      	MOVWF       TBLPTRH 
0x07F4	0x0E00      	MOVLW       0
0x07F6	0x6EF8      	MOVWF       TBLPTRU 
0x07F8	0xF000EC67  	CALL        206, 0
0x07FC	0x0012      	RETURN      0
;Lab71.c,0 :: ?ICS?lstr11_Lab71
0x064A	0x7554 ;?ICS?lstr11_Lab71+0
0x064C	0x6872 ;?ICS?lstr11_Lab71+2
0x064E	0x6E61 ;?ICS?lstr11_Lab71+4
0x0650	0x6143 ;?ICS?lstr11_Lab71+6
0x0652	0x206E ;?ICS?lstr11_Lab71+8
0x0654	0x614B ;?ICS?lstr11_Lab71+10
0x0656	0x6772 ;?ICS?lstr11_Lab71+12
0x0658	0x6E69 ;?ICS?lstr11_Lab71+14
0x065A	0x00 ;?ICS?lstr11_Lab71+16
; end of ?ICS?lstr11_Lab71
;Lab71.c,0 :: ?ICS?lstr10_Lab71
0x065B	0x3531 ;?ICS?lstr10_Lab71+0
0x065D	0x3430 ;?ICS?lstr10_Lab71+2
0x065F	0x3330 ;?ICS?lstr10_Lab71+4
0x0661	0x3030 ;?ICS?lstr10_Lab71+6
0x0663	0x0035 ;?ICS?lstr10_Lab71+8
; end of ?ICS?lstr10_Lab71
;Lab71.c,0 :: ?ICS?lstr9_Lab71
0x0665	0x7554 ;?ICS?lstr9_Lab71+0
0x0667	0x6872 ;?ICS?lstr9_Lab71+2
0x0669	0x6E61 ;?ICS?lstr9_Lab71+4
0x066B	0x6143 ;?ICS?lstr9_Lab71+6
0x066D	0x206E ;?ICS?lstr9_Lab71+8
0x066F	0x614B ;?ICS?lstr9_Lab71+10
0x0671	0x6772 ;?ICS?lstr9_Lab71+12
0x0673	0x6E69 ;?ICS?lstr9_Lab71+14
0x0675	0x00 ;?ICS?lstr9_Lab71+16
; end of ?ICS?lstr9_Lab71
;Lab71.c,0 :: ?ICS?lstr12_Lab71
0x0676	0x3531 ;?ICS?lstr12_Lab71+0
0x0678	0x3430 ;?ICS?lstr12_Lab71+2
0x067A	0x3330 ;?ICS?lstr12_Lab71+4
0x067C	0x3030 ;?ICS?lstr12_Lab71+6
0x067E	0x0035 ;?ICS?lstr12_Lab71+8
; end of ?ICS?lstr12_Lab71
;Lab71.c,0 :: ?ICS?lstr15_Lab71
0x0680	0x7554 ;?ICS?lstr15_Lab71+0
0x0682	0x6872 ;?ICS?lstr15_Lab71+2
0x0684	0x6E61 ;?ICS?lstr15_Lab71+4
0x0686	0x6143 ;?ICS?lstr15_Lab71+6
0x0688	0x206E ;?ICS?lstr15_Lab71+8
0x068A	0x614B ;?ICS?lstr15_Lab71+10
0x068C	0x6772 ;?ICS?lstr15_Lab71+12
0x068E	0x6E69 ;?ICS?lstr15_Lab71+14
0x0690	0x00 ;?ICS?lstr15_Lab71+16
; end of ?ICS?lstr15_Lab71
;Lab71.c,0 :: ?ICS?lstr14_Lab71
0x0691	0x3531 ;?ICS?lstr14_Lab71+0
0x0693	0x3430 ;?ICS?lstr14_Lab71+2
0x0695	0x3330 ;?ICS?lstr14_Lab71+4
0x0697	0x3030 ;?ICS?lstr14_Lab71+6
0x0699	0x0035 ;?ICS?lstr14_Lab71+8
; end of ?ICS?lstr14_Lab71
;Lab71.c,0 :: ?ICS?lstr13_Lab71
0x069B	0x7554 ;?ICS?lstr13_Lab71+0
0x069D	0x6872 ;?ICS?lstr13_Lab71+2
0x069F	0x6E61 ;?ICS?lstr13_Lab71+4
0x06A1	0x6143 ;?ICS?lstr13_Lab71+6
0x06A3	0x206E ;?ICS?lstr13_Lab71+8
0x06A5	0x614B ;?ICS?lstr13_Lab71+10
0x06A7	0x6772 ;?ICS?lstr13_Lab71+12
0x06A9	0x6E69 ;?ICS?lstr13_Lab71+14
0x06AB	0x00 ;?ICS?lstr13_Lab71+16
; end of ?ICS?lstr13_Lab71
;Lab71.c,0 :: ?ICS?lstr8_Lab71
0x06AC	0x3531 ;?ICS?lstr8_Lab71+0
0x06AE	0x3430 ;?ICS?lstr8_Lab71+2
0x06B0	0x3330 ;?ICS?lstr8_Lab71+4
0x06B2	0x3030 ;?ICS?lstr8_Lab71+6
0x06B4	0x0035 ;?ICS?lstr8_Lab71+8
; end of ?ICS?lstr8_Lab71
;Lab71.c,0 :: ?ICS?lstr3_Lab71
0x06B6	0x7554 ;?ICS?lstr3_Lab71+0
0x06B8	0x6872 ;?ICS?lstr3_Lab71+2
0x06BA	0x6E61 ;?ICS?lstr3_Lab71+4
0x06BC	0x6143 ;?ICS?lstr3_Lab71+6
0x06BE	0x206E ;?ICS?lstr3_Lab71+8
0x06C0	0x614B ;?ICS?lstr3_Lab71+10
0x06C2	0x6772 ;?ICS?lstr3_Lab71+12
0x06C4	0x6E69 ;?ICS?lstr3_Lab71+14
0x06C6	0x00 ;?ICS?lstr3_Lab71+16
; end of ?ICS?lstr3_Lab71
;Lab71.c,0 :: ?ICS?lstr2_Lab71
0x06C7	0x3531 ;?ICS?lstr2_Lab71+0
0x06C9	0x3430 ;?ICS?lstr2_Lab71+2
0x06CB	0x3330 ;?ICS?lstr2_Lab71+4
0x06CD	0x3030 ;?ICS?lstr2_Lab71+6
0x06CF	0x0035 ;?ICS?lstr2_Lab71+8
; end of ?ICS?lstr2_Lab71
;Lab71.c,0 :: ?ICS?lstr1_Lab71
0x06D1	0x7554 ;?ICS?lstr1_Lab71+0
0x06D3	0x6872 ;?ICS?lstr1_Lab71+2
0x06D5	0x6E61 ;?ICS?lstr1_Lab71+4
0x06D7	0x6143 ;?ICS?lstr1_Lab71+6
0x06D9	0x206E ;?ICS?lstr1_Lab71+8
0x06DB	0x614B ;?ICS?lstr1_Lab71+10
0x06DD	0x6772 ;?ICS?lstr1_Lab71+12
0x06DF	0x6E69 ;?ICS?lstr1_Lab71+14
0x06E1	0x00 ;?ICS?lstr1_Lab71+16
; end of ?ICS?lstr1_Lab71
;Lab71.c,0 :: ?ICS?lstr4_Lab71
0x06E2	0x3531 ;?ICS?lstr4_Lab71+0
0x06E4	0x3430 ;?ICS?lstr4_Lab71+2
0x06E6	0x3330 ;?ICS?lstr4_Lab71+4
0x06E8	0x3030 ;?ICS?lstr4_Lab71+6
0x06EA	0x0035 ;?ICS?lstr4_Lab71+8
; end of ?ICS?lstr4_Lab71
;Lab71.c,0 :: ?ICS?lstr7_Lab71
0x06EC	0x7554 ;?ICS?lstr7_Lab71+0
0x06EE	0x6872 ;?ICS?lstr7_Lab71+2
0x06F0	0x6E61 ;?ICS?lstr7_Lab71+4
0x06F2	0x6143 ;?ICS?lstr7_Lab71+6
0x06F4	0x206E ;?ICS?lstr7_Lab71+8
0x06F6	0x614B ;?ICS?lstr7_Lab71+10
0x06F8	0x6772 ;?ICS?lstr7_Lab71+12
0x06FA	0x6E69 ;?ICS?lstr7_Lab71+14
0x06FC	0x00 ;?ICS?lstr7_Lab71+16
; end of ?ICS?lstr7_Lab71
;Lab71.c,0 :: ?ICS?lstr6_Lab71
0x06FD	0x3531 ;?ICS?lstr6_Lab71+0
0x06FF	0x3430 ;?ICS?lstr6_Lab71+2
0x0701	0x3330 ;?ICS?lstr6_Lab71+4
0x0703	0x3030 ;?ICS?lstr6_Lab71+6
0x0705	0x0035 ;?ICS?lstr6_Lab71+8
; end of ?ICS?lstr6_Lab71
;Lab71.c,0 :: ?ICS?lstr5_Lab71
0x0707	0x7554 ;?ICS?lstr5_Lab71+0
0x0709	0x6872 ;?ICS?lstr5_Lab71+2
0x070B	0x6E61 ;?ICS?lstr5_Lab71+4
0x070D	0x6143 ;?ICS?lstr5_Lab71+6
0x070F	0x206E ;?ICS?lstr5_Lab71+8
0x0711	0x614B ;?ICS?lstr5_Lab71+10
0x0713	0x6772 ;?ICS?lstr5_Lab71+12
0x0715	0x6E69 ;?ICS?lstr5_Lab71+14
0x0717	0x00 ;?ICS?lstr5_Lab71+16
; end of ?ICS?lstr5_Lab71
;Lab71.c,0 :: ?ICS?lstr16_Lab71
0x0718	0x3531 ;?ICS?lstr16_Lab71+0
0x071A	0x3430 ;?ICS?lstr16_Lab71+2
0x071C	0x3330 ;?ICS?lstr16_Lab71+4
0x071E	0x3030 ;?ICS?lstr16_Lab71+6
0x0720	0x0035 ;?ICS?lstr16_Lab71+8
; end of ?ICS?lstr16_Lab71
;Lab71.c,0 :: ?ICS?lstr25_Lab71
0x0722	0x7554 ;?ICS?lstr25_Lab71+0
0x0724	0x6872 ;?ICS?lstr25_Lab71+2
0x0726	0x6E61 ;?ICS?lstr25_Lab71+4
0x0728	0x6143 ;?ICS?lstr25_Lab71+6
0x072A	0x206E ;?ICS?lstr25_Lab71+8
0x072C	0x614B ;?ICS?lstr25_Lab71+10
0x072E	0x6772 ;?ICS?lstr25_Lab71+12
0x0730	0x6E69 ;?ICS?lstr25_Lab71+14
0x0732	0x00 ;?ICS?lstr25_Lab71+16
; end of ?ICS?lstr25_Lab71
;Lab71.c,0 :: ?ICS?lstr26_Lab71
0x0733	0x3531 ;?ICS?lstr26_Lab71+0
0x0735	0x3430 ;?ICS?lstr26_Lab71+2
0x0737	0x3330 ;?ICS?lstr26_Lab71+4
0x0739	0x3030 ;?ICS?lstr26_Lab71+6
0x073B	0x0035 ;?ICS?lstr26_Lab71+8
; end of ?ICS?lstr26_Lab71
;Lab71.c,0 :: ?ICS?lstr23_Lab71
0x073D	0x7554 ;?ICS?lstr23_Lab71+0
0x073F	0x6872 ;?ICS?lstr23_Lab71+2
0x0741	0x6E61 ;?ICS?lstr23_Lab71+4
0x0743	0x6143 ;?ICS?lstr23_Lab71+6
0x0745	0x206E ;?ICS?lstr23_Lab71+8
0x0747	0x614B ;?ICS?lstr23_Lab71+10
0x0749	0x6772 ;?ICS?lstr23_Lab71+12
0x074B	0x6E69 ;?ICS?lstr23_Lab71+14
0x074D	0x00 ;?ICS?lstr23_Lab71+16
; end of ?ICS?lstr23_Lab71
;Lab71.c,0 :: ?ICS?lstr24_Lab71
0x074E	0x3531 ;?ICS?lstr24_Lab71+0
0x0750	0x3430 ;?ICS?lstr24_Lab71+2
0x0752	0x3330 ;?ICS?lstr24_Lab71+4
0x0754	0x3030 ;?ICS?lstr24_Lab71+6
0x0756	0x0035 ;?ICS?lstr24_Lab71+8
; end of ?ICS?lstr24_Lab71
;Lab71.c,0 :: ?ICS?lstr27_Lab71
0x0758	0x7554 ;?ICS?lstr27_Lab71+0
0x075A	0x6872 ;?ICS?lstr27_Lab71+2
0x075C	0x6E61 ;?ICS?lstr27_Lab71+4
0x075E	0x6143 ;?ICS?lstr27_Lab71+6
0x0760	0x206E ;?ICS?lstr27_Lab71+8
0x0762	0x614B ;?ICS?lstr27_Lab71+10
0x0764	0x6772 ;?ICS?lstr27_Lab71+12
0x0766	0x6E69 ;?ICS?lstr27_Lab71+14
0x0768	0x00 ;?ICS?lstr27_Lab71+16
; end of ?ICS?lstr27_Lab71
;Lab71.c,0 :: ?ICS?lstr30_Lab71
0x0769	0x3531 ;?ICS?lstr30_Lab71+0
0x076B	0x3430 ;?ICS?lstr30_Lab71+2
0x076D	0x3330 ;?ICS?lstr30_Lab71+4
0x076F	0x3030 ;?ICS?lstr30_Lab71+6
0x0771	0x0035 ;?ICS?lstr30_Lab71+8
; end of ?ICS?lstr30_Lab71
;Lab71.c,0 :: ?ICS?lstr28_Lab71
0x0773	0x3531 ;?ICS?lstr28_Lab71+0
0x0775	0x3430 ;?ICS?lstr28_Lab71+2
0x0777	0x3330 ;?ICS?lstr28_Lab71+4
0x0779	0x3030 ;?ICS?lstr28_Lab71+6
0x077B	0x0035 ;?ICS?lstr28_Lab71+8
; end of ?ICS?lstr28_Lab71
;Lab71.c,0 :: ?ICS?lstr29_Lab71
0x077D	0x7554 ;?ICS?lstr29_Lab71+0
0x077F	0x6872 ;?ICS?lstr29_Lab71+2
0x0781	0x6E61 ;?ICS?lstr29_Lab71+4
0x0783	0x6143 ;?ICS?lstr29_Lab71+6
0x0785	0x206E ;?ICS?lstr29_Lab71+8
0x0787	0x614B ;?ICS?lstr29_Lab71+10
0x0789	0x6772 ;?ICS?lstr29_Lab71+12
0x078B	0x6E69 ;?ICS?lstr29_Lab71+14
0x078D	0x00 ;?ICS?lstr29_Lab71+16
; end of ?ICS?lstr29_Lab71
;Lab71.c,0 :: ?ICS?lstr19_Lab71
0x078E	0x7554 ;?ICS?lstr19_Lab71+0
0x0790	0x6872 ;?ICS?lstr19_Lab71+2
0x0792	0x6E61 ;?ICS?lstr19_Lab71+4
0x0794	0x6143 ;?ICS?lstr19_Lab71+6
0x0796	0x206E ;?ICS?lstr19_Lab71+8
0x0798	0x614B ;?ICS?lstr19_Lab71+10
0x079A	0x6772 ;?ICS?lstr19_Lab71+12
0x079C	0x6E69 ;?ICS?lstr19_Lab71+14
0x079E	0x00 ;?ICS?lstr19_Lab71+16
; end of ?ICS?lstr19_Lab71
;Lab71.c,0 :: ?ICS?lstr20_Lab71
0x079F	0x3531 ;?ICS?lstr20_Lab71+0
0x07A1	0x3430 ;?ICS?lstr20_Lab71+2
0x07A3	0x3330 ;?ICS?lstr20_Lab71+4
0x07A5	0x3030 ;?ICS?lstr20_Lab71+6
0x07A7	0x0035 ;?ICS?lstr20_Lab71+8
; end of ?ICS?lstr20_Lab71
;Lab71.c,0 :: ?ICS?lstr17_Lab71
0x07A9	0x7554 ;?ICS?lstr17_Lab71+0
0x07AB	0x6872 ;?ICS?lstr17_Lab71+2
0x07AD	0x6E61 ;?ICS?lstr17_Lab71+4
0x07AF	0x6143 ;?ICS?lstr17_Lab71+6
0x07B1	0x206E ;?ICS?lstr17_Lab71+8
0x07B3	0x614B ;?ICS?lstr17_Lab71+10
0x07B5	0x6772 ;?ICS?lstr17_Lab71+12
0x07B7	0x6E69 ;?ICS?lstr17_Lab71+14
0x07B9	0x00 ;?ICS?lstr17_Lab71+16
; end of ?ICS?lstr17_Lab71
;Lab71.c,0 :: ?ICS?lstr18_Lab71
0x07BA	0x3531 ;?ICS?lstr18_Lab71+0
0x07BC	0x3430 ;?ICS?lstr18_Lab71+2
0x07BE	0x3330 ;?ICS?lstr18_Lab71+4
0x07C0	0x3030 ;?ICS?lstr18_Lab71+6
0x07C2	0x0035 ;?ICS?lstr18_Lab71+8
; end of ?ICS?lstr18_Lab71
;Lab71.c,0 :: ?ICS?lstr21_Lab71
0x07C4	0x7554 ;?ICS?lstr21_Lab71+0
0x07C6	0x6872 ;?ICS?lstr21_Lab71+2
0x07C8	0x6E61 ;?ICS?lstr21_Lab71+4
0x07CA	0x6143 ;?ICS?lstr21_Lab71+6
0x07CC	0x206E ;?ICS?lstr21_Lab71+8
0x07CE	0x614B ;?ICS?lstr21_Lab71+10
0x07D0	0x6772 ;?ICS?lstr21_Lab71+12
0x07D2	0x6E69 ;?ICS?lstr21_Lab71+14
0x07D4	0x00 ;?ICS?lstr21_Lab71+16
; end of ?ICS?lstr21_Lab71
;Lab71.c,0 :: ?ICS?lstr22_Lab71
0x07D5	0x3531 ;?ICS?lstr22_Lab71+0
0x07D7	0x3430 ;?ICS?lstr22_Lab71+2
0x07D9	0x3330 ;?ICS?lstr22_Lab71+4
0x07DB	0x3030 ;?ICS?lstr22_Lab71+6
0x07DD	0x0035 ;?ICS?lstr22_Lab71+8
; end of ?ICS?lstr22_Lab71
Symbol List:
//** Routines locations **
//ADDRESS    SIZE    PROCEDURE
//----------------------------------------------
0x001C       [6]    _Delay_1us
0x0022      [22]    _Delay_5500us
0x0038      [10]    _Delay_50us
0x0042     [126]    _Lcd_Cmd
0x00C0      [14]    _Lcd_Chr_CP
0x00CE      [16]    ___CC2DW
0x00DE     [152]    _Lcd_Init
0x0176     [126]    _Lcd_Out
0x01F4    [1110]    _main
//** Variables locations ** 
//ADDRESS    SIZE    VARIABLE
//----------------------------------------------
0x0000       [1]    R0
0x0001       [1]    R1
0x0001       [1]    __Lib_Conversions_Adjust_Hex_tmp_L0
0x0002       [2]    memchr_s_L0
0x0002       [2]    memset_pp_L0
0x0002       [1]    R2
0x0002       [2]    strlen_cp_L0
0x0002       [2]    memcpy_dd_L0
0x0003       [2]    Ltrim_original_L0
0x0003       [2]    memmove_tt_L0
0x0003       [1]    R3
0x0004       [2]    strcpy_cp_L0
0x0004       [2]    strcat_cp_L0
0x0004       [2]    strncat_cp_L0
0x0004       [1]    R4
0x0004       [2]    strncpy_cp_L0
0x0004       [2]    memcpy_ss_L0
0x0005       [1]    R5
0x0005       [2]    memmove_ff_L0
0x0005       [2]    LongIntToHex_input_half_L0
0x0005       [2]    Ltrim_p_L0
0x0005       [2]    LongWordToHex_input_half_L0
0x0006       [1]    R6
0x0007       [1]    R7
0x0008       [1]    R8
0x0009       [1]    R9
0x000A       [1]    R10
0x000B       [1]    R11
0x000C       [1]    R12
0x000D       [1]    R13
0x000E       [1]    R14
0x000F       [1]    R15
0x0010       [1]    R16
0x0011       [1]    R17
0x0012       [1]    R18
0x0013       [1]    R19
0x0014       [1]    R20
0x0015      [17]    ?lstr11_Lab71
0x0026      [10]    ?lstr10_Lab71
0x0030      [17]    ?lstr9_Lab71
0x0041      [10]    ?lstr12_Lab71
0x004B      [17]    ?lstr15_Lab71
0x005C      [10]    ?lstr14_Lab71
0x0066      [17]    ?lstr13_Lab71
0x0077      [10]    ?lstr8_Lab71
0x0081      [17]    ?lstr3_Lab71
0x0092      [10]    ?lstr2_Lab71
0x009C      [17]    ?lstr1_Lab71
0x00AD      [10]    ?lstr4_Lab71
0x00B7      [17]    ?lstr7_Lab71
0x00C8      [10]    ?lstr6_Lab71
0x00D2      [17]    ?lstr5_Lab71
0x00E3      [10]    ?lstr16_Lab71
0x00ED      [17]    ?lstr25_Lab71
0x00FE      [10]    ?lstr26_Lab71
0x0108      [17]    ?lstr23_Lab71
0x0119      [10]    ?lstr24_Lab71
0x0123      [17]    ?lstr27_Lab71
0x0134      [10]    ?lstr30_Lab71
0x013E      [10]    ?lstr28_Lab71
0x0148      [17]    ?lstr29_Lab71
0x0159      [17]    ?lstr19_Lab71
0x016A      [10]    ?lstr20_Lab71
0x0174      [17]    ?lstr17_Lab71
0x0185      [10]    ?lstr18_Lab71
0x018F      [17]    ?lstr21_Lab71
0x01A0      [10]    ?lstr22_Lab71
0x01AA       [0]    __Lib_Lcd_cmd_status
0x01AB       [1]    FARG_Lcd_Out_row
0x01AC       [1]    FARG_Lcd_Out_column
0x01AD       [2]    FARG_Lcd_Out_text
0x01AF       [1]    Lcd_Out_i_L0
0x01B0       [1]    FARG_Lcd_Chr_CP_out_char
0x01B1       [1]    FARG_Lcd_Cmd_out_char
0x0F39       [1]    ANSELB
0x0F3C       [1]    ANSELE
0x0F81       [0]    RB6_bit
0x0F81       [0]    RB7_bit
0x0F81       [0]    RB5_bit
0x0F81       [0]    RB4_bit
0x0F81       [0]    LCD_D4
0x0F81       [0]    LCD_D5
0x0F81       [1]    PORTB
0x0F81       [0]    LCD_D6
0x0F81       [0]    LCD_D7
0x0F84       [0]    RE0_bit
0x0F84       [1]    PORTE
0x0F84       [0]    RE1_bit
0x0F84       [0]    LCD_EN
0x0F84       [0]    LCD_RS
0x0F93       [0]    TRISB4_bit
0x0F93       [1]    TRISB
0x0F93       [0]    TRISB7_bit
0x0F93       [0]    LCD_D7_Direction
0x0F93       [0]    TRISB6_bit
0x0F93       [0]    LCD_D6_Direction
0x0F93       [0]    LCD_D4_Direction
0x0F93       [0]    LCD_D5_Direction
0x0F93       [0]    TRISB5_bit
0x0F96       [0]    LCD_EN_Direction
0x0F96       [1]    TRISE
0x0F96       [0]    LCD_RS_Direction
0x0F96       [0]    TRISE0_bit
0x0F96       [0]    TRISE1_bit
0x0FD8       [1]    STATUS
0x0FD9       [1]    FSR2L
0x0FDA       [1]    FSR2H
0x0FDE       [1]    POSTINC2
0x0FE0       [1]    BSR
0x0FE1       [1]    FSR1L
0x0FE2       [1]    FSR1H
0x0FE4       [1]    PREINC1
0x0FE6       [1]    POSTINC1
0x0FE7       [1]    INDF1
0x0FE8       [1]    WREG
0x0FE9       [1]    FSR0L
0x0FEA       [1]    FSR0H
0x0FEE       [1]    POSTINC0
0x0FF3       [1]    PRODL
0x0FF4       [1]    PRODH
0x0FF5       [1]    TABLAT
0x0FF6       [1]    TBLPTRL
0x0FF7       [1]    TBLPTRH
0x0FF8       [1]    TBLPTRU
//** Constants locations ** 
//ADDRESS    SIZE    CONSTANT
//----------------------------------------------
0x064A      [17]    ?ICS?lstr11_Lab71
0x065B      [10]    ?ICS?lstr10_Lab71
0x0665      [17]    ?ICS?lstr9_Lab71
0x0676      [10]    ?ICS?lstr12_Lab71
0x0680      [17]    ?ICS?lstr15_Lab71
0x0691      [10]    ?ICS?lstr14_Lab71
0x069B      [17]    ?ICS?lstr13_Lab71
0x06AC      [10]    ?ICS?lstr8_Lab71
0x06B6      [17]    ?ICS?lstr3_Lab71
0x06C7      [10]    ?ICS?lstr2_Lab71
0x06D1      [17]    ?ICS?lstr1_Lab71
0x06E2      [10]    ?ICS?lstr4_Lab71
0x06EC      [17]    ?ICS?lstr7_Lab71
0x06FD      [10]    ?ICS?lstr6_Lab71
0x0707      [17]    ?ICS?lstr5_Lab71
0x0718      [10]    ?ICS?lstr16_Lab71
0x0722      [17]    ?ICS?lstr25_Lab71
0x0733      [10]    ?ICS?lstr26_Lab71
0x073D      [17]    ?ICS?lstr23_Lab71
0x074E      [10]    ?ICS?lstr24_Lab71
0x0758      [17]    ?ICS?lstr27_Lab71
0x0769      [10]    ?ICS?lstr30_Lab71
0x0773      [10]    ?ICS?lstr28_Lab71
0x077D      [17]    ?ICS?lstr29_Lab71
0x078E      [17]    ?ICS?lstr19_Lab71
0x079F      [10]    ?ICS?lstr20_Lab71
0x07A9      [17]    ?ICS?lstr17_Lab71
0x07BA      [10]    ?ICS?lstr18_Lab71
0x07C4      [17]    ?ICS?lstr21_Lab71
0x07D5      [10]    ?ICS?lstr22_Lab71
