;  LST file generated by mikroListExporter - v.2.0 
; Date/Time: 12.05.2020 16:04:10
;----------------------------------------------

;Address Opcode 	ASM
0x0000	0xF001EFBF  	GOTO        894
0x0004	0x0000      	NOP
0x0006	0x0000      	NOP
0x0008	0xF000EF00  	GOTO        0
0x000C	0x0000      	NOP
0x000E	0x0000      	NOP
0x0010	0x0000      	NOP
0x0012	0x0000      	NOP
0x0014	0x0000      	NOP
0x0016	0x0000      	NOP
0x0018	0xD7F3      	BRA         0
_Delay_50us:
;__Lib_Delays.c,19 :: 		void Delay_50us() {
;__Lib_Delays.c,20 :: 		Delay_us(50);
0x001C	0x0E21      	MOVLW       33
0x001E	0x6E0D      	MOVWF       R13, 0
L_Delay_50us2:
0x0020	0x2E0D      	DECFSZ      R13, 1, 0
0x0022	0xD7FE      	BRA         L_Delay_50us2
;__Lib_Delays.c,21 :: 		}
L_end_Delay_50us:
0x0024	0x0012      	RETURN      0
; end of _Delay_50us
_Delay_5500us:
;__Lib_Delays.c,31 :: 		void Delay_5500us() {
;__Lib_Delays.c,32 :: 		Delay_us(5500);
0x0026	0x0E0F      	MOVLW       15
0x0028	0x6E0C      	MOVWF       R12, 0
0x002A	0x0E47      	MOVLW       71
0x002C	0x6E0D      	MOVWF       R13, 0
L_Delay_5500us5:
0x002E	0x2E0D      	DECFSZ      R13, 1, 0
0x0030	0xD7FE      	BRA         L_Delay_5500us5
0x0032	0x2E0C      	DECFSZ      R12, 1, 0
0x0034	0xD7FC      	BRA         L_Delay_5500us5
0x0036	0x0000      	NOP
0x0038	0x0000      	NOP
;__Lib_Delays.c,33 :: 		}
L_end_Delay_5500us:
0x003A	0x0012      	RETURN      0
; end of _Delay_5500us
_Delay_1us:
;__Lib_Delays.c,7 :: 		void Delay_1us() {
;__Lib_Delays.c,8 :: 		Delay_us(1);
0x003C	0x0000      	NOP
0x003E	0x0000      	NOP
;__Lib_Delays.c,9 :: 		}
L_end_Delay_1us:
0x0040	0x0012      	RETURN      0
; end of _Delay_1us
_Lcd_Cmd:
;__Lib_Lcd.c,18 :: 		
;__Lib_Lcd.c,20 :: 		
0x0042	0x0100      	MOVLB       0
0x0044	0xBF63      	BTFSC       FARG_Lcd_Cmd_out_char, 7, 1
0x0046	0xD002      	BRA         L__Lcd_Cmd21
0x0048	0x9E81      	BCF         LCD_D7, BitPos(LCD_D7+0) 
0x004A	0xD001      	BRA         L__Lcd_Cmd22
L__Lcd_Cmd21:
0x004C	0x8E81      	BSF         LCD_D7, BitPos(LCD_D7+0) 
L__Lcd_Cmd22:
;__Lib_Lcd.c,21 :: 		
0x004E	0xBD63      	BTFSC       FARG_Lcd_Cmd_out_char, 6, 1
0x0050	0xD002      	BRA         L__Lcd_Cmd23
0x0052	0x9C81      	BCF         LCD_D6, BitPos(LCD_D6+0) 
0x0054	0xD001      	BRA         L__Lcd_Cmd24
L__Lcd_Cmd23:
0x0056	0x8C81      	BSF         LCD_D6, BitPos(LCD_D6+0) 
L__Lcd_Cmd24:
;__Lib_Lcd.c,22 :: 		
0x0058	0xBB63      	BTFSC       FARG_Lcd_Cmd_out_char, 5, 1
0x005A	0xD002      	BRA         L__Lcd_Cmd25
0x005C	0x9A81      	BCF         LCD_D5, BitPos(LCD_D5+0) 
0x005E	0xD001      	BRA         L__Lcd_Cmd26
L__Lcd_Cmd25:
0x0060	0x8A81      	BSF         LCD_D5, BitPos(LCD_D5+0) 
L__Lcd_Cmd26:
;__Lib_Lcd.c,23 :: 		
0x0062	0xB963      	BTFSC       FARG_Lcd_Cmd_out_char, 4, 1
0x0064	0xD002      	BRA         L__Lcd_Cmd27
0x0066	0x9881      	BCF         LCD_D4, BitPos(LCD_D4+0) 
0x0068	0xD001      	BRA         L__Lcd_Cmd28
L__Lcd_Cmd27:
0x006A	0x8881      	BSF         LCD_D4, BitPos(LCD_D4+0) 
L__Lcd_Cmd28:
;__Lib_Lcd.c,25 :: 		
0x006C	0xB052      	BTFSC       __Lib_Lcd_cmd_status, BitPos(__Lib_Lcd_cmd_status+0) 
0x006E	0xD002      	BRA         L__Lcd_Cmd29
0x0070	0x8284      	BSF         LCD_RS, BitPos(LCD_RS+0) 
0x0072	0xD001      	BRA         L__Lcd_Cmd30
L__Lcd_Cmd29:
0x0074	0x9284      	BCF         LCD_RS, BitPos(LCD_RS+0) 
L__Lcd_Cmd30:
;__Lib_Lcd.c,28 :: 		
0x0076	0x8084      	BSF         LCD_EN, BitPos(LCD_EN+0) 
;__Lib_Lcd.c,29 :: 		
0x0078	0xDFE1      	RCALL       _Delay_1us
;__Lib_Lcd.c,30 :: 		
0x007A	0x9084      	BCF         LCD_EN, BitPos(LCD_EN+0) 
;__Lib_Lcd.c,33 :: 		
0x007C	0xB763      	BTFSC       FARG_Lcd_Cmd_out_char, 3, 1
0x007E	0xD002      	BRA         L__Lcd_Cmd31
0x0080	0x9E81      	BCF         LCD_D7, BitPos(LCD_D7+0) 
0x0082	0xD001      	BRA         L__Lcd_Cmd32
L__Lcd_Cmd31:
0x0084	0x8E81      	BSF         LCD_D7, BitPos(LCD_D7+0) 
L__Lcd_Cmd32:
;__Lib_Lcd.c,34 :: 		
0x0086	0xB563      	BTFSC       FARG_Lcd_Cmd_out_char, 2, 1
0x0088	0xD002      	BRA         L__Lcd_Cmd33
0x008A	0x9C81      	BCF         LCD_D6, BitPos(LCD_D6+0) 
0x008C	0xD001      	BRA         L__Lcd_Cmd34
L__Lcd_Cmd33:
0x008E	0x8C81      	BSF         LCD_D6, BitPos(LCD_D6+0) 
L__Lcd_Cmd34:
;__Lib_Lcd.c,35 :: 		
0x0090	0xB363      	BTFSC       FARG_Lcd_Cmd_out_char, 1, 1
0x0092	0xD002      	BRA         L__Lcd_Cmd35
0x0094	0x9A81      	BCF         LCD_D5, BitPos(LCD_D5+0) 
0x0096	0xD001      	BRA         L__Lcd_Cmd36
L__Lcd_Cmd35:
0x0098	0x8A81      	BSF         LCD_D5, BitPos(LCD_D5+0) 
L__Lcd_Cmd36:
;__Lib_Lcd.c,36 :: 		
0x009A	0xB163      	BTFSC       FARG_Lcd_Cmd_out_char, 0, 1
0x009C	0xD002      	BRA         L__Lcd_Cmd37
0x009E	0x9881      	BCF         LCD_D4, BitPos(LCD_D4+0) 
0x00A0	0xD001      	BRA         L__Lcd_Cmd38
L__Lcd_Cmd37:
0x00A2	0x8881      	BSF         LCD_D4, BitPos(LCD_D4+0) 
L__Lcd_Cmd38:
;__Lib_Lcd.c,38 :: 		
0x00A4	0xB052      	BTFSC       __Lib_Lcd_cmd_status, BitPos(__Lib_Lcd_cmd_status+0) 
0x00A6	0xD002      	BRA         L__Lcd_Cmd39
0x00A8	0x8284      	BSF         LCD_RS, BitPos(LCD_RS+0) 
0x00AA	0xD001      	BRA         L__Lcd_Cmd40
L__Lcd_Cmd39:
0x00AC	0x9284      	BCF         LCD_RS, BitPos(LCD_RS+0) 
L__Lcd_Cmd40:
;__Lib_Lcd.c,40 :: 		
0x00AE	0x8084      	BSF         LCD_EN, BitPos(LCD_EN+0) 
;__Lib_Lcd.c,41 :: 		
0x00B0	0xDFC5      	RCALL       _Delay_1us
;__Lib_Lcd.c,42 :: 		
0x00B2	0x9084      	BCF         LCD_EN, BitPos(LCD_EN+0) 
;__Lib_Lcd.c,44 :: 		
0x00B4	0xA052      	BTFSS       __Lib_Lcd_cmd_status, BitPos(__Lib_Lcd_cmd_status+0) 
0x00B6	0xD002      	BRA         L_Lcd_Cmd0
;__Lib_Lcd.c,45 :: 		
0x00B8	0xDFB6      	RCALL       _Delay_5500us
0x00BA	0xD001      	BRA         L_Lcd_Cmd1
L_Lcd_Cmd0:
;__Lib_Lcd.c,47 :: 		
0x00BC	0xDFAF      	RCALL       _Delay_50us
L_Lcd_Cmd1:
;__Lib_Lcd.c,48 :: 		
L_end_Lcd_Cmd:
0x00BE	0x0012      	RETURN      0
; end of _Lcd_Cmd
_Div_8X8_U:
;__Lib_Math.c,77 :: 		
;__Lib_Math.c,84 :: 		
0x00C0	0x6A08      	CLRF        R8, 0
;__Lib_Math.c,85 :: 		
0x00C2	0x0E08      	MOVLW       8
;__Lib_Math.c,86 :: 		
0x00C4	0x6E0C      	MOVWF       R12, 0
;__Lib_Math.c,87 :: 		
0x00C6	0x3400      	RLCF        R0, 0, 0
;__Lib_Math.c,88 :: 		
0x00C8	0x3608      	RLCF        R8, 1, 0
;__Lib_Math.c,89 :: 		
0x00CA	0x5004      	MOVF        R4, 0, 0
;__Lib_Math.c,90 :: 		
0x00CC	0x5E08      	SUBWF       R8, 1, 0
;__Lib_Math.c,91 :: 		
0x00CE	0xB0D8      	BTFSC       STATUS, 0, 0
;__Lib_Math.c,92 :: 		
0x00D0	0xD002      	BRA         $+6
;__Lib_Math.c,93 :: 		
0x00D2	0x2608      	ADDWF       R8, 1, 0
;__Lib_Math.c,94 :: 		
0x00D4	0x90D8      	BCF         STATUS, 0, 0
;__Lib_Math.c,95 :: 		
0x00D6	0x3600      	RLCF        R0, 1, 0
;__Lib_Math.c,96 :: 		
0x00D8	0x2E0C      	DECFSZ      R12, 1, 0
;__Lib_Math.c,97 :: 		
0x00DA	0xD7F5      	BRA         $-20
;__Lib_Math.c,99 :: 		
L_end_Div_8X8_U:
0x00DC	0x0012      	RETURN      0
; end of _Div_8X8_U
_Delay_10us:
;__Lib_Delays.c,11 :: 		void Delay_10us() {
;__Lib_Delays.c,12 :: 		Delay_us(10);
0x00DE	0x0E06      	MOVLW       6
0x00E0	0x6E0D      	MOVWF       R13, 0
L_Delay_10us0:
0x00E2	0x2E0D      	DECFSZ      R13, 1, 0
0x00E4	0xD7FE      	BRA         L_Delay_10us0
0x00E6	0x0000      	NOP
;__Lib_Delays.c,13 :: 		}
L_end_Delay_10us:
0x00E8	0x0012      	RETURN      0
; end of _Delay_10us
_Lcd_Chr_CP:
;__Lib_Lcd.c,50 :: 		
;__Lib_Lcd.c,52 :: 		
0x00EA	0x9052      	BCF         __Lib_Lcd_cmd_status, BitPos(__Lib_Lcd_cmd_status+0) 
;__Lib_Lcd.c,53 :: 		
0x00EC	0xF063C05E  	MOVFF       FARG_Lcd_Chr_CP_out_char, FARG_Lcd_Cmd_out_char
0x00F0	0xDFA8      	RCALL       _Lcd_Cmd
;__Lib_Lcd.c,54 :: 		
0x00F2	0x8052      	BSF         __Lib_Lcd_cmd_status, BitPos(__Lib_Lcd_cmd_status+0) 
;__Lib_Lcd.c,55 :: 		
L_end_Lcd_Chr_CP:
0x00F4	0x0012      	RETURN      0
; end of _Lcd_Chr_CP
_Keypad_Key_Press:
;__Lib_Keypad4x4.c,39 :: 		
;__Lib_Keypad4x4.c,43 :: 		
0x00F6	0x6A5E      	CLRF        Keypad_Key_Press_rslt_L0 
;__Lib_Keypad4x4.c,44 :: 		
0x00F8	0x0100      	MOVLB       0
0x00FA	0x6B60      	CLRF        Keypad_Key_Press_loc_L0, 1
;__Lib_Keypad4x4.c,45 :: 		
0x00FC	0x6B61      	CLRF        Keypad_Key_Press_rowcnt_L0, 1
;__Lib_Keypad4x4.c,46 :: 		
0x00FE	0x0E10      	MOVLW       16
0x0100	0x6F62      	MOVWF       Keypad_Key_Press_shifter_L0, 1
;__Lib_Keypad4x4.c,48 :: 		
L_Keypad_Key_Press0:
0x0102	0x0E04      	MOVLW       4
0x0104	0x5D61      	SUBWF       Keypad_Key_Press_rowcnt_L0, 0, 1
0x0106	0xE229      	BC          L_Keypad_Key_Press1
;__Lib_Keypad4x4.c,50 :: 		
0x0108	0x0EF0      	MOVLW       240
0x010A	0x6E83      	MOVWF       keypadPort 
;__Lib_Keypad4x4.c,51 :: 		
0x010C	0x0E12      	MOVLW       18
0x010E	0x6E00      	MOVWF       R0 
0x0110	0x0E00      	MOVLW       0
0x0112	0x6E01      	MOVWF       R1 
0x0114	0x0E83      	MOVLW       keypadPort
0x0116	0x2400      	ADDWF       R0, 0 
0x0118	0x6EE1      	MOVWF       FSR1L 
0x011A	0x0E0F      	MOVLW       hi_addr(keypadPort)
0x011C	0x2001      	ADDWFC      R1, 0 
0x011E	0x6EE2      	MOVWF       FSR1L+1 
0x0120	0x1D62      	COMF        Keypad_Key_Press_shifter_L0, 0, 1
0x0122	0x6E00      	MOVWF       R0 
0x0124	0xFFE6C000  	MOVFF       R0, POSTINC1
;__Lib_Keypad4x4.c,55 :: 		
0x0128	0xDF89      	RCALL       _Delay_1us
;__Lib_Keypad4x4.c,56 :: 		
0x012A	0xDF88      	RCALL       _Delay_1us
;__Lib_Keypad4x4.c,57 :: 		
0x012C	0x0E0F      	MOVLW       15
0x012E	0x1483      	ANDWF       keypadPort, 0 
0x0130	0x6E00      	MOVWF       R0 
0x0132	0xF05FC000  	MOVFF       R0, Keypad_Key_Press_kdata_L0
;__Lib_Keypad4x4.c,58 :: 		
0x0136	0x5200      	MOVF        R0, 1 
0x0138	0xE00A      	BZ          L_Keypad_Key_Press2
;__Lib_Keypad4x4.c,60 :: 		
0x013A	0xF05EC060  	MOVFF       Keypad_Key_Press_loc_L0, Keypad_Key_Press_rslt_L0
;__Lib_Keypad4x4.c,61 :: 		
L_Keypad_Key_Press3:
0x013E	0x525F      	MOVF        Keypad_Key_Press_kdata_L0, 1 
0x0140	0xE004      	BZ          L_Keypad_Key_Press4
;__Lib_Keypad4x4.c,62 :: 		
0x0142	0x325F      	RRCF        Keypad_Key_Press_kdata_L0, 1 
0x0144	0x9E5F      	BCF         Keypad_Key_Press_kdata_L0, 7 
;__Lib_Keypad4x4.c,63 :: 		
0x0146	0x2A5E      	INCF        Keypad_Key_Press_rslt_L0, 1 
;__Lib_Keypad4x4.c,64 :: 		
0x0148	0xD7FA      	BRA         L_Keypad_Key_Press3
L_Keypad_Key_Press4:
;__Lib_Keypad4x4.c,66 :: 		
0x014A	0x0E04      	MOVLW       4
0x014C	0x6F61      	MOVWF       Keypad_Key_Press_rowcnt_L0, 1
;__Lib_Keypad4x4.c,67 :: 		
L_Keypad_Key_Press2:
;__Lib_Keypad4x4.c,68 :: 		
0x014E	0x3762      	RLCF        Keypad_Key_Press_shifter_L0, 1, 1
0x0150	0x9162      	BCF         Keypad_Key_Press_shifter_L0, 0, 1
;__Lib_Keypad4x4.c,69 :: 		
0x0152	0x0E04      	MOVLW       4
0x0154	0x2760      	ADDWF       Keypad_Key_Press_loc_L0, 1, 1
;__Lib_Keypad4x4.c,70 :: 		
0x0156	0x2B61      	INCF        Keypad_Key_Press_rowcnt_L0, 1, 1
;__Lib_Keypad4x4.c,71 :: 		
0x0158	0xD7D4      	BRA         L_Keypad_Key_Press0
L_Keypad_Key_Press1:
;__Lib_Keypad4x4.c,73 :: 		
0x015A	0xF000C05E  	MOVFF       Keypad_Key_Press_rslt_L0, R0
;__Lib_Keypad4x4.c,74 :: 		
L_end_Keypad_Key_Press:
0x015E	0x0012      	RETURN      0
; end of _Keypad_Key_Press
_Lcd_Init:
;__Lib_Lcd.c,84 :: 		
;__Lib_Lcd.c,86 :: 		
0x0160	0x9296      	BCF         LCD_EN_Direction, BitPos(LCD_EN_Direction+0) 
;__Lib_Lcd.c,87 :: 		
0x0162	0x9096      	BCF         LCD_RS_Direction, BitPos(LCD_RS_Direction+0) 
;__Lib_Lcd.c,88 :: 		
0x0164	0x9893      	BCF         LCD_D4_Direction, BitPos(LCD_D4_Direction+0) 
;__Lib_Lcd.c,89 :: 		
0x0166	0x9A93      	BCF         LCD_D5_Direction, BitPos(LCD_D5_Direction+0) 
;__Lib_Lcd.c,90 :: 		
0x0168	0x9C93      	BCF         LCD_D6_Direction, BitPos(LCD_D6_Direction+0) 
;__Lib_Lcd.c,91 :: 		
0x016A	0x9E93      	BCF         LCD_D7_Direction, BitPos(LCD_D7_Direction+0) 
;__Lib_Lcd.c,93 :: 		
0x016C	0x9084      	BCF         LCD_EN, BitPos(LCD_EN+0) 
;__Lib_Lcd.c,94 :: 		
0x016E	0x9284      	BCF         LCD_RS, BitPos(LCD_RS+0) 
;__Lib_Lcd.c,95 :: 		
0x0170	0x9E81      	BCF         LCD_D7, BitPos(LCD_D7+0) 
;__Lib_Lcd.c,96 :: 		
0x0172	0x9C81      	BCF         LCD_D6, BitPos(LCD_D6+0) 
;__Lib_Lcd.c,97 :: 		
0x0174	0x9A81      	BCF         LCD_D5, BitPos(LCD_D5+0) 
;__Lib_Lcd.c,98 :: 		
0x0176	0x9881      	BCF         LCD_D4, BitPos(LCD_D4+0) 
;__Lib_Lcd.c,100 :: 		
0x0178	0xDF56      	RCALL       _Delay_5500us
;__Lib_Lcd.c,101 :: 		
0x017A	0xDF55      	RCALL       _Delay_5500us
;__Lib_Lcd.c,102 :: 		
0x017C	0xDF54      	RCALL       _Delay_5500us
;__Lib_Lcd.c,105 :: 		
0x017E	0x8A81      	BSF         LCD_D5, BitPos(LCD_D5+0) 
;__Lib_Lcd.c,106 :: 		
0x0180	0x8881      	BSF         LCD_D4, BitPos(LCD_D4+0) 
;__Lib_Lcd.c,107 :: 		
0x0182	0x8084      	BSF         LCD_EN, BitPos(LCD_EN+0) 
;__Lib_Lcd.c,108 :: 		
0x0184	0xDF5B      	RCALL       _Delay_1us
;__Lib_Lcd.c,109 :: 		
0x0186	0x9084      	BCF         LCD_EN, BitPos(LCD_EN+0) 
;__Lib_Lcd.c,110 :: 		
0x0188	0xDF4E      	RCALL       _Delay_5500us
;__Lib_Lcd.c,112 :: 		
0x018A	0x8084      	BSF         LCD_EN, BitPos(LCD_EN+0) 
;__Lib_Lcd.c,113 :: 		
0x018C	0xDF57      	RCALL       _Delay_1us
;__Lib_Lcd.c,114 :: 		
0x018E	0x9084      	BCF         LCD_EN, BitPos(LCD_EN+0) 
;__Lib_Lcd.c,115 :: 		
0x0190	0xDF4A      	RCALL       _Delay_5500us
;__Lib_Lcd.c,117 :: 		
0x0192	0x8084      	BSF         LCD_EN, BitPos(LCD_EN+0) 
;__Lib_Lcd.c,118 :: 		
0x0194	0xDF53      	RCALL       _Delay_1us
;__Lib_Lcd.c,119 :: 		
0x0196	0x9084      	BCF         LCD_EN, BitPos(LCD_EN+0) 
;__Lib_Lcd.c,120 :: 		
0x0198	0xDF46      	RCALL       _Delay_5500us
;__Lib_Lcd.c,123 :: 		
0x019A	0x9881      	BCF         LCD_D4, BitPos(LCD_D4+0) 
;__Lib_Lcd.c,124 :: 		
0x019C	0x8084      	BSF         LCD_EN, BitPos(LCD_EN+0) 
;__Lib_Lcd.c,125 :: 		
0x019E	0xDF4E      	RCALL       _Delay_1us
;__Lib_Lcd.c,126 :: 		
0x01A0	0x9084      	BCF         LCD_EN, BitPos(LCD_EN+0) 
;__Lib_Lcd.c,127 :: 		
0x01A2	0xDF41      	RCALL       _Delay_5500us
;__Lib_Lcd.c,130 :: 		
0x01A4	0x8084      	BSF         LCD_EN, BitPos(LCD_EN+0) 
;__Lib_Lcd.c,131 :: 		
0x01A6	0xDF4A      	RCALL       _Delay_1us
;__Lib_Lcd.c,132 :: 		
0x01A8	0x9084      	BCF         LCD_EN, BitPos(LCD_EN+0) 
;__Lib_Lcd.c,134 :: 		
0x01AA	0x9A81      	BCF         LCD_D5, BitPos(LCD_D5+0) 
;__Lib_Lcd.c,135 :: 		
0x01AC	0x8E81      	BSF         LCD_D7, BitPos(LCD_D7+0) 
;__Lib_Lcd.c,136 :: 		
0x01AE	0x8084      	BSF         LCD_EN, BitPos(LCD_EN+0) 
;__Lib_Lcd.c,137 :: 		
0x01B0	0xDF45      	RCALL       _Delay_1us
;__Lib_Lcd.c,138 :: 		
0x01B2	0x9084      	BCF         LCD_EN, BitPos(LCD_EN+0) 
;__Lib_Lcd.c,139 :: 		
0x01B4	0xDF38      	RCALL       _Delay_5500us
;__Lib_Lcd.c,142 :: 		
0x01B6	0x9E81      	BCF         LCD_D7, BitPos(LCD_D7+0) 
;__Lib_Lcd.c,143 :: 		
0x01B8	0x8881      	BSF         LCD_D4, BitPos(LCD_D4+0) 
;__Lib_Lcd.c,144 :: 		
0x01BA	0x8084      	BSF         LCD_EN, BitPos(LCD_EN+0) 
;__Lib_Lcd.c,145 :: 		
0x01BC	0xDF3F      	RCALL       _Delay_1us
;__Lib_Lcd.c,146 :: 		
0x01BE	0x9084      	BCF         LCD_EN, BitPos(LCD_EN+0) 
;__Lib_Lcd.c,148 :: 		
0x01C0	0x9881      	BCF         LCD_D4, BitPos(LCD_D4+0) 
;__Lib_Lcd.c,149 :: 		
0x01C2	0x8084      	BSF         LCD_EN, BitPos(LCD_EN+0) 
;__Lib_Lcd.c,150 :: 		
0x01C4	0xDF3B      	RCALL       _Delay_1us
;__Lib_Lcd.c,151 :: 		
0x01C6	0x9084      	BCF         LCD_EN, BitPos(LCD_EN+0) 
;__Lib_Lcd.c,152 :: 		
0x01C8	0xDF2E      	RCALL       _Delay_5500us
;__Lib_Lcd.c,155 :: 		
0x01CA	0x8084      	BSF         LCD_EN, BitPos(LCD_EN+0) 
;__Lib_Lcd.c,156 :: 		
0x01CC	0xDF37      	RCALL       _Delay_1us
;__Lib_Lcd.c,157 :: 		
0x01CE	0x9084      	BCF         LCD_EN, BitPos(LCD_EN+0) 
;__Lib_Lcd.c,159 :: 		
0x01D0	0x8881      	BSF         LCD_D4, BitPos(LCD_D4+0) 
;__Lib_Lcd.c,160 :: 		
0x01D2	0x8084      	BSF         LCD_EN, BitPos(LCD_EN+0) 
;__Lib_Lcd.c,161 :: 		
0x01D4	0xDF33      	RCALL       _Delay_1us
;__Lib_Lcd.c,162 :: 		
0x01D6	0x9084      	BCF         LCD_EN, BitPos(LCD_EN+0) 
;__Lib_Lcd.c,163 :: 		
0x01D8	0xDF26      	RCALL       _Delay_5500us
;__Lib_Lcd.c,166 :: 		
0x01DA	0x9881      	BCF         LCD_D4, BitPos(LCD_D4+0) 
;__Lib_Lcd.c,167 :: 		
0x01DC	0x8084      	BSF         LCD_EN, BitPos(LCD_EN+0) 
;__Lib_Lcd.c,168 :: 		
0x01DE	0xDF2E      	RCALL       _Delay_1us
;__Lib_Lcd.c,169 :: 		
0x01E0	0x9084      	BCF         LCD_EN, BitPos(LCD_EN+0) 
;__Lib_Lcd.c,171 :: 		
0x01E2	0x8E81      	BSF         LCD_D7, BitPos(LCD_D7+0) 
;__Lib_Lcd.c,172 :: 		
0x01E4	0x8C81      	BSF         LCD_D6, BitPos(LCD_D6+0) 
;__Lib_Lcd.c,173 :: 		
0x01E6	0x8A81      	BSF         LCD_D5, BitPos(LCD_D5+0) 
;__Lib_Lcd.c,174 :: 		
0x01E8	0x8881      	BSF         LCD_D4, BitPos(LCD_D4+0) 
;__Lib_Lcd.c,175 :: 		
0x01EA	0x8084      	BSF         LCD_EN, BitPos(LCD_EN+0) 
;__Lib_Lcd.c,176 :: 		
0x01EC	0xDF27      	RCALL       _Delay_1us
;__Lib_Lcd.c,177 :: 		
0x01EE	0x9084      	BCF         LCD_EN, BitPos(LCD_EN+0) 
;__Lib_Lcd.c,179 :: 		
0x01F0	0xDF1A      	RCALL       _Delay_5500us
;__Lib_Lcd.c,181 :: 		
0x01F2	0x8052      	BSF         __Lib_Lcd_cmd_status, BitPos(__Lib_Lcd_cmd_status+0) 
;__Lib_Lcd.c,182 :: 		
L_end_Lcd_Init:
0x01F4	0x0012      	RETURN      0
; end of _Lcd_Init
___CC2DW:
;__Lib_System.c,21 :: 		
;__Lib_System.c,23 :: 		
_CC2DL_Loop1:
;__Lib_System.c,24 :: 		
0x01F6	0x0009      	TBLRD*+
;__Lib_System.c,25 :: 		
0x01F8	0xFFE6CFF5  	MOVFF       TABLAT, POSTINC1
;__Lib_System.c,26 :: 		
0x01FC	0x0600      	DECF        R0, 1, 0
;__Lib_System.c,27 :: 		
0x01FE	0xE1FB      	BNZ         _CC2DL_Loop1
;__Lib_System.c,28 :: 		
0x0200	0x0601      	DECF        R1, 1, 0
;__Lib_System.c,29 :: 		
0x0202	0xE1F9      	BNZ         _CC2DL_Loop1
;__Lib_System.c,31 :: 		
L_end___CC2DW:
0x0204	0x0012      	RETURN      0
; end of ___CC2DW
_Keypad_Init:
;__Lib_Keypad4x4.c,34 :: 		
;__Lib_Keypad4x4.c,35 :: 		
0x0206	0x0E12      	MOVLW       18
0x0208	0x6E00      	MOVWF       R0 
0x020A	0x0E00      	MOVLW       0
0x020C	0x6E01      	MOVWF       R1 
0x020E	0x0E83      	MOVLW       keypadPort
0x0210	0x2400      	ADDWF       R0, 0 
0x0212	0x6EE1      	MOVWF       FSR1L 
0x0214	0x0E0F      	MOVLW       hi_addr(keypadPort)
0x0216	0x2001      	ADDWFC      R1, 0 
0x0218	0x6EE2      	MOVWF       FSR1L+1 
0x021A	0x0EFF      	MOVLW       255
0x021C	0x6EE6      	MOVWF       POSTINC1 
;__Lib_Keypad4x4.c,36 :: 		
L_end_Keypad_Init:
0x021E	0x0012      	RETURN      0
; end of _Keypad_Init
_Lcd_Out:
;__Lib_Lcd.c,184 :: 		
;__Lib_Lcd.c,187 :: 		
0x0220	0xD00F      	BRA         L_Lcd_Out11
;__Lib_Lcd.c,188 :: 		
L_Lcd_Out13:
0x0222	0x0E80      	MOVLW       128
0x0224	0x6E58      	MOVWF       FARG_Lcd_Out_row 
0x0226	0xD019      	BRA         L_Lcd_Out12
;__Lib_Lcd.c,189 :: 		
L_Lcd_Out14:
0x0228	0x0EC0      	MOVLW       192
0x022A	0x6E58      	MOVWF       FARG_Lcd_Out_row 
0x022C	0xD016      	BRA         L_Lcd_Out12
;__Lib_Lcd.c,190 :: 		
L_Lcd_Out15:
0x022E	0x0E94      	MOVLW       148
0x0230	0x6E58      	MOVWF       FARG_Lcd_Out_row 
0x0232	0xD013      	BRA         L_Lcd_Out12
;__Lib_Lcd.c,191 :: 		
L_Lcd_Out16:
0x0234	0x0ED4      	MOVLW       212
0x0236	0x6E58      	MOVWF       FARG_Lcd_Out_row 
0x0238	0xD010      	BRA         L_Lcd_Out12
;__Lib_Lcd.c,192 :: 		
L_Lcd_Out17:
0x023A	0x0E80      	MOVLW       128
0x023C	0x6E58      	MOVWF       FARG_Lcd_Out_row 
;__Lib_Lcd.c,193 :: 		
0x023E	0xD00D      	BRA         L_Lcd_Out12
L_Lcd_Out11:
0x0240	0x5058      	MOVF        FARG_Lcd_Out_row, 0 
0x0242	0x0A01      	XORLW       1
0x0244	0xE0EE      	BZ          L_Lcd_Out13
0x0246	0x5058      	MOVF        FARG_Lcd_Out_row, 0 
0x0248	0x0A02      	XORLW       2
0x024A	0xE0EE      	BZ          L_Lcd_Out14
0x024C	0x5058      	MOVF        FARG_Lcd_Out_row, 0 
0x024E	0x0A03      	XORLW       3
0x0250	0xE0EE      	BZ          L_Lcd_Out15
0x0252	0x5058      	MOVF        FARG_Lcd_Out_row, 0 
0x0254	0x0A04      	XORLW       4
0x0256	0xE0EE      	BZ          L_Lcd_Out16
0x0258	0xD7F0      	BRA         L_Lcd_Out17
L_Lcd_Out12:
;__Lib_Lcd.c,194 :: 		
0x025A	0x0459      	DECF        FARG_Lcd_Out_column, 0 
0x025C	0x6E00      	MOVWF       R0 
0x025E	0x5058      	MOVF        FARG_Lcd_Out_row, 0 
0x0260	0x2600      	ADDWF       R0, 1 
0x0262	0xF058C000  	MOVFF       R0, FARG_Lcd_Out_row
;__Lib_Lcd.c,196 :: 		
0x0266	0xF063C000  	MOVFF       R0, FARG_Lcd_Cmd_out_char
0x026A	0xDEEB      	RCALL       _Lcd_Cmd
;__Lib_Lcd.c,197 :: 		
0x026C	0x9052      	BCF         __Lib_Lcd_cmd_status, BitPos(__Lib_Lcd_cmd_status+0) 
;__Lib_Lcd.c,198 :: 		
0x026E	0x6A5C      	CLRF        Lcd_Out_i_L0 
;__Lib_Lcd.c,199 :: 		
L_Lcd_Out18:
0x0270	0x505C      	MOVF        Lcd_Out_i_L0, 0 
0x0272	0x245A      	ADDWF       FARG_Lcd_Out_text, 0 
0x0274	0x6EE9      	MOVWF       FSR0L 
0x0276	0x0E00      	MOVLW       0
0x0278	0x205B      	ADDWFC      FARG_Lcd_Out_text+1, 0 
0x027A	0x6EEA      	MOVWF       FSR0L+1 
0x027C	0x52EE      	MOVF        POSTINC0, 1 
0x027E	0xE00B      	BZ          L_Lcd_Out19
;__Lib_Lcd.c,200 :: 		
0x0280	0x505C      	MOVF        Lcd_Out_i_L0, 0 
0x0282	0x245A      	ADDWF       FARG_Lcd_Out_text, 0 
0x0284	0x6EE9      	MOVWF       FSR0L 
0x0286	0x0E00      	MOVLW       0
0x0288	0x205B      	ADDWFC      FARG_Lcd_Out_text+1, 0 
0x028A	0x6EEA      	MOVWF       FSR0L+1 
0x028C	0xF05ECFEE  	MOVFF       POSTINC0, FARG_Lcd_Chr_CP_out_char
0x0290	0xDF2C      	RCALL       _Lcd_Chr_CP
0x0292	0x2A5C      	INCF        Lcd_Out_i_L0, 1 
0x0294	0xD7ED      	BRA         L_Lcd_Out18
L_Lcd_Out19:
;__Lib_Lcd.c,201 :: 		
0x0296	0x8052      	BSF         __Lib_Lcd_cmd_status, BitPos(__Lib_Lcd_cmd_status+0) 
;__Lib_Lcd.c,202 :: 		
L_end_Lcd_Out:
0x0298	0x0012      	RETURN      0
; end of _Lcd_Out
_ByteToStr:
;__Lib_Conversions.c,66 :: 		
;__Lib_Conversions.c,69 :: 		
0x029A	0x6A5B      	CLRF        ByteToStr_DigitPos_L0 
L_ByteToStr0:
0x029C	0x0E03      	MOVLW       3
0x029E	0x5C5B      	SUBWF       ByteToStr_DigitPos_L0, 0 
0x02A0	0xE20A      	BC          L_ByteToStr1
;__Lib_Conversions.c,70 :: 		
0x02A2	0x505B      	MOVF        ByteToStr_DigitPos_L0, 0 
0x02A4	0x2459      	ADDWF       FARG_ByteToStr_output, 0 
0x02A6	0x6EE1      	MOVWF       FSR1L 
0x02A8	0x0E00      	MOVLW       0
0x02AA	0x205A      	ADDWFC      FARG_ByteToStr_output+1, 0 
0x02AC	0x6EE2      	MOVWF       FSR1L+1 
0x02AE	0x0E20      	MOVLW       32
0x02B0	0x6EE6      	MOVWF       POSTINC1 
;__Lib_Conversions.c,69 :: 		
0x02B2	0x2A5B      	INCF        ByteToStr_DigitPos_L0, 1 
;__Lib_Conversions.c,70 :: 		
0x02B4	0xD7F3      	BRA         L_ByteToStr0
L_ByteToStr1:
;__Lib_Conversions.c,72 :: 		
0x02B6	0x505B      	MOVF        ByteToStr_DigitPos_L0, 0 
0x02B8	0x2459      	ADDWF       FARG_ByteToStr_output, 0 
0x02BA	0x6EE1      	MOVWF       FSR1L 
0x02BC	0x0E00      	MOVLW       0
0x02BE	0x205A      	ADDWFC      FARG_ByteToStr_output+1, 0 
0x02C0	0x6EE2      	MOVWF       FSR1L+1 
0x02C2	0x6AE6      	CLRF        POSTINC1 
0x02C4	0x065B      	DECF        ByteToStr_DigitPos_L0, 1 
;__Lib_Conversions.c,74 :: 		
L_ByteToStr3:
;__Lib_Conversions.c,75 :: 		
0x02C6	0x505B      	MOVF        ByteToStr_DigitPos_L0, 0 
0x02C8	0x2459      	ADDWF       FARG_ByteToStr_output, 0 
0x02CA	0x6E5C      	MOVWF       FLOC__ByteToStr 
0x02CC	0x0E00      	MOVLW       0
0x02CE	0x205A      	ADDWFC      FARG_ByteToStr_output+1, 0 
0x02D0	0x6E5D      	MOVWF       FLOC__ByteToStr+1 
0x02D2	0x0E0A      	MOVLW       10
0x02D4	0x6E04      	MOVWF       R4 
0x02D6	0xF000C058  	MOVFF       FARG_ByteToStr_input, R0
0x02DA	0xDEF2      	RCALL       _Div_8X8_U
0x02DC	0xF000C008  	MOVFF       R8, R0
0x02E0	0x0E30      	MOVLW       48
0x02E2	0x2600      	ADDWF       R0, 1 
0x02E4	0xFFE1C05C  	MOVFF       FLOC__ByteToStr, FSR1L
0x02E8	0xFFE2C05D  	MOVFF       FLOC__ByteToStr+1, FSR1H
0x02EC	0xFFE6C000  	MOVFF       R0, POSTINC1
;__Lib_Conversions.c,76 :: 		
0x02F0	0x0E0A      	MOVLW       10
0x02F2	0x6E04      	MOVWF       R4 
0x02F4	0xF000C058  	MOVFF       FARG_ByteToStr_input, R0
0x02F8	0xDEE3      	RCALL       _Div_8X8_U
0x02FA	0xF058C000  	MOVFF       R0, FARG_ByteToStr_input
;__Lib_Conversions.c,77 :: 		
0x02FE	0x5000      	MOVF        R0, 0 
0x0300	0x0A00      	XORLW       0
0x0302	0xE101      	BNZ         L_ByteToStr5
;__Lib_Conversions.c,78 :: 		
0x0304	0xD002      	BRA         L_ByteToStr4
L_ByteToStr5:
;__Lib_Conversions.c,79 :: 		
0x0306	0x065B      	DECF        ByteToStr_DigitPos_L0, 1 
;__Lib_Conversions.c,80 :: 		
0x0308	0xD7DE      	BRA         L_ByteToStr3
L_ByteToStr4:
;__Lib_Conversions.c,81 :: 		
L_end_ByteToStr:
0x030A	0x0012      	RETURN      0
; end of _ByteToStr
_Lcd_Chr:
;__Lib_Lcd.c,65 :: 		
;__Lib_Lcd.c,66 :: 		
0x030C	0xD00F      	BRA         L_Lcd_Chr4
;__Lib_Lcd.c,67 :: 		
L_Lcd_Chr6:
0x030E	0x0E80      	MOVLW       128
0x0310	0x6E58      	MOVWF       FARG_Lcd_Chr_row 
0x0312	0xD019      	BRA         L_Lcd_Chr5
;__Lib_Lcd.c,68 :: 		
L_Lcd_Chr7:
0x0314	0x0EC0      	MOVLW       192
0x0316	0x6E58      	MOVWF       FARG_Lcd_Chr_row 
0x0318	0xD016      	BRA         L_Lcd_Chr5
;__Lib_Lcd.c,69 :: 		
L_Lcd_Chr8:
0x031A	0x0E94      	MOVLW       148
0x031C	0x6E58      	MOVWF       FARG_Lcd_Chr_row 
0x031E	0xD013      	BRA         L_Lcd_Chr5
;__Lib_Lcd.c,70 :: 		
L_Lcd_Chr9:
0x0320	0x0ED4      	MOVLW       212
0x0322	0x6E58      	MOVWF       FARG_Lcd_Chr_row 
0x0324	0xD010      	BRA         L_Lcd_Chr5
;__Lib_Lcd.c,71 :: 		
L_Lcd_Chr10:
0x0326	0x0E80      	MOVLW       128
0x0328	0x6E58      	MOVWF       FARG_Lcd_Chr_row 
;__Lib_Lcd.c,72 :: 		
0x032A	0xD00D      	BRA         L_Lcd_Chr5
L_Lcd_Chr4:
0x032C	0x5058      	MOVF        FARG_Lcd_Chr_row, 0 
0x032E	0x0A01      	XORLW       1
0x0330	0xE0EE      	BZ          L_Lcd_Chr6
0x0332	0x5058      	MOVF        FARG_Lcd_Chr_row, 0 
0x0334	0x0A02      	XORLW       2
0x0336	0xE0EE      	BZ          L_Lcd_Chr7
0x0338	0x5058      	MOVF        FARG_Lcd_Chr_row, 0 
0x033A	0x0A03      	XORLW       3
0x033C	0xE0EE      	BZ          L_Lcd_Chr8
0x033E	0x5058      	MOVF        FARG_Lcd_Chr_row, 0 
0x0340	0x0A04      	XORLW       4
0x0342	0xE0EE      	BZ          L_Lcd_Chr9
0x0344	0xD7F0      	BRA         L_Lcd_Chr10
L_Lcd_Chr5:
;__Lib_Lcd.c,74 :: 		
0x0346	0x0459      	DECF        FARG_Lcd_Chr_column, 0 
0x0348	0x6E00      	MOVWF       R0 
0x034A	0x5058      	MOVF        FARG_Lcd_Chr_row, 0 
0x034C	0x2600      	ADDWF       R0, 1 
0x034E	0xF058C000  	MOVFF       R0, FARG_Lcd_Chr_row
;__Lib_Lcd.c,76 :: 		
0x0352	0x8052      	BSF         __Lib_Lcd_cmd_status, BitPos(__Lib_Lcd_cmd_status+0) 
;__Lib_Lcd.c,77 :: 		
0x0354	0xF063C000  	MOVFF       R0, FARG_Lcd_Cmd_out_char
0x0358	0xDE74      	RCALL       _Lcd_Cmd
;__Lib_Lcd.c,79 :: 		
0x035A	0x9052      	BCF         __Lib_Lcd_cmd_status, BitPos(__Lib_Lcd_cmd_status+0) 
;__Lib_Lcd.c,80 :: 		
0x035C	0xF063C05A  	MOVFF       FARG_Lcd_Chr_out_char, FARG_Lcd_Cmd_out_char
0x0360	0xDE70      	RCALL       _Lcd_Cmd
;__Lib_Lcd.c,81 :: 		
0x0362	0x8052      	BSF         __Lib_Lcd_cmd_status, BitPos(__Lib_Lcd_cmd_status+0) 
;__Lib_Lcd.c,82 :: 		
L_end_Lcd_Chr:
0x0364	0x0012      	RETURN      0
; end of _Lcd_Chr
_Keypad_Key_Click:
;__Lib_Keypad4x4.c,77 :: 		
;__Lib_Keypad4x4.c,81 :: 		
0x0366	0xDEC7      	RCALL       _Keypad_Key_Press
0x0368	0xF058C000  	MOVFF       R0, Keypad_Key_Click_rslt_L0
;__Lib_Keypad4x4.c,83 :: 		
L_Keypad_Key_Click5:
0x036C	0x0E0F      	MOVLW       15
0x036E	0x1483      	ANDWF       keypadPort, 0 
0x0370	0x6E00      	MOVWF       R0 
0x0372	0xE002      	BZ          L_Keypad_Key_Click6
;__Lib_Keypad4x4.c,84 :: 		
0x0374	0xDEB4      	RCALL       _Delay_10us
0x0376	0xD7FA      	BRA         L_Keypad_Key_Click5
L_Keypad_Key_Click6:
;__Lib_Keypad4x4.c,86 :: 		
0x0378	0xF000C058  	MOVFF       Keypad_Key_Click_rslt_L0, R0
;__Lib_Keypad4x4.c,87 :: 		
L_end_Keypad_Key_Click:
0x037C	0x0012      	RETURN      0
; end of _Keypad_Key_Click
_main:
0x037E	0xF003EC30  	CALL        1632, 0
;Lab73.c,26 :: 		void main() {
;Lab73.c,27 :: 		count = 5;                                // To write Counter in 5. columns
0x0382	0x0E05      	MOVLW       5
0x0384	0x6E50      	MOVWF       _count 
;Lab73.c,28 :: 		Keypad_Init();                           // Initialize Keypad
0x0386	0xDF3F      	RCALL       _Keypad_Init
;Lab73.c,29 :: 		ANSELB = 0;                              // Configure AN pins as digital I/O
0x0388	0x010F      	MOVLB       15
0x038A	0x6B39      	CLRF        ANSELB, 1
;Lab73.c,30 :: 		ANSELD = 0;
0x038C	0x6B3B      	CLRF        ANSELD, 1
;Lab73.c,31 :: 		ANSELE = 0;
0x038E	0x6B3C      	CLRF        ANSELE, 1
;Lab73.c,32 :: 		Lcd_Init();                              // Initialize LCD
0x0390	0xDEE7      	RCALL       _Lcd_Init
;Lab73.c,33 :: 		Lcd_Cmd(_LCD_CLEAR);                     // Clear display
0x0392	0x0E01      	MOVLW       1
0x0394	0x0100      	MOVLB       0
0x0396	0x6F63      	MOVWF       FARG_Lcd_Cmd_out_char, 1
0x0398	0xDE54      	RCALL       _Lcd_Cmd
;Lab73.c,34 :: 		Lcd_Cmd(_LCD_CURSOR_OFF);                // Cursor off
0x039A	0x0E0C      	MOVLW       12
0x039C	0x6F63      	MOVWF       FARG_Lcd_Cmd_out_char, 1
0x039E	0xDE51      	RCALL       _Lcd_Cmd
;Lab73.c,36 :: 		Lcd_Out(1, 1, "Enter Four Digits");                 // Write message text on LCD
0x03A0	0x0E01      	MOVLW       1
0x03A2	0x6E58      	MOVWF       FARG_Lcd_Out_row 
0x03A4	0x0E01      	MOVLW       1
0x03A6	0x6E59      	MOVWF       FARG_Lcd_Out_column 
0x03A8	0x0E1B      	MOVLW       ?lstr1_Lab73
0x03AA	0x6E5A      	MOVWF       FARG_Lcd_Out_text 
0x03AC	0x0E00      	MOVLW       hi_addr(?lstr1_Lab73)
0x03AE	0x6E5B      	MOVWF       FARG_Lcd_Out_text+1 
0x03B0	0xDF37      	RCALL       _Lcd_Out
;Lab73.c,37 :: 		Lcd_Out(2, 1, "After 2 seconds");
0x03B2	0x0E02      	MOVLW       2
0x03B4	0x6E58      	MOVWF       FARG_Lcd_Out_row 
0x03B6	0x0E01      	MOVLW       1
0x03B8	0x6E59      	MOVWF       FARG_Lcd_Out_column 
0x03BA	0x0E2D      	MOVLW       ?lstr2_Lab73
0x03BC	0x6E5A      	MOVWF       FARG_Lcd_Out_text 
0x03BE	0x0E00      	MOVLW       hi_addr(?lstr2_Lab73)
0x03C0	0x6E5B      	MOVWF       FARG_Lcd_Out_text+1 
0x03C2	0xDF2E      	RCALL       _Lcd_Out
;Lab73.c,38 :: 		delay_ms(2000);
0x03C4	0x0E15      	MOVLW       21
0x03C6	0x6E0B      	MOVWF       R11, 0
0x03C8	0x0E4B      	MOVLW       75
0x03CA	0x6E0C      	MOVWF       R12, 0
0x03CC	0x0EBE      	MOVLW       190
0x03CE	0x6E0D      	MOVWF       R13, 0
L_main0:
0x03D0	0x2E0D      	DECFSZ      R13, 1, 0
0x03D2	0xD7FE      	BRA         L_main0
0x03D4	0x2E0C      	DECFSZ      R12, 1, 0
0x03D6	0xD7FC      	BRA         L_main0
0x03D8	0x2E0B      	DECFSZ      R11, 1, 0
0x03DA	0xD7FA      	BRA         L_main0
0x03DC	0x0000      	NOP
;Lab73.c,39 :: 		Lcd_Cmd(_LCD_CLEAR);                     // Clear display
0x03DE	0x0E01      	MOVLW       1
0x03E0	0x6F63      	MOVWF       FARG_Lcd_Cmd_out_char, 1
0x03E2	0xDE2F      	RCALL       _Lcd_Cmd
;Lab73.c,41 :: 		do {
L_main1:
;Lab73.c,42 :: 		kp = 0;                                // Reset key code variable
0x03E4	0x6A51      	CLRF        _kp 
;Lab73.c,45 :: 		do
L_main4:
;Lab73.c,46 :: 		kp = Keypad_Key_Click();             // Store key code in kp variable
0x03E6	0xDFBF      	RCALL       _Keypad_Key_Click
0x03E8	0xF051C000  	MOVFF       R0, _kp
;Lab73.c,47 :: 		while (!kp);
0x03EC	0x5200      	MOVF        R0, 1 
0x03EE	0xE0FB      	BZ          L_main4
;Lab73.c,49 :: 		switch (kp) {
0x03F0	0xD030      	BRA         L_main7
;Lab73.c,50 :: 		case  1: kp = 49; break; // 1
L_main9:
0x03F2	0x0E31      	MOVLW       49
0x03F4	0x6E51      	MOVWF       _kp 
0x03F6	0xD05D      	BRA         L_main8
;Lab73.c,51 :: 		case  2: kp = 50; break; // 2
L_main10:
0x03F8	0x0E32      	MOVLW       50
0x03FA	0x6E51      	MOVWF       _kp 
0x03FC	0xD05A      	BRA         L_main8
;Lab73.c,52 :: 		case  3: kp = 51; break; // 3
L_main11:
0x03FE	0x0E33      	MOVLW       51
0x0400	0x6E51      	MOVWF       _kp 
0x0402	0xD057      	BRA         L_main8
;Lab73.c,53 :: 		case  4: kp = 65; break; // A
L_main12:
0x0404	0x0E41      	MOVLW       65
0x0406	0x6E51      	MOVWF       _kp 
0x0408	0xD054      	BRA         L_main8
;Lab73.c,54 :: 		case  5: kp = 52; break; // 4
L_main13:
0x040A	0x0E34      	MOVLW       52
0x040C	0x6E51      	MOVWF       _kp 
0x040E	0xD051      	BRA         L_main8
;Lab73.c,55 :: 		case  6: kp = 53; break; // 5
L_main14:
0x0410	0x0E35      	MOVLW       53
0x0412	0x6E51      	MOVWF       _kp 
0x0414	0xD04E      	BRA         L_main8
;Lab73.c,56 :: 		case  7: kp = 54; break; // 6
L_main15:
0x0416	0x0E36      	MOVLW       54
0x0418	0x6E51      	MOVWF       _kp 
0x041A	0xD04B      	BRA         L_main8
;Lab73.c,57 :: 		case  8: kp = 66; break; // B
L_main16:
0x041C	0x0E42      	MOVLW       66
0x041E	0x6E51      	MOVWF       _kp 
0x0420	0xD048      	BRA         L_main8
;Lab73.c,58 :: 		case  9: kp = 55; break; // 7
L_main17:
0x0422	0x0E37      	MOVLW       55
0x0424	0x6E51      	MOVWF       _kp 
0x0426	0xD045      	BRA         L_main8
;Lab73.c,59 :: 		case 10: kp = 56; break; // 8
L_main18:
0x0428	0x0E38      	MOVLW       56
0x042A	0x6E51      	MOVWF       _kp 
0x042C	0xD042      	BRA         L_main8
;Lab73.c,60 :: 		case 11: kp = 57; break; // 9
L_main19:
0x042E	0x0E39      	MOVLW       57
0x0430	0x6E51      	MOVWF       _kp 
0x0432	0xD03F      	BRA         L_main8
;Lab73.c,61 :: 		case 12: kp = 67; break; // C
L_main20:
0x0434	0x0E43      	MOVLW       67
0x0436	0x6E51      	MOVWF       _kp 
0x0438	0xD03C      	BRA         L_main8
;Lab73.c,62 :: 		case 13: kp = 42; break; // *
L_main21:
0x043A	0x0E2A      	MOVLW       42
0x043C	0x6E51      	MOVWF       _kp 
0x043E	0xD039      	BRA         L_main8
;Lab73.c,63 :: 		case 14: kp = 48; break; // 0
L_main22:
0x0440	0x0E30      	MOVLW       48
0x0442	0x6E51      	MOVWF       _kp 
0x0444	0xD036      	BRA         L_main8
;Lab73.c,64 :: 		case 15: kp = 35; break; // #
L_main23:
0x0446	0x0E23      	MOVLW       35
0x0448	0x6E51      	MOVWF       _kp 
0x044A	0xD033      	BRA         L_main8
;Lab73.c,65 :: 		case 16: kp = 68; break; // D
L_main24:
0x044C	0x0E44      	MOVLW       68
0x044E	0x6E51      	MOVWF       _kp 
0x0450	0xD030      	BRA         L_main8
;Lab73.c,67 :: 		}
L_main7:
0x0452	0x5051      	MOVF        _kp, 0 
0x0454	0x0A01      	XORLW       1
0x0456	0xE0CD      	BZ          L_main9
0x0458	0x5051      	MOVF        _kp, 0 
0x045A	0x0A02      	XORLW       2
0x045C	0xE0CD      	BZ          L_main10
0x045E	0x5051      	MOVF        _kp, 0 
0x0460	0x0A03      	XORLW       3
0x0462	0xE0CD      	BZ          L_main11
0x0464	0x5051      	MOVF        _kp, 0 
0x0466	0x0A04      	XORLW       4
0x0468	0xE0CD      	BZ          L_main12
0x046A	0x5051      	MOVF        _kp, 0 
0x046C	0x0A05      	XORLW       5
0x046E	0xE0CD      	BZ          L_main13
0x0470	0x5051      	MOVF        _kp, 0 
0x0472	0x0A06      	XORLW       6
0x0474	0xE0CD      	BZ          L_main14
0x0476	0x5051      	MOVF        _kp, 0 
0x0478	0x0A07      	XORLW       7
0x047A	0xE0CD      	BZ          L_main15
0x047C	0x5051      	MOVF        _kp, 0 
0x047E	0x0A08      	XORLW       8
0x0480	0xE0CD      	BZ          L_main16
0x0482	0x5051      	MOVF        _kp, 0 
0x0484	0x0A09      	XORLW       9
0x0486	0xE0CD      	BZ          L_main17
0x0488	0x5051      	MOVF        _kp, 0 
0x048A	0x0A0A      	XORLW       10
0x048C	0xE0CD      	BZ          L_main18
0x048E	0x5051      	MOVF        _kp, 0 
0x0490	0x0A0B      	XORLW       11
0x0492	0xE0CD      	BZ          L_main19
0x0494	0x5051      	MOVF        _kp, 0 
0x0496	0x0A0C      	XORLW       12
0x0498	0xE0CD      	BZ          L_main20
0x049A	0x5051      	MOVF        _kp, 0 
0x049C	0x0A0D      	XORLW       13
0x049E	0xE0CD      	BZ          L_main21
0x04A0	0x5051      	MOVF        _kp, 0 
0x04A2	0x0A0E      	XORLW       14
0x04A4	0xE0CD      	BZ          L_main22
0x04A6	0x5051      	MOVF        _kp, 0 
0x04A8	0x0A0F      	XORLW       15
0x04AA	0xE0CD      	BZ          L_main23
0x04AC	0x5051      	MOVF        _kp, 0 
0x04AE	0x0A10      	XORLW       16
0x04B0	0xE0CD      	BZ          L_main24
L_main8:
;Lab73.c,69 :: 		Lcd_Chr(1,++count, kp);                    // Print key ASCII value on LCD
0x04B2	0x0E01      	MOVLW       1
0x04B4	0x6E58      	MOVWF       FARG_Lcd_Chr_row 
0x04B6	0x2A50      	INCF        _count, 1 
0x04B8	0xF059C050  	MOVFF       _count, FARG_Lcd_Chr_column
0x04BC	0xF05AC051  	MOVFF       _kp, FARG_Lcd_Chr_out_char
0x04C0	0xDF25      	RCALL       _Lcd_Chr
;Lab73.c,70 :: 		Lcd_Out(1,8, ":");                         // for count-down
0x04C2	0x0E01      	MOVLW       1
0x04C4	0x6E58      	MOVWF       FARG_Lcd_Out_row 
0x04C6	0x0E08      	MOVLW       8
0x04C8	0x6E59      	MOVWF       FARG_Lcd_Out_column 
0x04CA	0x0E19      	MOVLW       ?lstr3_Lab73
0x04CC	0x6E5A      	MOVWF       FARG_Lcd_Out_text 
0x04CE	0x0E00      	MOVLW       hi_addr(?lstr3_Lab73)
0x04D0	0x6E5B      	MOVWF       FARG_Lcd_Out_text+1 
0x04D2	0xDEA6      	RCALL       _Lcd_Out
;Lab73.c,71 :: 		delay_ms(100);
0x04D4	0x0E02      	MOVLW       2
0x04D6	0x6E0B      	MOVWF       R11, 0
0x04D8	0x0E04      	MOVLW       4
0x04DA	0x6E0C      	MOVWF       R12, 0
0x04DC	0x0EBA      	MOVLW       186
0x04DE	0x6E0D      	MOVWF       R13, 0
L_main25:
0x04E0	0x2E0D      	DECFSZ      R13, 1, 0
0x04E2	0xD7FE      	BRA         L_main25
0x04E4	0x2E0C      	DECFSZ      R12, 1, 0
0x04E6	0xD7FC      	BRA         L_main25
0x04E8	0x2E0B      	DECFSZ      R11, 1, 0
0x04EA	0xD7FA      	BRA         L_main25
0x04EC	0x0000      	NOP
;Lab73.c,73 :: 		if (count == 10) {                        //  when you enter four digit it will come here
0x04EE	0x5050      	MOVF        _count, 0 
0x04F0	0x0A0A      	XORLW       10
0x04F2	0xA4D8      	BTFSS       STATUS, 2 
0x04F4	0xD098      	BRA         L_main26
;Lab73.c,75 :: 		Lcd_Cmd(_LCD_CLEAR);
0x04F6	0x0E01      	MOVLW       1
0x04F8	0x6F63      	MOVWF       FARG_Lcd_Cmd_out_char, 1
0x04FA	0xDDA3      	RCALL       _Lcd_Cmd
;Lab73.c,76 :: 		for (j=59;j>=0;j--)
0x04FC	0x0E3B      	MOVLW       59
0x04FE	0x6E4F      	MOVWF       _j 
L_main27:
0x0500	0x0E00      	MOVLW       0
0x0502	0x5C4F      	SUBWF       _j, 0 
0x0504	0xA0D8      	BTFSS       STATUS, 0 
0x0506	0xD085      	BRA         L_main28
;Lab73.c,78 :: 		ByteToStr(j, display1);
0x0508	0xF058C04F  	MOVFF       _j, FARG_ByteToStr_input
0x050C	0x0E4B      	MOVLW       _display1
0x050E	0x6E59      	MOVWF       FARG_ByteToStr_output 
0x0510	0x0E00      	MOVLW       hi_addr(_display1)
0x0512	0x6E5A      	MOVWF       FARG_ByteToStr_output+1 
0x0514	0xDEC2      	RCALL       _ByteToStr
;Lab73.c,79 :: 		Lcd_Out(1, 8, display1);
0x0516	0x0E01      	MOVLW       1
0x0518	0x6E58      	MOVWF       FARG_Lcd_Out_row 
0x051A	0x0E08      	MOVLW       8
0x051C	0x6E59      	MOVWF       FARG_Lcd_Out_column 
0x051E	0x0E4B      	MOVLW       _display1
0x0520	0x6E5A      	MOVWF       FARG_Lcd_Out_text 
0x0522	0x0E00      	MOVLW       hi_addr(_display1)
0x0524	0x6E5B      	MOVWF       FARG_Lcd_Out_text+1 
0x0526	0xDE7C      	RCALL       _Lcd_Out
;Lab73.c,80 :: 		Lcd_Out(1, 7, "1");
0x0528	0x0E01      	MOVLW       1
0x052A	0x6E58      	MOVWF       FARG_Lcd_Out_row 
0x052C	0x0E07      	MOVLW       7
0x052E	0x6E59      	MOVWF       FARG_Lcd_Out_column 
0x0530	0x0E17      	MOVLW       ?lstr4_Lab73
0x0532	0x6E5A      	MOVWF       FARG_Lcd_Out_text 
0x0534	0x0E00      	MOVLW       hi_addr(?lstr4_Lab73)
0x0536	0x6E5B      	MOVWF       FARG_Lcd_Out_text+1 
0x0538	0xDE73      	RCALL       _Lcd_Out
;Lab73.c,81 :: 		Lcd_Out(1, 6, "0");
0x053A	0x0E01      	MOVLW       1
0x053C	0x6E58      	MOVWF       FARG_Lcd_Out_row 
0x053E	0x0E06      	MOVLW       6
0x0540	0x6E59      	MOVWF       FARG_Lcd_Out_column 
0x0542	0x0E15      	MOVLW       ?lstr5_Lab73
0x0544	0x6E5A      	MOVWF       FARG_Lcd_Out_text 
0x0546	0x0E00      	MOVLW       hi_addr(?lstr5_Lab73)
0x0548	0x6E5B      	MOVWF       FARG_Lcd_Out_text+1 
0x054A	0xDE6A      	RCALL       _Lcd_Out
;Lab73.c,82 :: 		Lcd_Out(1, 8, ":");
0x054C	0x0E01      	MOVLW       1
0x054E	0x6E58      	MOVWF       FARG_Lcd_Out_row 
0x0550	0x0E08      	MOVLW       8
0x0552	0x6E59      	MOVWF       FARG_Lcd_Out_column 
0x0554	0x0E3D      	MOVLW       ?lstr6_Lab73
0x0556	0x6E5A      	MOVWF       FARG_Lcd_Out_text 
0x0558	0x0E00      	MOVLW       hi_addr(?lstr6_Lab73)
0x055A	0x6E5B      	MOVWF       FARG_Lcd_Out_text+1 
0x055C	0xDE61      	RCALL       _Lcd_Out
;Lab73.c,83 :: 		Delay_ms(250);
0x055E	0x0E03      	MOVLW       3
0x0560	0x6E0B      	MOVWF       R11, 0
0x0562	0x0E8A      	MOVLW       138
0x0564	0x6E0C      	MOVWF       R12, 0
0x0566	0x0E55      	MOVLW       85
0x0568	0x6E0D      	MOVWF       R13, 0
L_main30:
0x056A	0x2E0D      	DECFSZ      R13, 1, 0
0x056C	0xD7FE      	BRA         L_main30
0x056E	0x2E0C      	DECFSZ      R12, 1, 0
0x0570	0xD7FC      	BRA         L_main30
0x0572	0x2E0B      	DECFSZ      R11, 1, 0
0x0574	0xD7FA      	BRA         L_main30
0x0576	0x0000      	NOP
0x0578	0x0000      	NOP
;Lab73.c,85 :: 		if (j == 0)
0x057A	0x504F      	MOVF        _j, 0 
0x057C	0x0A00      	XORLW       0
0x057E	0xE147      	BNZ         L_main31
;Lab73.c,87 :: 		Lcd_Cmd(_LCD_CLEAR);
0x0580	0x0E01      	MOVLW       1
0x0582	0x6F63      	MOVWF       FARG_Lcd_Cmd_out_char, 1
0x0584	0xDD5E      	RCALL       _Lcd_Cmd
;Lab73.c,88 :: 		for (i=59;i>=0;i--)
0x0586	0x0E3B      	MOVLW       59
0x0588	0x6E53      	MOVWF       _i 
L_main32:
0x058A	0x0E00      	MOVLW       0
0x058C	0x5C53      	SUBWF       _i, 0 
0x058E	0xE33F      	BNC         L_main33
;Lab73.c,90 :: 		ByteToStr(i, display2);
0x0590	0xF058C053  	MOVFF       _i, FARG_ByteToStr_input
0x0594	0x0E54      	MOVLW       _display2
0x0596	0x6E59      	MOVWF       FARG_ByteToStr_output 
0x0598	0x0E00      	MOVLW       hi_addr(_display2)
0x059A	0x6E5A      	MOVWF       FARG_ByteToStr_output+1 
0x059C	0xDE7E      	RCALL       _ByteToStr
;Lab73.c,91 :: 		Lcd_Out(1, 8, display2);
0x059E	0x0E01      	MOVLW       1
0x05A0	0x6E58      	MOVWF       FARG_Lcd_Out_row 
0x05A2	0x0E08      	MOVLW       8
0x05A4	0x6E59      	MOVWF       FARG_Lcd_Out_column 
0x05A6	0x0E54      	MOVLW       _display2
0x05A8	0x6E5A      	MOVWF       FARG_Lcd_Out_text 
0x05AA	0x0E00      	MOVLW       hi_addr(_display2)
0x05AC	0x6E5B      	MOVWF       FARG_Lcd_Out_text+1 
0x05AE	0xDE38      	RCALL       _Lcd_Out
;Lab73.c,92 :: 		Lcd_Out(1, 7, "0");
0x05B0	0x0E01      	MOVLW       1
0x05B2	0x6E58      	MOVWF       FARG_Lcd_Out_row 
0x05B4	0x0E07      	MOVLW       7
0x05B6	0x6E59      	MOVWF       FARG_Lcd_Out_column 
0x05B8	0x0E49      	MOVLW       ?lstr7_Lab73
0x05BA	0x6E5A      	MOVWF       FARG_Lcd_Out_text 
0x05BC	0x0E00      	MOVLW       hi_addr(?lstr7_Lab73)
0x05BE	0x6E5B      	MOVWF       FARG_Lcd_Out_text+1 
0x05C0	0xDE2F      	RCALL       _Lcd_Out
;Lab73.c,93 :: 		Lcd_Out(1, 6, "0");
0x05C2	0x0E01      	MOVLW       1
0x05C4	0x6E58      	MOVWF       FARG_Lcd_Out_row 
0x05C6	0x0E06      	MOVLW       6
0x05C8	0x6E59      	MOVWF       FARG_Lcd_Out_column 
0x05CA	0x0E47      	MOVLW       ?lstr8_Lab73
0x05CC	0x6E5A      	MOVWF       FARG_Lcd_Out_text 
0x05CE	0x0E00      	MOVLW       hi_addr(?lstr8_Lab73)
0x05D0	0x6E5B      	MOVWF       FARG_Lcd_Out_text+1 
0x05D2	0xDE26      	RCALL       _Lcd_Out
;Lab73.c,94 :: 		Lcd_Out(1, 8, ":");
0x05D4	0x0E01      	MOVLW       1
0x05D6	0x6E58      	MOVWF       FARG_Lcd_Out_row 
0x05D8	0x0E08      	MOVLW       8
0x05DA	0x6E59      	MOVWF       FARG_Lcd_Out_column 
0x05DC	0x0E3F      	MOVLW       ?lstr9_Lab73
0x05DE	0x6E5A      	MOVWF       FARG_Lcd_Out_text 
0x05E0	0x0E00      	MOVLW       hi_addr(?lstr9_Lab73)
0x05E2	0x6E5B      	MOVWF       FARG_Lcd_Out_text+1 
0x05E4	0xDE1D      	RCALL       _Lcd_Out
;Lab73.c,95 :: 		Delay_ms(250);
0x05E6	0x0E03      	MOVLW       3
0x05E8	0x6E0B      	MOVWF       R11, 0
0x05EA	0x0E8A      	MOVLW       138
0x05EC	0x6E0C      	MOVWF       R12, 0
0x05EE	0x0E55      	MOVLW       85
0x05F0	0x6E0D      	MOVWF       R13, 0
L_main35:
0x05F2	0x2E0D      	DECFSZ      R13, 1, 0
0x05F4	0xD7FE      	BRA         L_main35
0x05F6	0x2E0C      	DECFSZ      R12, 1, 0
0x05F8	0xD7FC      	BRA         L_main35
0x05FA	0x2E0B      	DECFSZ      R11, 1, 0
0x05FC	0xD7FA      	BRA         L_main35
0x05FE	0x0000      	NOP
0x0600	0x0000      	NOP
;Lab73.c,96 :: 		if (i <= 0)
0x0602	0x5053      	MOVF        _i, 0 
0x0604	0x0800      	SUBLW       0
0x0606	0xE301      	BNC         L_main36
;Lab73.c,98 :: 		goto turhan;
0x0608	0xD004      	BRA         ___main_turhan
;Lab73.c,99 :: 		}
L_main36:
;Lab73.c,88 :: 		for (i=59;i>=0;i--)
0x060A	0x0653      	DECF        _i, 1 
;Lab73.c,100 :: 		}
0x060C	0xD7BE      	BRA         L_main32
L_main33:
;Lab73.c,101 :: 		}
L_main31:
;Lab73.c,76 :: 		for (j=59;j>=0;j--)
0x060E	0x064F      	DECF        _j, 1 
;Lab73.c,102 :: 		}
0x0610	0xD777      	BRA         L_main27
L_main28:
;Lab73.c,103 :: 		while(1){
L_main37:
;Lab73.c,104 :: 		turhan:
___main_turhan:
;Lab73.c,105 :: 		Lcd_Out(1, 6, "00:00");
0x0612	0x0E01      	MOVLW       1
0x0614	0x6E58      	MOVWF       FARG_Lcd_Out_row 
0x0616	0x0E06      	MOVLW       6
0x0618	0x6E59      	MOVWF       FARG_Lcd_Out_column 
0x061A	0x0E41      	MOVLW       ?lstr10_Lab73
0x061C	0x6E5A      	MOVWF       FARG_Lcd_Out_text 
0x061E	0x0E00      	MOVLW       hi_addr(?lstr10_Lab73)
0x0620	0x6E5B      	MOVWF       FARG_Lcd_Out_text+1 
0x0622	0xDDFE      	RCALL       _Lcd_Out
;Lab73.c,106 :: 		}
0x0624	0xD7F6      	BRA         L_main37
;Lab73.c,107 :: 		}
L_main26:
;Lab73.c,108 :: 		} while (1);
0x0626	0xD6DE      	BRA         L_main1
;Lab73.c,109 :: 		}
L_end_main:
0x0628	0xD7FF      	BRA         $+0
; end of _main
0x0660	0xF015EE10  	LFSR        1, 21
0x0664	0x0E36      	MOVLW       54
0x0666	0x6E00      	MOVWF       R0 
0x0668	0x0E01      	MOVLW       1
0x066A	0x6E01      	MOVWF       R1 
0x066C	0x0E2A      	MOVLW       42
0x066E	0x6EF6      	MOVWF       TBLPTR 
0x0670	0x0E06      	MOVLW       6
0x0672	0x6EF7      	MOVWF       TBLPTRH 
0x0674	0x0E00      	MOVLW       0
0x0676	0x6EF8      	MOVWF       TBLPTRU 
0x0678	0xF000ECFB  	CALL        502, 0
0x067C	0x0012      	RETURN      0
;Lab73.c,0 :: ?ICS?lstr5_Lab73
0x062A	0x0030 ;?ICS?lstr5_Lab73+0
; end of ?ICS?lstr5_Lab73
;Lab73.c,0 :: ?ICS?lstr4_Lab73
0x062C	0x0031 ;?ICS?lstr4_Lab73+0
; end of ?ICS?lstr4_Lab73
;Lab73.c,0 :: ?ICS?lstr3_Lab73
0x062E	0x003A ;?ICS?lstr3_Lab73+0
; end of ?ICS?lstr3_Lab73
;Lab73.c,0 :: ?ICS?lstr1_Lab73
0x0630	0x6E45 ;?ICS?lstr1_Lab73+0
0x0632	0x6574 ;?ICS?lstr1_Lab73+2
0x0634	0x2072 ;?ICS?lstr1_Lab73+4
0x0636	0x6F46 ;?ICS?lstr1_Lab73+6
0x0638	0x7275 ;?ICS?lstr1_Lab73+8
0x063A	0x4420 ;?ICS?lstr1_Lab73+10
0x063C	0x6769 ;?ICS?lstr1_Lab73+12
0x063E	0x7469 ;?ICS?lstr1_Lab73+14
0x0640	0x0073 ;?ICS?lstr1_Lab73+16
; end of ?ICS?lstr1_Lab73
;Lab73.c,0 :: ?ICS?lstr2_Lab73
0x0642	0x6641 ;?ICS?lstr2_Lab73+0
0x0644	0x6574 ;?ICS?lstr2_Lab73+2
0x0646	0x2072 ;?ICS?lstr2_Lab73+4
0x0648	0x2032 ;?ICS?lstr2_Lab73+6
0x064A	0x6573 ;?ICS?lstr2_Lab73+8
0x064C	0x6F63 ;?ICS?lstr2_Lab73+10
0x064E	0x646E ;?ICS?lstr2_Lab73+12
0x0650	0x0073 ;?ICS?lstr2_Lab73+14
; end of ?ICS?lstr2_Lab73
;Lab73.c,0 :: ?ICS?lstr6_Lab73
0x0652	0x003A ;?ICS?lstr6_Lab73+0
; end of ?ICS?lstr6_Lab73
;Lab73.c,0 :: ?ICS?lstr9_Lab73
0x0654	0x003A ;?ICS?lstr9_Lab73+0
; end of ?ICS?lstr9_Lab73
;Lab73.c,0 :: ?ICS?lstr10_Lab73
0x0656	0x3030 ;?ICS?lstr10_Lab73+0
0x0658	0x303A ;?ICS?lstr10_Lab73+2
0x065A	0x0030 ;?ICS?lstr10_Lab73+4
; end of ?ICS?lstr10_Lab73
;Lab73.c,0 :: ?ICS?lstr8_Lab73
0x065C	0x0030 ;?ICS?lstr8_Lab73+0
; end of ?ICS?lstr8_Lab73
;Lab73.c,0 :: ?ICS?lstr7_Lab73
0x065E	0x0030 ;?ICS?lstr7_Lab73+0
; end of ?ICS?lstr7_Lab73
Symbol List:
//** Routines locations **
//ADDRESS    SIZE    PROCEDURE
//----------------------------------------------
0x001C      [10]    _Delay_50us
0x0026      [22]    _Delay_5500us
0x003C       [6]    _Delay_1us
0x0042     [126]    _Lcd_Cmd
0x00C0      [30]    _Div_8X8_U
0x00DE      [12]    _Delay_10us
0x00EA      [12]    _Lcd_Chr_CP
0x00F6     [106]    _Keypad_Key_Press
0x0160     [150]    _Lcd_Init
0x01F6      [16]    ___CC2DW
0x0206      [26]    _Keypad_Init
0x0220     [122]    _Lcd_Out
0x029A     [114]    _ByteToStr
0x030C      [90]    _Lcd_Chr
0x0366      [24]    _Keypad_Key_Click
0x037E     [684]    _main
//** Variables locations ** 
//ADDRESS    SIZE    VARIABLE
//----------------------------------------------
0x0000       [1]    R0
0x0001       [1]    R1
0x0001       [1]    __Lib_Conversions_Adjust_Hex_tmp_L0
0x0002       [2]    strlen_cp_L0
0x0002       [2]    memcpy_dd_L0
0x0002       [1]    R2
0x0002       [2]    memset_pp_L0
0x0002       [2]    memchr_s_L0
0x0003       [1]    R3
0x0003       [2]    Ltrim_original_L0
0x0003       [2]    memmove_tt_L0
0x0004       [1]    R4
0x0004       [2]    strncpy_cp_L0
0x0004       [2]    strcpy_cp_L0
0x0004       [2]    strcat_cp_L0
0x0004       [2]    strncat_cp_L0
0x0004       [2]    memcpy_ss_L0
0x0005       [2]    Ltrim_p_L0
0x0005       [1]    R5
0x0005       [2]    memmove_ff_L0
0x0005       [2]    LongWordToHex_input_half_L0
0x0005       [2]    LongIntToHex_input_half_L0
0x0006       [1]    R6
0x0007       [1]    R7
0x0008       [1]    R8
0x0009       [1]    R9
0x000A       [1]    R10
0x000B       [1]    R11
0x000C       [1]    R12
0x000D       [1]    R13
0x000E       [1]    R14
0x000F       [1]    R15
0x0010       [1]    R16
0x0011       [1]    R17
0x0012       [1]    R18
0x0013       [1]    R19
0x0014       [1]    R20
0x0015       [2]    ?lstr5_Lab73
0x0017       [2]    ?lstr4_Lab73
0x0019       [2]    ?lstr3_Lab73
0x001B      [18]    ?lstr1_Lab73
0x002D      [16]    ?lstr2_Lab73
0x003D       [2]    ?lstr6_Lab73
0x003F       [2]    ?lstr9_Lab73
0x0041       [6]    ?lstr10_Lab73
0x0047       [2]    ?lstr8_Lab73
0x0049       [2]    ?lstr7_Lab73
0x004B       [4]    _display1
0x004F       [1]    _j
0x0050       [1]    _count
0x0051       [1]    _kp
0x0052       [0]    __Lib_Lcd_cmd_status
0x0053       [1]    _i
0x0054       [4]    _display2
0x0058       [1]    FARG_Lcd_Chr_row
0x0058       [1]    FARG_ByteToStr_input
0x0058       [1]    Keypad_Key_Click_rslt_L0
0x0058       [1]    FARG_Lcd_Out_row
0x0059       [1]    FARG_Lcd_Out_column
0x0059       [2]    FARG_ByteToStr_output
0x0059       [1]    FARG_Lcd_Chr_column
0x005A       [2]    FARG_Lcd_Out_text
0x005A       [1]    FARG_Lcd_Chr_out_char
0x005B       [1]    ByteToStr_DigitPos_L0
0x005C       [1]    Lcd_Out_i_L0
0x005C       [2]    FLOC__ByteToStr
0x005E       [1]    FARG_Lcd_Chr_CP_out_char
0x005E       [1]    Keypad_Key_Press_rslt_L0
0x005F       [1]    Keypad_Key_Press_kdata_L0
0x0060       [1]    Keypad_Key_Press_loc_L0
0x0061       [1]    Keypad_Key_Press_rowcnt_L0
0x0062       [1]    Keypad_Key_Press_shifter_L0
0x0063       [1]    FARG_Lcd_Cmd_out_char
0x0F39       [1]    ANSELB
0x0F3B       [1]    ANSELD
0x0F3C       [1]    ANSELE
0x0F81       [0]    RB5_bit
0x0F81       [0]    RB6_bit
0x0F81       [0]    RB7_bit
0x0F81       [0]    RB4_bit
0x0F81       [0]    LCD_D7
0x0F81       [0]    LCD_D6
0x0F81       [0]    LCD_D4
0x0F81       [0]    LCD_D5
0x0F83       [1]    keypadPort
0x0F83       [1]    PORTD
0x0F84       [0]    LCD_EN
0x0F84       [0]    LCD_RS
0x0F84       [0]    RE1_bit
0x0F84       [0]    RE0_bit
0x0F93       [0]    TRISB7_bit
0x0F93       [0]    TRISB6_bit
0x0F93       [0]    TRISB5_bit
0x0F93       [0]    LCD_D4_Direction
0x0F93       [0]    LCD_D7_Direction
0x0F93       [0]    LCD_D6_Direction
0x0F93       [0]    LCD_D5_Direction
0x0F93       [0]    TRISB4_bit
0x0F96       [0]    LCD_EN_Direction
0x0F96       [0]    LCD_RS_Direction
0x0F96       [0]    TRISE1_bit
0x0F96       [0]    TRISE0_bit
0x0FD8       [1]    STATUS
0x0FD9       [1]    FSR2L
0x0FDA       [1]    FSR2H
0x0FDE       [1]    POSTINC2
0x0FE0       [1]    BSR
0x0FE1       [1]    FSR1L
0x0FE2       [1]    FSR1H
0x0FE4       [1]    PREINC1
0x0FE6       [1]    POSTINC1
0x0FE7       [1]    INDF1
0x0FE8       [1]    WREG
0x0FE9       [1]    FSR0L
0x0FEA       [1]    FSR0H
0x0FEE       [1]    POSTINC0
0x0FF3       [1]    PRODL
0x0FF4       [1]    PRODH
0x0FF5       [1]    TABLAT
0x0FF6       [3]    TBLPTR
0x0FF6       [1]    TBLPTRL
0x0FF7       [1]    TBLPTRH
0x0FF8       [1]    TBLPTRU
//** Constants locations ** 
//ADDRESS    SIZE    CONSTANT
//----------------------------------------------
0x062A       [2]    ?ICS?lstr5_Lab73
0x062C       [2]    ?ICS?lstr4_Lab73
0x062E       [2]    ?ICS?lstr3_Lab73
0x0630      [18]    ?ICS?lstr1_Lab73
0x0642      [16]    ?ICS?lstr2_Lab73
0x0652       [2]    ?ICS?lstr6_Lab73
0x0654       [2]    ?ICS?lstr9_Lab73
0x0656       [6]    ?ICS?lstr10_Lab73
0x065C       [2]    ?ICS?lstr8_Lab73
0x065E       [2]    ?ICS?lstr7_Lab73
