;  LST file generated by mikroListExporter - v.2.0 
; Date/Time: 12.05.2020 19:16:00
;----------------------------------------------

;Address Opcode 	ASM
0x0000	0xF002EF34  	GOTO        1128
0x0004	0x0000      	NOP
0x0006	0x0000      	NOP
0x0008	0xF000EF00  	GOTO        0
0x000C	0x0000      	NOP
0x000E	0x0000      	NOP
0x0010	0x0000      	NOP
0x0012	0x0000      	NOP
0x0014	0x0000      	NOP
0x0016	0x0000      	NOP
0x0018	0xD7F3      	BRA         0
_Delay_50us:
;__Lib_Delays.c,19 :: 		void Delay_50us() {
;__Lib_Delays.c,20 :: 		Delay_us(50);
0x001C	0x0E21      	MOVLW       33
0x001E	0x6E0D      	MOVWF       R13, 0
L_Delay_50us2:
0x0020	0x2E0D      	DECFSZ      R13, 1, 0
0x0022	0xD7FE      	BRA         L_Delay_50us2
;__Lib_Delays.c,21 :: 		}
L_end_Delay_50us:
0x0024	0x0012      	RETURN      0
; end of _Delay_50us
_Delay_5500us:
;__Lib_Delays.c,31 :: 		void Delay_5500us() {
;__Lib_Delays.c,32 :: 		Delay_us(5500);
0x0026	0x0E0F      	MOVLW       15
0x0028	0x6E0C      	MOVWF       R12, 0
0x002A	0x0E47      	MOVLW       71
0x002C	0x6E0D      	MOVWF       R13, 0
L_Delay_5500us5:
0x002E	0x2E0D      	DECFSZ      R13, 1, 0
0x0030	0xD7FE      	BRA         L_Delay_5500us5
0x0032	0x2E0C      	DECFSZ      R12, 1, 0
0x0034	0xD7FC      	BRA         L_Delay_5500us5
0x0036	0x0000      	NOP
0x0038	0x0000      	NOP
;__Lib_Delays.c,33 :: 		}
L_end_Delay_5500us:
0x003A	0x0012      	RETURN      0
; end of _Delay_5500us
_Delay_1us:
;__Lib_Delays.c,7 :: 		void Delay_1us() {
;__Lib_Delays.c,8 :: 		Delay_us(1);
0x003C	0x0000      	NOP
0x003E	0x0000      	NOP
;__Lib_Delays.c,9 :: 		}
L_end_Delay_1us:
0x0040	0x0012      	RETURN      0
; end of _Delay_1us
_Lcd_Cmd:
;__Lib_Lcd.c,18 :: 		
;__Lib_Lcd.c,20 :: 		
0x0042	0x0101      	MOVLB       1
0x0044	0xBFB5      	BTFSC       FARG_Lcd_Cmd_out_char, 7, 1
0x0046	0xD002      	BRA         L__Lcd_Cmd21
0x0048	0x9E81      	BCF         LCD_D7, BitPos(LCD_D7+0) 
0x004A	0xD001      	BRA         L__Lcd_Cmd22
L__Lcd_Cmd21:
0x004C	0x8E81      	BSF         LCD_D7, BitPos(LCD_D7+0) 
L__Lcd_Cmd22:
;__Lib_Lcd.c,21 :: 		
0x004E	0xBDB5      	BTFSC       FARG_Lcd_Cmd_out_char, 6, 1
0x0050	0xD002      	BRA         L__Lcd_Cmd23
0x0052	0x9C81      	BCF         LCD_D6, BitPos(LCD_D6+0) 
0x0054	0xD001      	BRA         L__Lcd_Cmd24
L__Lcd_Cmd23:
0x0056	0x8C81      	BSF         LCD_D6, BitPos(LCD_D6+0) 
L__Lcd_Cmd24:
;__Lib_Lcd.c,22 :: 		
0x0058	0xBBB5      	BTFSC       FARG_Lcd_Cmd_out_char, 5, 1
0x005A	0xD002      	BRA         L__Lcd_Cmd25
0x005C	0x9A81      	BCF         LCD_D5, BitPos(LCD_D5+0) 
0x005E	0xD001      	BRA         L__Lcd_Cmd26
L__Lcd_Cmd25:
0x0060	0x8A81      	BSF         LCD_D5, BitPos(LCD_D5+0) 
L__Lcd_Cmd26:
;__Lib_Lcd.c,23 :: 		
0x0062	0xB9B5      	BTFSC       FARG_Lcd_Cmd_out_char, 4, 1
0x0064	0xD002      	BRA         L__Lcd_Cmd27
0x0066	0x9881      	BCF         LCD_D4, BitPos(LCD_D4+0) 
0x0068	0xD001      	BRA         L__Lcd_Cmd28
L__Lcd_Cmd27:
0x006A	0x8881      	BSF         LCD_D4, BitPos(LCD_D4+0) 
L__Lcd_Cmd28:
;__Lib_Lcd.c,25 :: 		
0x006C	0xB1A1      	BTFSC       __Lib_Lcd_cmd_status, BitPos(__Lib_Lcd_cmd_status+0), 1
0x006E	0xD002      	BRA         L__Lcd_Cmd29
0x0070	0x8284      	BSF         LCD_RS, BitPos(LCD_RS+0) 
0x0072	0xD001      	BRA         L__Lcd_Cmd30
L__Lcd_Cmd29:
0x0074	0x9284      	BCF         LCD_RS, BitPos(LCD_RS+0) 
L__Lcd_Cmd30:
;__Lib_Lcd.c,28 :: 		
0x0076	0x8084      	BSF         LCD_EN, BitPos(LCD_EN+0) 
;__Lib_Lcd.c,29 :: 		
0x0078	0xDFE1      	RCALL       _Delay_1us
;__Lib_Lcd.c,30 :: 		
0x007A	0x9084      	BCF         LCD_EN, BitPos(LCD_EN+0) 
;__Lib_Lcd.c,33 :: 		
0x007C	0xB7B5      	BTFSC       FARG_Lcd_Cmd_out_char, 3, 1
0x007E	0xD002      	BRA         L__Lcd_Cmd31
0x0080	0x9E81      	BCF         LCD_D7, BitPos(LCD_D7+0) 
0x0082	0xD001      	BRA         L__Lcd_Cmd32
L__Lcd_Cmd31:
0x0084	0x8E81      	BSF         LCD_D7, BitPos(LCD_D7+0) 
L__Lcd_Cmd32:
;__Lib_Lcd.c,34 :: 		
0x0086	0xB5B5      	BTFSC       FARG_Lcd_Cmd_out_char, 2, 1
0x0088	0xD002      	BRA         L__Lcd_Cmd33
0x008A	0x9C81      	BCF         LCD_D6, BitPos(LCD_D6+0) 
0x008C	0xD001      	BRA         L__Lcd_Cmd34
L__Lcd_Cmd33:
0x008E	0x8C81      	BSF         LCD_D6, BitPos(LCD_D6+0) 
L__Lcd_Cmd34:
;__Lib_Lcd.c,35 :: 		
0x0090	0xB3B5      	BTFSC       FARG_Lcd_Cmd_out_char, 1, 1
0x0092	0xD002      	BRA         L__Lcd_Cmd35
0x0094	0x9A81      	BCF         LCD_D5, BitPos(LCD_D5+0) 
0x0096	0xD001      	BRA         L__Lcd_Cmd36
L__Lcd_Cmd35:
0x0098	0x8A81      	BSF         LCD_D5, BitPos(LCD_D5+0) 
L__Lcd_Cmd36:
;__Lib_Lcd.c,36 :: 		
0x009A	0xB1B5      	BTFSC       FARG_Lcd_Cmd_out_char, 0, 1
0x009C	0xD002      	BRA         L__Lcd_Cmd37
0x009E	0x9881      	BCF         LCD_D4, BitPos(LCD_D4+0) 
0x00A0	0xD001      	BRA         L__Lcd_Cmd38
L__Lcd_Cmd37:
0x00A2	0x8881      	BSF         LCD_D4, BitPos(LCD_D4+0) 
L__Lcd_Cmd38:
;__Lib_Lcd.c,38 :: 		
0x00A4	0xB1A1      	BTFSC       __Lib_Lcd_cmd_status, BitPos(__Lib_Lcd_cmd_status+0), 1
0x00A6	0xD002      	BRA         L__Lcd_Cmd39
0x00A8	0x8284      	BSF         LCD_RS, BitPos(LCD_RS+0) 
0x00AA	0xD001      	BRA         L__Lcd_Cmd40
L__Lcd_Cmd39:
0x00AC	0x9284      	BCF         LCD_RS, BitPos(LCD_RS+0) 
L__Lcd_Cmd40:
;__Lib_Lcd.c,40 :: 		
0x00AE	0x8084      	BSF         LCD_EN, BitPos(LCD_EN+0) 
;__Lib_Lcd.c,41 :: 		
0x00B0	0xDFC5      	RCALL       _Delay_1us
;__Lib_Lcd.c,42 :: 		
0x00B2	0x9084      	BCF         LCD_EN, BitPos(LCD_EN+0) 
;__Lib_Lcd.c,44 :: 		
0x00B4	0xA1A1      	BTFSS       __Lib_Lcd_cmd_status, BitPos(__Lib_Lcd_cmd_status+0), 1
0x00B6	0xD002      	BRA         L_Lcd_Cmd0
;__Lib_Lcd.c,45 :: 		
0x00B8	0xDFB6      	RCALL       _Delay_5500us
0x00BA	0xD001      	BRA         L_Lcd_Cmd1
L_Lcd_Cmd0:
;__Lib_Lcd.c,47 :: 		
0x00BC	0xDFAF      	RCALL       _Delay_50us
L_Lcd_Cmd1:
;__Lib_Lcd.c,48 :: 		
L_end_Lcd_Cmd:
0x00BE	0x0012      	RETURN      0
; end of _Lcd_Cmd
_Div_16x16_S_L:
;__Lib_Math.c,139 :: 		
;__Lib_Math.c,146 :: 		
0x00C0	0x3401      	RLCF        R1, 0, 0
;__Lib_Math.c,147 :: 		
0x00C2	0x3608      	RLCF        R8, 1, 0
;__Lib_Math.c,148 :: 		
0x00C4	0x3609      	RLCF        R9, 1, 0
;__Lib_Math.c,149 :: 		
0x00C6	0x5004      	MOVF        R4, 0, 0
;__Lib_Math.c,150 :: 		
0x00C8	0x5E08      	SUBWF       R8, 1, 0
;__Lib_Math.c,151 :: 		
0x00CA	0x5005      	MOVF        R5, 0, 0
;__Lib_Math.c,152 :: 		
0x00CC	0xA0D8      	BTFSS       STATUS, 0, 0
;__Lib_Math.c,153 :: 		
0x00CE	0x3C05      	INCFSZ      R5, 0, 0
;__Lib_Math.c,154 :: 		
0x00D0	0x5E09      	SUBWF       R9, 1, 0
;__Lib_Math.c,155 :: 		
0x00D2	0x3600      	RLCF        R0, 1, 0
;__Lib_Math.c,156 :: 		
0x00D4	0x3601      	RLCF        R1, 1, 0
;__Lib_Math.c,158 :: 		
0x00D6	0x0E0F      	MOVLW       15
;__Lib_Math.c,159 :: 		
0x00D8	0x6E0C      	MOVWF       R12, 0
;__Lib_Math.c,161 :: 		
0x00DA	0x3401      	RLCF        R1, 0, 0
;__Lib_Math.c,162 :: 		
0x00DC	0x3608      	RLCF        R8, 1, 0
;__Lib_Math.c,163 :: 		
0x00DE	0x3609      	RLCF        R9, 1, 0
;__Lib_Math.c,164 :: 		
0x00E0	0x5004      	MOVF        R4, 0, 0
;__Lib_Math.c,166 :: 		
0x00E2	0xA000      	BTFSS       R0, 0, 0
;__Lib_Math.c,167 :: 		
0x00E4	0xD006      	BRA         $+14
;__Lib_Math.c,168 :: 		
0x00E6	0x5E08      	SUBWF       R8, 1, 0
;__Lib_Math.c,169 :: 		
0x00E8	0x5005      	MOVF        R5, 0, 0
;__Lib_Math.c,170 :: 		
0x00EA	0xA0D8      	BTFSS       STATUS, 0, 0
;__Lib_Math.c,171 :: 		
0x00EC	0x3C05      	INCFSZ      R5, 0, 0
;__Lib_Math.c,172 :: 		
0x00EE	0x5E09      	SUBWF       R9, 1, 0
;__Lib_Math.c,173 :: 		
0x00F0	0xD005      	BRA         $+12
;__Lib_Math.c,175 :: 		
0x00F2	0x2608      	ADDWF       R8, 1, 0
;__Lib_Math.c,176 :: 		
0x00F4	0x5005      	MOVF        R5, 0, 0
;__Lib_Math.c,177 :: 		
0x00F6	0xB0D8      	BTFSC       STATUS, 0, 0
;__Lib_Math.c,178 :: 		
0x00F8	0x3C05      	INCFSZ      R5, 0, 0
;__Lib_Math.c,179 :: 		
0x00FA	0x2609      	ADDWF       R9, 1, 0
;__Lib_Math.c,181 :: 		
0x00FC	0x3600      	RLCF        R0, 1, 0
;__Lib_Math.c,182 :: 		
0x00FE	0x3601      	RLCF        R1, 1, 0
;__Lib_Math.c,184 :: 		
0x0100	0x2E0C      	DECFSZ      R12, 1, 0
;__Lib_Math.c,185 :: 		
0x0102	0xD7EB      	BRA         $-40
;__Lib_Math.c,187 :: 		
0x0104	0xB000      	BTFSC       R0, 0, 0
;__Lib_Math.c,188 :: 		
0x0106	0xD006      	BRA         $+14
;__Lib_Math.c,189 :: 		
0x0108	0x5004      	MOVF        R4, 0, 0
;__Lib_Math.c,190 :: 		
0x010A	0x2608      	ADDWF       R8, 1, 0
;__Lib_Math.c,191 :: 		
0x010C	0x5005      	MOVF        R5, 0, 0
;__Lib_Math.c,192 :: 		
0x010E	0xB0D8      	BTFSC       STATUS, 0, 0
;__Lib_Math.c,193 :: 		
0x0110	0x3C05      	INCFSZ      R5, 0, 0
;__Lib_Math.c,194 :: 		
0x0112	0x2609      	ADDWF       R9, 1, 0
;__Lib_Math.c,195 :: 		
0x0114	0x0000      	NOP
;__Lib_Math.c,197 :: 		
L_end_Div_16x16_S_L:
0x0116	0x0012      	RETURN      0
; end of _Div_16x16_S_L
_Lcd_Chr_CP:
;__Lib_Lcd.c,50 :: 		
;__Lib_Lcd.c,52 :: 		
0x0118	0x0101      	MOVLB       1
0x011A	0x91A1      	BCF         __Lib_Lcd_cmd_status, BitPos(__Lib_Lcd_cmd_status+0), 1
;__Lib_Lcd.c,53 :: 		
0x011C	0xF1B5C1B0  	MOVFF       FARG_Lcd_Chr_CP_out_char, FARG_Lcd_Cmd_out_char
0x0120	0xDF90      	RCALL       _Lcd_Cmd
;__Lib_Lcd.c,54 :: 		
0x0122	0x81A1      	BSF         __Lib_Lcd_cmd_status, BitPos(__Lib_Lcd_cmd_status+0), 1
;__Lib_Lcd.c,55 :: 		
L_end_Lcd_Chr_CP:
0x0124	0x0012      	RETURN      0
; end of _Lcd_Chr_CP
_Keypad_Key_Press:
;__Lib_Keypad4x4.c,39 :: 		
;__Lib_Keypad4x4.c,43 :: 		
0x0126	0x0101      	MOVLB       1
0x0128	0x6BB0      	CLRF        Keypad_Key_Press_rslt_L0, 1
;__Lib_Keypad4x4.c,44 :: 		
0x012A	0x6BB2      	CLRF        Keypad_Key_Press_loc_L0, 1
;__Lib_Keypad4x4.c,45 :: 		
0x012C	0x6BB3      	CLRF        Keypad_Key_Press_rowcnt_L0, 1
;__Lib_Keypad4x4.c,46 :: 		
0x012E	0x0E10      	MOVLW       16
0x0130	0x6FB4      	MOVWF       Keypad_Key_Press_shifter_L0, 1
;__Lib_Keypad4x4.c,48 :: 		
L_Keypad_Key_Press0:
0x0132	0x0E04      	MOVLW       4
0x0134	0x5DB3      	SUBWF       Keypad_Key_Press_rowcnt_L0, 0, 1
0x0136	0xE229      	BC          L_Keypad_Key_Press1
;__Lib_Keypad4x4.c,50 :: 		
0x0138	0x0EF0      	MOVLW       240
0x013A	0x6E83      	MOVWF       keypadPort 
;__Lib_Keypad4x4.c,51 :: 		
0x013C	0x0E12      	MOVLW       18
0x013E	0x6E00      	MOVWF       R0 
0x0140	0x0E00      	MOVLW       0
0x0142	0x6E01      	MOVWF       R1 
0x0144	0x0E83      	MOVLW       keypadPort
0x0146	0x2400      	ADDWF       R0, 0 
0x0148	0x6EE1      	MOVWF       FSR1L 
0x014A	0x0E0F      	MOVLW       hi_addr(keypadPort)
0x014C	0x2001      	ADDWFC      R1, 0 
0x014E	0x6EE2      	MOVWF       FSR1L+1 
0x0150	0x1DB4      	COMF        Keypad_Key_Press_shifter_L0, 0, 1
0x0152	0x6E00      	MOVWF       R0 
0x0154	0xFFE6C000  	MOVFF       R0, POSTINC1
;__Lib_Keypad4x4.c,55 :: 		
0x0158	0xDF71      	RCALL       _Delay_1us
;__Lib_Keypad4x4.c,56 :: 		
0x015A	0xDF70      	RCALL       _Delay_1us
;__Lib_Keypad4x4.c,57 :: 		
0x015C	0x0E0F      	MOVLW       15
0x015E	0x1483      	ANDWF       keypadPort, 0 
0x0160	0x6E00      	MOVWF       R0 
0x0162	0xF1B1C000  	MOVFF       R0, Keypad_Key_Press_kdata_L0
;__Lib_Keypad4x4.c,58 :: 		
0x0166	0x5200      	MOVF        R0, 1 
0x0168	0xE00A      	BZ          L_Keypad_Key_Press2
;__Lib_Keypad4x4.c,60 :: 		
0x016A	0xF1B0C1B2  	MOVFF       Keypad_Key_Press_loc_L0, Keypad_Key_Press_rslt_L0
;__Lib_Keypad4x4.c,61 :: 		
L_Keypad_Key_Press3:
0x016E	0x53B1      	MOVF        Keypad_Key_Press_kdata_L0, 1, 1
0x0170	0xE004      	BZ          L_Keypad_Key_Press4
;__Lib_Keypad4x4.c,62 :: 		
0x0172	0x33B1      	RRCF        Keypad_Key_Press_kdata_L0, 1, 1
0x0174	0x9FB1      	BCF         Keypad_Key_Press_kdata_L0, 7, 1
;__Lib_Keypad4x4.c,63 :: 		
0x0176	0x2BB0      	INCF        Keypad_Key_Press_rslt_L0, 1, 1
;__Lib_Keypad4x4.c,64 :: 		
0x0178	0xD7FA      	BRA         L_Keypad_Key_Press3
L_Keypad_Key_Press4:
;__Lib_Keypad4x4.c,66 :: 		
0x017A	0x0E04      	MOVLW       4
0x017C	0x6FB3      	MOVWF       Keypad_Key_Press_rowcnt_L0, 1
;__Lib_Keypad4x4.c,67 :: 		
L_Keypad_Key_Press2:
;__Lib_Keypad4x4.c,68 :: 		
0x017E	0x37B4      	RLCF        Keypad_Key_Press_shifter_L0, 1, 1
0x0180	0x91B4      	BCF         Keypad_Key_Press_shifter_L0, 0, 1
;__Lib_Keypad4x4.c,69 :: 		
0x0182	0x0E04      	MOVLW       4
0x0184	0x27B2      	ADDWF       Keypad_Key_Press_loc_L0, 1, 1
;__Lib_Keypad4x4.c,70 :: 		
0x0186	0x2BB3      	INCF        Keypad_Key_Press_rowcnt_L0, 1, 1
;__Lib_Keypad4x4.c,71 :: 		
0x0188	0xD7D4      	BRA         L_Keypad_Key_Press0
L_Keypad_Key_Press1:
;__Lib_Keypad4x4.c,73 :: 		
0x018A	0xF000C1B0  	MOVFF       Keypad_Key_Press_rslt_L0, R0
;__Lib_Keypad4x4.c,74 :: 		
L_end_Keypad_Key_Press:
0x018E	0x0012      	RETURN      0
; end of _Keypad_Key_Press
_Delay_10us:
;__Lib_Delays.c,11 :: 		void Delay_10us() {
;__Lib_Delays.c,12 :: 		Delay_us(10);
0x0190	0x0E06      	MOVLW       6
0x0192	0x6E0D      	MOVWF       R13, 0
L_Delay_10us0:
0x0194	0x2E0D      	DECFSZ      R13, 1, 0
0x0196	0xD7FE      	BRA         L_Delay_10us0
0x0198	0x0000      	NOP
;__Lib_Delays.c,13 :: 		}
L_end_Delay_10us:
0x019A	0x0012      	RETURN      0
; end of _Delay_10us
_Mul_16X16_U:
;__Lib_Math.c,440 :: 		
;__Lib_Math.c,447 :: 		
0x019C	0x6A0B      	CLRF        R11, 0
;__Lib_Math.c,448 :: 		
0x019E	0x6A0A      	CLRF        R10, 0
;__Lib_Math.c,449 :: 		
0x01A0	0x6A09      	CLRF        R9, 0
;__Lib_Math.c,450 :: 		
0x01A2	0x5000      	MOVF        R0, 0, 0
;__Lib_Math.c,451 :: 		
0x01A4	0x0204      	MULWF       R4, 0
;__Lib_Math.c,453 :: 		
0x01A6	0xF009CFF4  	MOVFF       PRODH, R9
;__Lib_Math.c,454 :: 		
0x01AA	0xF008CFF3  	MOVFF       PRODL, R8
;__Lib_Math.c,455 :: 		
0x01AE	0x5001      	MOVF        R1, 0, 0
;__Lib_Math.c,456 :: 		
0x01B0	0x0205      	MULWF       R5, 0
;__Lib_Math.c,458 :: 		
0x01B2	0xF00BCFF4  	MOVFF       PRODH, R11
;__Lib_Math.c,459 :: 		
0x01B6	0xF00ACFF3  	MOVFF       PRODL, R10
;__Lib_Math.c,460 :: 		
0x01BA	0x5000      	MOVF        R0, 0, 0
;__Lib_Math.c,461 :: 		
0x01BC	0x0205      	MULWF       R5, 0
;__Lib_Math.c,463 :: 		
0x01BE	0x50F3      	MOVF        PRODL, 0, 0
;__Lib_Math.c,464 :: 		
0x01C0	0x2609      	ADDWF       R9, 1, 0
;__Lib_Math.c,465 :: 		
0x01C2	0x50F4      	MOVF        PRODH, 0, 0
;__Lib_Math.c,466 :: 		
0x01C4	0x220A      	ADDWFC      R10, 1, 0
;__Lib_Math.c,467 :: 		
0x01C6	0x6AE8      	CLRF        WREG, 0
;__Lib_Math.c,468 :: 		
0x01C8	0x220B      	ADDWFC      R11, 1, 0
;__Lib_Math.c,469 :: 		
0x01CA	0x5001      	MOVF        R1, 0, 0
;__Lib_Math.c,470 :: 		
0x01CC	0x0204      	MULWF       R4, 0
;__Lib_Math.c,472 :: 		
0x01CE	0x50F3      	MOVF        PRODL, 0, 0
;__Lib_Math.c,473 :: 		
0x01D0	0x2609      	ADDWF       R9, 1, 0
;__Lib_Math.c,474 :: 		
0x01D2	0x50F4      	MOVF        PRODH, 0, 0
;__Lib_Math.c,475 :: 		
0x01D4	0x220A      	ADDWFC      R10, 1, 0
;__Lib_Math.c,476 :: 		
0x01D6	0x6AE8      	CLRF        WREG, 0
;__Lib_Math.c,477 :: 		
0x01D8	0x220B      	ADDWFC      R11, 1, 0
;__Lib_Math.c,479 :: 		
0x01DA	0xF000C008  	MOVFF       R8, R0
;__Lib_Math.c,480 :: 		
0x01DE	0xF001C009  	MOVFF       R9, R1
;__Lib_Math.c,481 :: 		
0x01E2	0xF002C00A  	MOVFF       R10, R2
;__Lib_Math.c,482 :: 		
0x01E6	0xF003C00B  	MOVFF       R11, R3
;__Lib_Math.c,485 :: 		
L_end_Mul_16X16_U:
0x01EA	0x0012      	RETURN      0
; end of _Mul_16X16_U
_Lcd_Out:
;__Lib_Lcd.c,184 :: 		
;__Lib_Lcd.c,187 :: 		
0x01EC	0xD010      	BRA         L_Lcd_Out11
;__Lib_Lcd.c,188 :: 		
L_Lcd_Out13:
0x01EE	0x0E80      	MOVLW       128
0x01F0	0x0101      	MOVLB       1
0x01F2	0x6FAB      	MOVWF       FARG_Lcd_Out_row, 1
0x01F4	0xD01A      	BRA         L_Lcd_Out12
;__Lib_Lcd.c,189 :: 		
L_Lcd_Out14:
0x01F6	0x0EC0      	MOVLW       192
0x01F8	0x6FAB      	MOVWF       FARG_Lcd_Out_row, 1
0x01FA	0xD017      	BRA         L_Lcd_Out12
;__Lib_Lcd.c,190 :: 		
L_Lcd_Out15:
0x01FC	0x0E94      	MOVLW       148
0x01FE	0x6FAB      	MOVWF       FARG_Lcd_Out_row, 1
0x0200	0xD014      	BRA         L_Lcd_Out12
;__Lib_Lcd.c,191 :: 		
L_Lcd_Out16:
0x0202	0x0ED4      	MOVLW       212
0x0204	0x6FAB      	MOVWF       FARG_Lcd_Out_row, 1
0x0206	0xD011      	BRA         L_Lcd_Out12
;__Lib_Lcd.c,192 :: 		
L_Lcd_Out17:
0x0208	0x0E80      	MOVLW       128
0x020A	0x6FAB      	MOVWF       FARG_Lcd_Out_row, 1
;__Lib_Lcd.c,193 :: 		
0x020C	0xD00E      	BRA         L_Lcd_Out12
L_Lcd_Out11:
0x020E	0x0101      	MOVLB       1
0x0210	0x51AB      	MOVF        FARG_Lcd_Out_row, 0, 1
0x0212	0x0A01      	XORLW       1
0x0214	0xE0EC      	BZ          L_Lcd_Out13
0x0216	0x51AB      	MOVF        FARG_Lcd_Out_row, 0, 1
0x0218	0x0A02      	XORLW       2
0x021A	0xE0ED      	BZ          L_Lcd_Out14
0x021C	0x51AB      	MOVF        FARG_Lcd_Out_row, 0, 1
0x021E	0x0A03      	XORLW       3
0x0220	0xE0ED      	BZ          L_Lcd_Out15
0x0222	0x51AB      	MOVF        FARG_Lcd_Out_row, 0, 1
0x0224	0x0A04      	XORLW       4
0x0226	0xE0ED      	BZ          L_Lcd_Out16
0x0228	0xD7EF      	BRA         L_Lcd_Out17
L_Lcd_Out12:
;__Lib_Lcd.c,194 :: 		
0x022A	0x05AC      	DECF        FARG_Lcd_Out_column, 0, 1
0x022C	0x6E00      	MOVWF       R0 
0x022E	0x51AB      	MOVF        FARG_Lcd_Out_row, 0, 1
0x0230	0x2600      	ADDWF       R0, 1 
0x0232	0xF1ABC000  	MOVFF       R0, FARG_Lcd_Out_row
;__Lib_Lcd.c,196 :: 		
0x0236	0xF1B5C000  	MOVFF       R0, FARG_Lcd_Cmd_out_char
0x023A	0xDF03      	RCALL       _Lcd_Cmd
;__Lib_Lcd.c,197 :: 		
0x023C	0x91A1      	BCF         __Lib_Lcd_cmd_status, BitPos(__Lib_Lcd_cmd_status+0), 1
;__Lib_Lcd.c,198 :: 		
0x023E	0x6BAF      	CLRF        Lcd_Out_i_L0, 1
;__Lib_Lcd.c,199 :: 		
L_Lcd_Out18:
0x0240	0x51AF      	MOVF        Lcd_Out_i_L0, 0, 1
0x0242	0x25AD      	ADDWF       FARG_Lcd_Out_text, 0, 1
0x0244	0x6EE9      	MOVWF       FSR0L 
0x0246	0x0E00      	MOVLW       0
0x0248	0x21AE      	ADDWFC      FARG_Lcd_Out_text+1, 0, 1
0x024A	0x6EEA      	MOVWF       FSR0L+1 
0x024C	0x52EE      	MOVF        POSTINC0, 1 
0x024E	0xE00B      	BZ          L_Lcd_Out19
;__Lib_Lcd.c,200 :: 		
0x0250	0x51AF      	MOVF        Lcd_Out_i_L0, 0, 1
0x0252	0x25AD      	ADDWF       FARG_Lcd_Out_text, 0, 1
0x0254	0x6EE9      	MOVWF       FSR0L 
0x0256	0x0E00      	MOVLW       0
0x0258	0x21AE      	ADDWFC      FARG_Lcd_Out_text+1, 0, 1
0x025A	0x6EEA      	MOVWF       FSR0L+1 
0x025C	0xF1B0CFEE  	MOVFF       POSTINC0, FARG_Lcd_Chr_CP_out_char
0x0260	0xDF5B      	RCALL       _Lcd_Chr_CP
0x0262	0x2BAF      	INCF        Lcd_Out_i_L0, 1, 1
0x0264	0xD7ED      	BRA         L_Lcd_Out18
L_Lcd_Out19:
;__Lib_Lcd.c,201 :: 		
0x0266	0x81A1      	BSF         __Lib_Lcd_cmd_status, BitPos(__Lib_Lcd_cmd_status+0), 1
;__Lib_Lcd.c,202 :: 		
L_end_Lcd_Out:
0x0268	0x0012      	RETURN      0
; end of _Lcd_Out
_Lcd_Init:
;__Lib_Lcd.c,84 :: 		
;__Lib_Lcd.c,86 :: 		
0x026A	0x9296      	BCF         LCD_EN_Direction, BitPos(LCD_EN_Direction+0) 
;__Lib_Lcd.c,87 :: 		
0x026C	0x9096      	BCF         LCD_RS_Direction, BitPos(LCD_RS_Direction+0) 
;__Lib_Lcd.c,88 :: 		
0x026E	0x9893      	BCF         LCD_D4_Direction, BitPos(LCD_D4_Direction+0) 
;__Lib_Lcd.c,89 :: 		
0x0270	0x9A93      	BCF         LCD_D5_Direction, BitPos(LCD_D5_Direction+0) 
;__Lib_Lcd.c,90 :: 		
0x0272	0x9C93      	BCF         LCD_D6_Direction, BitPos(LCD_D6_Direction+0) 
;__Lib_Lcd.c,91 :: 		
0x0274	0x9E93      	BCF         LCD_D7_Direction, BitPos(LCD_D7_Direction+0) 
;__Lib_Lcd.c,93 :: 		
0x0276	0x9084      	BCF         LCD_EN, BitPos(LCD_EN+0) 
;__Lib_Lcd.c,94 :: 		
0x0278	0x9284      	BCF         LCD_RS, BitPos(LCD_RS+0) 
;__Lib_Lcd.c,95 :: 		
0x027A	0x9E81      	BCF         LCD_D7, BitPos(LCD_D7+0) 
;__Lib_Lcd.c,96 :: 		
0x027C	0x9C81      	BCF         LCD_D6, BitPos(LCD_D6+0) 
;__Lib_Lcd.c,97 :: 		
0x027E	0x9A81      	BCF         LCD_D5, BitPos(LCD_D5+0) 
;__Lib_Lcd.c,98 :: 		
0x0280	0x9881      	BCF         LCD_D4, BitPos(LCD_D4+0) 
;__Lib_Lcd.c,100 :: 		
0x0282	0xDED1      	RCALL       _Delay_5500us
;__Lib_Lcd.c,101 :: 		
0x0284	0xDED0      	RCALL       _Delay_5500us
;__Lib_Lcd.c,102 :: 		
0x0286	0xDECF      	RCALL       _Delay_5500us
;__Lib_Lcd.c,105 :: 		
0x0288	0x8A81      	BSF         LCD_D5, BitPos(LCD_D5+0) 
;__Lib_Lcd.c,106 :: 		
0x028A	0x8881      	BSF         LCD_D4, BitPos(LCD_D4+0) 
;__Lib_Lcd.c,107 :: 		
0x028C	0x8084      	BSF         LCD_EN, BitPos(LCD_EN+0) 
;__Lib_Lcd.c,108 :: 		
0x028E	0xDED6      	RCALL       _Delay_1us
;__Lib_Lcd.c,109 :: 		
0x0290	0x9084      	BCF         LCD_EN, BitPos(LCD_EN+0) 
;__Lib_Lcd.c,110 :: 		
0x0292	0xDEC9      	RCALL       _Delay_5500us
;__Lib_Lcd.c,112 :: 		
0x0294	0x8084      	BSF         LCD_EN, BitPos(LCD_EN+0) 
;__Lib_Lcd.c,113 :: 		
0x0296	0xDED2      	RCALL       _Delay_1us
;__Lib_Lcd.c,114 :: 		
0x0298	0x9084      	BCF         LCD_EN, BitPos(LCD_EN+0) 
;__Lib_Lcd.c,115 :: 		
0x029A	0xDEC5      	RCALL       _Delay_5500us
;__Lib_Lcd.c,117 :: 		
0x029C	0x8084      	BSF         LCD_EN, BitPos(LCD_EN+0) 
;__Lib_Lcd.c,118 :: 		
0x029E	0xDECE      	RCALL       _Delay_1us
;__Lib_Lcd.c,119 :: 		
0x02A0	0x9084      	BCF         LCD_EN, BitPos(LCD_EN+0) 
;__Lib_Lcd.c,120 :: 		
0x02A2	0xDEC1      	RCALL       _Delay_5500us
;__Lib_Lcd.c,123 :: 		
0x02A4	0x9881      	BCF         LCD_D4, BitPos(LCD_D4+0) 
;__Lib_Lcd.c,124 :: 		
0x02A6	0x8084      	BSF         LCD_EN, BitPos(LCD_EN+0) 
;__Lib_Lcd.c,125 :: 		
0x02A8	0xDEC9      	RCALL       _Delay_1us
;__Lib_Lcd.c,126 :: 		
0x02AA	0x9084      	BCF         LCD_EN, BitPos(LCD_EN+0) 
;__Lib_Lcd.c,127 :: 		
0x02AC	0xDEBC      	RCALL       _Delay_5500us
;__Lib_Lcd.c,130 :: 		
0x02AE	0x8084      	BSF         LCD_EN, BitPos(LCD_EN+0) 
;__Lib_Lcd.c,131 :: 		
0x02B0	0xDEC5      	RCALL       _Delay_1us
;__Lib_Lcd.c,132 :: 		
0x02B2	0x9084      	BCF         LCD_EN, BitPos(LCD_EN+0) 
;__Lib_Lcd.c,134 :: 		
0x02B4	0x9A81      	BCF         LCD_D5, BitPos(LCD_D5+0) 
;__Lib_Lcd.c,135 :: 		
0x02B6	0x8E81      	BSF         LCD_D7, BitPos(LCD_D7+0) 
;__Lib_Lcd.c,136 :: 		
0x02B8	0x8084      	BSF         LCD_EN, BitPos(LCD_EN+0) 
;__Lib_Lcd.c,137 :: 		
0x02BA	0xDEC0      	RCALL       _Delay_1us
;__Lib_Lcd.c,138 :: 		
0x02BC	0x9084      	BCF         LCD_EN, BitPos(LCD_EN+0) 
;__Lib_Lcd.c,139 :: 		
0x02BE	0xDEB3      	RCALL       _Delay_5500us
;__Lib_Lcd.c,142 :: 		
0x02C0	0x9E81      	BCF         LCD_D7, BitPos(LCD_D7+0) 
;__Lib_Lcd.c,143 :: 		
0x02C2	0x8881      	BSF         LCD_D4, BitPos(LCD_D4+0) 
;__Lib_Lcd.c,144 :: 		
0x02C4	0x8084      	BSF         LCD_EN, BitPos(LCD_EN+0) 
;__Lib_Lcd.c,145 :: 		
0x02C6	0xDEBA      	RCALL       _Delay_1us
;__Lib_Lcd.c,146 :: 		
0x02C8	0x9084      	BCF         LCD_EN, BitPos(LCD_EN+0) 
;__Lib_Lcd.c,148 :: 		
0x02CA	0x9881      	BCF         LCD_D4, BitPos(LCD_D4+0) 
;__Lib_Lcd.c,149 :: 		
0x02CC	0x8084      	BSF         LCD_EN, BitPos(LCD_EN+0) 
;__Lib_Lcd.c,150 :: 		
0x02CE	0xDEB6      	RCALL       _Delay_1us
;__Lib_Lcd.c,151 :: 		
0x02D0	0x9084      	BCF         LCD_EN, BitPos(LCD_EN+0) 
;__Lib_Lcd.c,152 :: 		
0x02D2	0xDEA9      	RCALL       _Delay_5500us
;__Lib_Lcd.c,155 :: 		
0x02D4	0x8084      	BSF         LCD_EN, BitPos(LCD_EN+0) 
;__Lib_Lcd.c,156 :: 		
0x02D6	0xDEB2      	RCALL       _Delay_1us
;__Lib_Lcd.c,157 :: 		
0x02D8	0x9084      	BCF         LCD_EN, BitPos(LCD_EN+0) 
;__Lib_Lcd.c,159 :: 		
0x02DA	0x8881      	BSF         LCD_D4, BitPos(LCD_D4+0) 
;__Lib_Lcd.c,160 :: 		
0x02DC	0x8084      	BSF         LCD_EN, BitPos(LCD_EN+0) 
;__Lib_Lcd.c,161 :: 		
0x02DE	0xDEAE      	RCALL       _Delay_1us
;__Lib_Lcd.c,162 :: 		
0x02E0	0x9084      	BCF         LCD_EN, BitPos(LCD_EN+0) 
;__Lib_Lcd.c,163 :: 		
0x02E2	0xDEA1      	RCALL       _Delay_5500us
;__Lib_Lcd.c,166 :: 		
0x02E4	0x9881      	BCF         LCD_D4, BitPos(LCD_D4+0) 
;__Lib_Lcd.c,167 :: 		
0x02E6	0x8084      	BSF         LCD_EN, BitPos(LCD_EN+0) 
;__Lib_Lcd.c,168 :: 		
0x02E8	0xDEA9      	RCALL       _Delay_1us
;__Lib_Lcd.c,169 :: 		
0x02EA	0x9084      	BCF         LCD_EN, BitPos(LCD_EN+0) 
;__Lib_Lcd.c,171 :: 		
0x02EC	0x8E81      	BSF         LCD_D7, BitPos(LCD_D7+0) 
;__Lib_Lcd.c,172 :: 		
0x02EE	0x8C81      	BSF         LCD_D6, BitPos(LCD_D6+0) 
;__Lib_Lcd.c,173 :: 		
0x02F0	0x8A81      	BSF         LCD_D5, BitPos(LCD_D5+0) 
;__Lib_Lcd.c,174 :: 		
0x02F2	0x8881      	BSF         LCD_D4, BitPos(LCD_D4+0) 
;__Lib_Lcd.c,175 :: 		
0x02F4	0x8084      	BSF         LCD_EN, BitPos(LCD_EN+0) 
;__Lib_Lcd.c,176 :: 		
0x02F6	0xDEA2      	RCALL       _Delay_1us
;__Lib_Lcd.c,177 :: 		
0x02F8	0x9084      	BCF         LCD_EN, BitPos(LCD_EN+0) 
;__Lib_Lcd.c,179 :: 		
0x02FA	0xDE95      	RCALL       _Delay_5500us
;__Lib_Lcd.c,181 :: 		
0x02FC	0x0101      	MOVLB       1
0x02FE	0x81A1      	BSF         __Lib_Lcd_cmd_status, BitPos(__Lib_Lcd_cmd_status+0), 1
;__Lib_Lcd.c,182 :: 		
L_end_Lcd_Init:
0x0300	0x0012      	RETURN      0
; end of _Lcd_Init
___CC2DW:
;__Lib_System.c,21 :: 		
;__Lib_System.c,23 :: 		
_CC2DL_Loop1:
;__Lib_System.c,24 :: 		
0x0302	0x0009      	TBLRD*+
;__Lib_System.c,25 :: 		
0x0304	0xFFE6CFF5  	MOVFF       TABLAT, POSTINC1
;__Lib_System.c,26 :: 		
0x0308	0x0600      	DECF        R0, 1, 0
;__Lib_System.c,27 :: 		
0x030A	0xE1FB      	BNZ         _CC2DL_Loop1
;__Lib_System.c,28 :: 		
0x030C	0x0601      	DECF        R1, 1, 0
;__Lib_System.c,29 :: 		
0x030E	0xE1F9      	BNZ         _CC2DL_Loop1
;__Lib_System.c,31 :: 		
L_end___CC2DW:
0x0310	0x0012      	RETURN      0
; end of ___CC2DW
_Lcd_Chr:
;__Lib_Lcd.c,65 :: 		
;__Lib_Lcd.c,66 :: 		
0x0312	0xD010      	BRA         L_Lcd_Chr4
;__Lib_Lcd.c,67 :: 		
L_Lcd_Chr6:
0x0314	0x0E80      	MOVLW       128
0x0316	0x0101      	MOVLB       1
0x0318	0x6FAB      	MOVWF       FARG_Lcd_Chr_row, 1
0x031A	0xD01A      	BRA         L_Lcd_Chr5
;__Lib_Lcd.c,68 :: 		
L_Lcd_Chr7:
0x031C	0x0EC0      	MOVLW       192
0x031E	0x6FAB      	MOVWF       FARG_Lcd_Chr_row, 1
0x0320	0xD017      	BRA         L_Lcd_Chr5
;__Lib_Lcd.c,69 :: 		
L_Lcd_Chr8:
0x0322	0x0E94      	MOVLW       148
0x0324	0x6FAB      	MOVWF       FARG_Lcd_Chr_row, 1
0x0326	0xD014      	BRA         L_Lcd_Chr5
;__Lib_Lcd.c,70 :: 		
L_Lcd_Chr9:
0x0328	0x0ED4      	MOVLW       212
0x032A	0x6FAB      	MOVWF       FARG_Lcd_Chr_row, 1
0x032C	0xD011      	BRA         L_Lcd_Chr5
;__Lib_Lcd.c,71 :: 		
L_Lcd_Chr10:
0x032E	0x0E80      	MOVLW       128
0x0330	0x6FAB      	MOVWF       FARG_Lcd_Chr_row, 1
;__Lib_Lcd.c,72 :: 		
0x0332	0xD00E      	BRA         L_Lcd_Chr5
L_Lcd_Chr4:
0x0334	0x0101      	MOVLB       1
0x0336	0x51AB      	MOVF        FARG_Lcd_Chr_row, 0, 1
0x0338	0x0A01      	XORLW       1
0x033A	0xE0EC      	BZ          L_Lcd_Chr6
0x033C	0x51AB      	MOVF        FARG_Lcd_Chr_row, 0, 1
0x033E	0x0A02      	XORLW       2
0x0340	0xE0ED      	BZ          L_Lcd_Chr7
0x0342	0x51AB      	MOVF        FARG_Lcd_Chr_row, 0, 1
0x0344	0x0A03      	XORLW       3
0x0346	0xE0ED      	BZ          L_Lcd_Chr8
0x0348	0x51AB      	MOVF        FARG_Lcd_Chr_row, 0, 1
0x034A	0x0A04      	XORLW       4
0x034C	0xE0ED      	BZ          L_Lcd_Chr9
0x034E	0xD7EF      	BRA         L_Lcd_Chr10
L_Lcd_Chr5:
;__Lib_Lcd.c,74 :: 		
0x0350	0x05AC      	DECF        FARG_Lcd_Chr_column, 0, 1
0x0352	0x6E00      	MOVWF       R0 
0x0354	0x51AB      	MOVF        FARG_Lcd_Chr_row, 0, 1
0x0356	0x2600      	ADDWF       R0, 1 
0x0358	0xF1ABC000  	MOVFF       R0, FARG_Lcd_Chr_row
;__Lib_Lcd.c,76 :: 		
0x035C	0x81A1      	BSF         __Lib_Lcd_cmd_status, BitPos(__Lib_Lcd_cmd_status+0), 1
;__Lib_Lcd.c,77 :: 		
0x035E	0xF1B5C000  	MOVFF       R0, FARG_Lcd_Cmd_out_char
0x0362	0xDE6F      	RCALL       _Lcd_Cmd
;__Lib_Lcd.c,79 :: 		
0x0364	0x91A1      	BCF         __Lib_Lcd_cmd_status, BitPos(__Lib_Lcd_cmd_status+0), 1
;__Lib_Lcd.c,80 :: 		
0x0366	0xF1B5C1AD  	MOVFF       FARG_Lcd_Chr_out_char, FARG_Lcd_Cmd_out_char
0x036A	0xDE6B      	RCALL       _Lcd_Cmd
;__Lib_Lcd.c,81 :: 		
0x036C	0x81A1      	BSF         __Lib_Lcd_cmd_status, BitPos(__Lib_Lcd_cmd_status+0), 1
;__Lib_Lcd.c,82 :: 		
L_end_Lcd_Chr:
0x036E	0x0012      	RETURN      0
; end of _Lcd_Chr
_Div_16x16_S:
;__Lib_Math.c,200 :: 		
;__Lib_Math.c,208 :: 		
0x0370	0x5004      	MOVF        R4, 0 
0x0372	0x0A00      	XORLW       0
0x0374	0xE108      	BNZ         L_Div_16x16_S0
;__Lib_Math.c,209 :: 		
0x0376	0x5005      	MOVF        R5, 0 
0x0378	0x0A00      	XORLW       0
0x037A	0xE105      	BNZ         L_Div_16x16_S1
;__Lib_Math.c,210 :: 		
0x037C	0x0EFF      	MOVLW       255
0x037E	0x6E00      	MOVWF       R0 
;__Lib_Math.c,211 :: 		
0x0380	0x0E7F      	MOVLW       127
0x0382	0x6E01      	MOVWF       R1 
;__Lib_Math.c,212 :: 		
0x0384	0xD057      	BRA         L_end_Div_16x16_S
;__Lib_Math.c,213 :: 		
L_Div_16x16_S1:
L_Div_16x16_S0:
;__Lib_Math.c,216 :: 		
0x0386	0x6A0D      	CLRF        R13, 0
;__Lib_Math.c,217 :: 		
0x0388	0x6A09      	CLRF        R9, 0
;__Lib_Math.c,218 :: 		
0x038A	0x6A08      	CLRF        R8, 0
;__Lib_Math.c,219 :: 		
0x038C	0x5001      	MOVF        R1, 0, 0
;__Lib_Math.c,220 :: 		
0x038E	0x1000      	IORWF       R0, 0, 0
;__Lib_Math.c,221 :: 		
0x0390	0xB4D8      	BTFSC       STATUS, 2, 0
;__Lib_Math.c,222 :: 		
0x0392	0x0C00      	RETLW       0
;__Lib_Math.c,224 :: 		
0x0394	0x5001      	MOVF        R1, 0, 0
;__Lib_Math.c,225 :: 		
0x0396	0x1805      	XORWF       R5, 0, 0
;__Lib_Math.c,226 :: 		
0x0398	0x6E0A      	MOVWF       R10, 0
;__Lib_Math.c,227 :: 		
0x039A	0xBE0A      	BTFSC       R10, 7, 0
;__Lib_Math.c,228 :: 		
0x039C	0x1E0D      	COMF        R13, 1, 0
;__Lib_Math.c,230 :: 		
0x039E	0x6A0B      	CLRF        R11, 0
;__Lib_Math.c,232 :: 		
0x03A0	0xAE05      	BTFSS       R5, 7, 0
;__Lib_Math.c,233 :: 		
0x03A2	0xD005      	BRA         $+12
;__Lib_Math.c,235 :: 		
0x03A4	0x1E04      	COMF        R4, 1, 0
;__Lib_Math.c,236 :: 		
0x03A6	0x1E05      	COMF        R5, 1, 0
;__Lib_Math.c,237 :: 		
0x03A8	0x2A04      	INCF        R4, 1, 0
;__Lib_Math.c,238 :: 		
0x03AA	0xB4D8      	BTFSC       STATUS, 2, 0
;__Lib_Math.c,239 :: 		
0x03AC	0x2A05      	INCF        R5, 1, 0
;__Lib_Math.c,241 :: 		
0x03AE	0xAE01      	BTFSS       R1, 7, 0
;__Lib_Math.c,242 :: 		
0x03B0	0xD005      	BRA         $+12
;__Lib_Math.c,244 :: 		
0x03B2	0x1E00      	COMF        R0, 1, 0
;__Lib_Math.c,245 :: 		
0x03B4	0x1E01      	COMF        R1, 1, 0
;__Lib_Math.c,246 :: 		
0x03B6	0x2A00      	INCF        R0, 1, 0
;__Lib_Math.c,247 :: 		
0x03B8	0xB4D8      	BTFSC       STATUS, 2, 0
;__Lib_Math.c,248 :: 		
0x03BA	0x2A01      	INCF        R1, 1, 0
;__Lib_Math.c,250 :: 		
0x03BC	0x5001      	MOVF        R1, 0, 0
;__Lib_Math.c,251 :: 		
0x03BE	0x1005      	IORWF       R5, 0, 0
;__Lib_Math.c,252 :: 		
0x03C0	0x6E0A      	MOVWF       R10, 0
;__Lib_Math.c,253 :: 		
0x03C2	0xBE0A      	BTFSC       R10, 7, 0
;__Lib_Math.c,254 :: 		
0x03C4	0xD010      	BRA         $+34
;__Lib_Math.c,256 :: 		
0x03C6	0xDE7C      	RCALL       _Div_16x16_S_L
;__Lib_Math.c,258 :: 		
0x03C8	0xB00B      	BTFSC       R11, 0, 0
;__Lib_Math.c,259 :: 		
0x03CA	0xD020      	BRA         $+66
;__Lib_Math.c,261 :: 		
0x03CC	0xAE0D      	BTFSS       R13, 7, 0
;__Lib_Math.c,262 :: 		
0x03CE	0x0C00      	RETLW       0
;__Lib_Math.c,264 :: 		
0x03D0	0x1E00      	COMF        R0, 1, 0
;__Lib_Math.c,265 :: 		
0x03D2	0x1E01      	COMF        R1, 1, 0
;__Lib_Math.c,266 :: 		
0x03D4	0x2A00      	INCF        R0, 1, 0
;__Lib_Math.c,267 :: 		
0x03D6	0xB4D8      	BTFSC       STATUS, 2, 0
;__Lib_Math.c,268 :: 		
0x03D8	0x2A01      	INCF        R1, 1, 0
;__Lib_Math.c,270 :: 		
0x03DA	0x1E08      	COMF        R8, 1, 0
;__Lib_Math.c,271 :: 		
0x03DC	0x1E09      	COMF        R9, 1, 0
;__Lib_Math.c,272 :: 		
0x03DE	0x2A08      	INCF        R8, 1, 0
;__Lib_Math.c,273 :: 		
0x03E0	0xB4D8      	BTFSC       STATUS, 2, 0
;__Lib_Math.c,274 :: 		
0x03E2	0x2A09      	INCF        R9, 1, 0
;__Lib_Math.c,276 :: 		
0x03E4	0x0C00      	RETLW       0
;__Lib_Math.c,278 :: 		
0x03E6	0xAE05      	BTFSS       R5, 7, 0
;__Lib_Math.c,279 :: 		
0x03E8	0xD00D      	BRA         $+28
;__Lib_Math.c,280 :: 		
0x03EA	0xBE01      	BTFSC       R1, 7, 0
;__Lib_Math.c,281 :: 		
0x03EC	0xD007      	BRA         $+16
;__Lib_Math.c,282 :: 		
0x03EE	0x5001      	MOVF        R1, 0, 0
;__Lib_Math.c,283 :: 		
0x03F0	0x6E09      	MOVWF       R9, 0
;__Lib_Math.c,284 :: 		
0x03F2	0x5000      	MOVF        R0, 0, 0
;__Lib_Math.c,285 :: 		
0x03F4	0x6E08      	MOVWF       R8, 0
;__Lib_Math.c,286 :: 		
0x03F6	0x6A01      	CLRF        R1, 0
;__Lib_Math.c,287 :: 		
0x03F8	0x6A00      	CLRF        R0, 0
;__Lib_Math.c,288 :: 		
0x03FA	0xD7E8      	BRA         $-46
;__Lib_Math.c,289 :: 		
0x03FC	0x6A01      	CLRF        R1, 0
;__Lib_Math.c,290 :: 		
0x03FE	0x6A00      	CLRF        R0, 0
;__Lib_Math.c,291 :: 		
0x0400	0x2A00      	INCF        R0, 1, 0
;__Lib_Math.c,292 :: 		
0x0402	0x0C00      	RETLW       0
;__Lib_Math.c,294 :: 		
0x0404	0x1E01      	COMF        R1, 1, 0
;__Lib_Math.c,295 :: 		
0x0406	0x1E00      	COMF        R0, 1, 0
;__Lib_Math.c,296 :: 		
0x0408	0x2A0B      	INCF        R11, 1, 0
;__Lib_Math.c,297 :: 		
0x040A	0xD7DD      	BRA         $-68
;__Lib_Math.c,299 :: 		
0x040C	0x2A08      	INCF        R8, 1, 0
;__Lib_Math.c,300 :: 		
0x040E	0xB4D8      	BTFSC       STATUS, 2, 0
;__Lib_Math.c,301 :: 		
0x0410	0x2A09      	INCF        R9, 1, 0
;__Lib_Math.c,302 :: 		
0x0412	0x5004      	MOVF        R4, 0, 0
;__Lib_Math.c,303 :: 		
0x0414	0x5C08      	SUBWF       R8, 0, 0
;__Lib_Math.c,304 :: 		
0x0416	0xA4D8      	BTFSS       STATUS, 2, 0
;__Lib_Math.c,305 :: 		
0x0418	0xD7D9      	BRA         $-76
;__Lib_Math.c,306 :: 		
0x041A	0x5005      	MOVF        R5, 0, 0
;__Lib_Math.c,307 :: 		
0x041C	0x5C09      	SUBWF       R9, 0, 0
;__Lib_Math.c,308 :: 		
0x041E	0xA4D8      	BTFSS       STATUS, 2, 0
;__Lib_Math.c,309 :: 		
0x0420	0xD7D5      	BRA         $-84
;__Lib_Math.c,310 :: 		
0x0422	0x6A09      	CLRF        R9, 0
;__Lib_Math.c,311 :: 		
0x0424	0x6A08      	CLRF        R8, 0
;__Lib_Math.c,312 :: 		
0x0426	0x2A00      	INCF        R0, 1, 0
;__Lib_Math.c,313 :: 		
0x0428	0xB4D8      	BTFSC       STATUS, 2, 0
;__Lib_Math.c,314 :: 		
0x042A	0x2A01      	INCF        R1, 1, 0
;__Lib_Math.c,315 :: 		
0x042C	0xAE01      	BTFSS       R1, 7, 0
;__Lib_Math.c,316 :: 		
0x042E	0xD7CE      	BRA         $-98
;__Lib_Math.c,317 :: 		
0x0430	0x0000      	NOP
;__Lib_Math.c,318 :: 		
0x0432	0x0CFF      	RETLW       255
;__Lib_Math.c,320 :: 		
L_end_Div_16x16_S:
0x0434	0x0012      	RETURN      0
; end of _Div_16x16_S
_Keypad_Init:
;__Lib_Keypad4x4.c,34 :: 		
;__Lib_Keypad4x4.c,35 :: 		
0x0436	0x0E12      	MOVLW       18
0x0438	0x6E00      	MOVWF       R0 
0x043A	0x0E00      	MOVLW       0
0x043C	0x6E01      	MOVWF       R1 
0x043E	0x0E83      	MOVLW       keypadPort
0x0440	0x2400      	ADDWF       R0, 0 
0x0442	0x6EE1      	MOVWF       FSR1L 
0x0444	0x0E0F      	MOVLW       hi_addr(keypadPort)
0x0446	0x2001      	ADDWFC      R1, 0 
0x0448	0x6EE2      	MOVWF       FSR1L+1 
0x044A	0x0EFF      	MOVLW       255
0x044C	0x6EE6      	MOVWF       POSTINC1 
;__Lib_Keypad4x4.c,36 :: 		
L_end_Keypad_Init:
0x044E	0x0012      	RETURN      0
; end of _Keypad_Init
_Keypad_Key_Click:
;__Lib_Keypad4x4.c,77 :: 		
;__Lib_Keypad4x4.c,81 :: 		
0x0450	0xDE6A      	RCALL       _Keypad_Key_Press
0x0452	0xF1ABC000  	MOVFF       R0, Keypad_Key_Click_rslt_L0
;__Lib_Keypad4x4.c,83 :: 		
L_Keypad_Key_Click5:
0x0456	0x0E0F      	MOVLW       15
0x0458	0x1483      	ANDWF       keypadPort, 0 
0x045A	0x6E00      	MOVWF       R0 
0x045C	0xE002      	BZ          L_Keypad_Key_Click6
;__Lib_Keypad4x4.c,84 :: 		
0x045E	0xDE98      	RCALL       _Delay_10us
0x0460	0xD7FA      	BRA         L_Keypad_Key_Click5
L_Keypad_Key_Click6:
;__Lib_Keypad4x4.c,86 :: 		
0x0462	0xF000C1AB  	MOVFF       Keypad_Key_Click_rslt_L0, R0
;__Lib_Keypad4x4.c,87 :: 		
L_end_Keypad_Key_Click:
0x0466	0x0012      	RETURN      0
; end of _Keypad_Key_Click
_main:
0x0468	0xF005EC57  	CALL        2734, 0
;Lab74.c,21 :: 		void main() {
;Lab74.c,22 :: 		ANSELB = 0;                              // Configure AN pins as digital I/O
0x046C	0x010F      	MOVLB       15
0x046E	0x6B39      	CLRF        ANSELB, 1
;Lab74.c,23 :: 		ANSELD = 0;
0x0470	0x6B3B      	CLRF        ANSELD, 1
;Lab74.c,24 :: 		ANSELE = 0;
0x0472	0x6B3C      	CLRF        ANSELE, 1
;Lab74.c,25 :: 		Lcd_Init(); // Initialize LCD
0x0474	0xDEFA      	RCALL       _Lcd_Init
;Lab74.c,26 :: 		Lcd_Cmd(_LCD_CLEAR); // Clear Display
0x0476	0x0E01      	MOVLW       1
0x0478	0x6FB5      	MOVWF       FARG_Lcd_Cmd_out_char, 1
0x047A	0xDDE3      	RCALL       _Lcd_Cmd
;Lab74.c,27 :: 		Lcd_Cmd(_LCD_CURSOR_OFF); // Cursor Off
0x047C	0x0E0C      	MOVLW       12
0x047E	0x6FB5      	MOVWF       FARG_Lcd_Cmd_out_char, 1
0x0480	0xDDE0      	RCALL       _Lcd_Cmd
;Lab74.c,28 :: 		Lcd_Cmd(_LCD_CLEAR);
0x0482	0x0E01      	MOVLW       1
0x0484	0x6FB5      	MOVWF       FARG_Lcd_Cmd_out_char, 1
0x0486	0xDDDD      	RCALL       _Lcd_Cmd
;Lab74.c,31 :: 		Lcd_Out(2,1,"Decimal to Binary Converter”");
0x0488	0x0E02      	MOVLW       2
0x048A	0x6FAB      	MOVWF       FARG_Lcd_Out_row, 1
0x048C	0x0E01      	MOVLW       1
0x048E	0x6FAC      	MOVWF       FARG_Lcd_Out_column, 1
0x0490	0x0EFA      	MOVLW       ?lstr1_Lab74
0x0492	0x6FAD      	MOVWF       FARG_Lcd_Out_text, 1
0x0494	0x0E00      	MOVLW       hi_addr(?lstr1_Lab74)
0x0496	0x6FAE      	MOVWF       FARG_Lcd_Out_text+1, 1
0x0498	0xDEA9      	RCALL       _Lcd_Out
;Lab74.c,32 :: 		Delay_ms(125);
0x049A	0x0E02      	MOVLW       2
0x049C	0x6E0B      	MOVWF       R11, 0
0x049E	0x0E45      	MOVLW       69
0x04A0	0x6E0C      	MOVWF       R12, 0
0x04A2	0x0EA9      	MOVLW       169
0x04A4	0x6E0D      	MOVWF       R13, 0
L_main0:
0x04A6	0x2E0D      	DECFSZ      R13, 1, 0
0x04A8	0xD7FE      	BRA         L_main0
0x04AA	0x2E0C      	DECFSZ      R12, 1, 0
0x04AC	0xD7FC      	BRA         L_main0
0x04AE	0x2E0B      	DECFSZ      R11, 1, 0
0x04B0	0xD7FA      	BRA         L_main0
0x04B2	0x0000      	NOP
0x04B4	0x0000      	NOP
;Lab74.c,33 :: 		Lcd_Cmd(_LCD_CLEAR);
0x04B6	0x0E01      	MOVLW       1
0x04B8	0x6FB5      	MOVWF       FARG_Lcd_Cmd_out_char, 1
0x04BA	0xDDC3      	RCALL       _Lcd_Cmd
;Lab74.c,34 :: 		Lcd_Out(2,0,"Decimal to Binary Converter”");
0x04BC	0x0E02      	MOVLW       2
0x04BE	0x6FAB      	MOVWF       FARG_Lcd_Out_row, 1
0x04C0	0x6BAC      	CLRF        FARG_Lcd_Out_column, 1
0x04C2	0x0EDD      	MOVLW       ?lstr2_Lab74
0x04C4	0x6FAD      	MOVWF       FARG_Lcd_Out_text, 1
0x04C6	0x0E00      	MOVLW       hi_addr(?lstr2_Lab74)
0x04C8	0x6FAE      	MOVWF       FARG_Lcd_Out_text+1, 1
0x04CA	0xDE90      	RCALL       _Lcd_Out
;Lab74.c,35 :: 		Delay_ms(125);
0x04CC	0x0E02      	MOVLW       2
0x04CE	0x6E0B      	MOVWF       R11, 0
0x04D0	0x0E45      	MOVLW       69
0x04D2	0x6E0C      	MOVWF       R12, 0
0x04D4	0x0EA9      	MOVLW       169
0x04D6	0x6E0D      	MOVWF       R13, 0
L_main1:
0x04D8	0x2E0D      	DECFSZ      R13, 1, 0
0x04DA	0xD7FE      	BRA         L_main1
0x04DC	0x2E0C      	DECFSZ      R12, 1, 0
0x04DE	0xD7FC      	BRA         L_main1
0x04E0	0x2E0B      	DECFSZ      R11, 1, 0
0x04E2	0xD7FA      	BRA         L_main1
0x04E4	0x0000      	NOP
0x04E6	0x0000      	NOP
;Lab74.c,36 :: 		Lcd_Cmd(_LCD_CLEAR);
0x04E8	0x0E01      	MOVLW       1
0x04EA	0x6FB5      	MOVWF       FARG_Lcd_Cmd_out_char, 1
0x04EC	0xDDAA      	RCALL       _Lcd_Cmd
;Lab74.c,37 :: 		Lcd_Out(2,-1,"Decimal to Binary Converter”");
0x04EE	0x0E02      	MOVLW       2
0x04F0	0x6FAB      	MOVWF       FARG_Lcd_Out_row, 1
0x04F2	0x0EFF      	MOVLW       255
0x04F4	0x6FAC      	MOVWF       FARG_Lcd_Out_column, 1
0x04F6	0x0EC0      	MOVLW       ?lstr3_Lab74
0x04F8	0x6FAD      	MOVWF       FARG_Lcd_Out_text, 1
0x04FA	0x0E00      	MOVLW       hi_addr(?lstr3_Lab74)
0x04FC	0x6FAE      	MOVWF       FARG_Lcd_Out_text+1, 1
0x04FE	0xDE76      	RCALL       _Lcd_Out
;Lab74.c,38 :: 		Delay_ms(125);
0x0500	0x0E02      	MOVLW       2
0x0502	0x6E0B      	MOVWF       R11, 0
0x0504	0x0E45      	MOVLW       69
0x0506	0x6E0C      	MOVWF       R12, 0
0x0508	0x0EA9      	MOVLW       169
0x050A	0x6E0D      	MOVWF       R13, 0
L_main2:
0x050C	0x2E0D      	DECFSZ      R13, 1, 0
0x050E	0xD7FE      	BRA         L_main2
0x0510	0x2E0C      	DECFSZ      R12, 1, 0
0x0512	0xD7FC      	BRA         L_main2
0x0514	0x2E0B      	DECFSZ      R11, 1, 0
0x0516	0xD7FA      	BRA         L_main2
0x0518	0x0000      	NOP
0x051A	0x0000      	NOP
;Lab74.c,39 :: 		Lcd_Cmd(_LCD_CLEAR);
0x051C	0x0E01      	MOVLW       1
0x051E	0x6FB5      	MOVWF       FARG_Lcd_Cmd_out_char, 1
0x0520	0xDD90      	RCALL       _Lcd_Cmd
;Lab74.c,40 :: 		Lcd_Out(2,-2,"Decimal to Binary Converter”");
0x0522	0x0E02      	MOVLW       2
0x0524	0x6FAB      	MOVWF       FARG_Lcd_Out_row, 1
0x0526	0x0EFE      	MOVLW       254
0x0528	0x6FAC      	MOVWF       FARG_Lcd_Out_column, 1
0x052A	0x0E17      	MOVLW       ?lstr4_Lab74
0x052C	0x6FAD      	MOVWF       FARG_Lcd_Out_text, 1
0x052E	0x0E01      	MOVLW       hi_addr(?lstr4_Lab74)
0x0530	0x6FAE      	MOVWF       FARG_Lcd_Out_text+1, 1
0x0532	0xDE5C      	RCALL       _Lcd_Out
;Lab74.c,41 :: 		Delay_ms(125);
0x0534	0x0E02      	MOVLW       2
0x0536	0x6E0B      	MOVWF       R11, 0
0x0538	0x0E45      	MOVLW       69
0x053A	0x6E0C      	MOVWF       R12, 0
0x053C	0x0EA9      	MOVLW       169
0x053E	0x6E0D      	MOVWF       R13, 0
L_main3:
0x0540	0x2E0D      	DECFSZ      R13, 1, 0
0x0542	0xD7FE      	BRA         L_main3
0x0544	0x2E0C      	DECFSZ      R12, 1, 0
0x0546	0xD7FC      	BRA         L_main3
0x0548	0x2E0B      	DECFSZ      R11, 1, 0
0x054A	0xD7FA      	BRA         L_main3
0x054C	0x0000      	NOP
0x054E	0x0000      	NOP
;Lab74.c,42 :: 		Lcd_Cmd(_LCD_CLEAR);
0x0550	0x0E01      	MOVLW       1
0x0552	0x6FB5      	MOVWF       FARG_Lcd_Cmd_out_char, 1
0x0554	0xDD76      	RCALL       _Lcd_Cmd
;Lab74.c,43 :: 		Lcd_Out(2,-3,"Decimal to Binary Converter”");
0x0556	0x0E02      	MOVLW       2
0x0558	0x6FAB      	MOVWF       FARG_Lcd_Out_row, 1
0x055A	0x0EFD      	MOVLW       253
0x055C	0x6FAC      	MOVWF       FARG_Lcd_Out_column, 1
0x055E	0x0E6E      	MOVLW       ?lstr5_Lab74
0x0560	0x6FAD      	MOVWF       FARG_Lcd_Out_text, 1
0x0562	0x0E01      	MOVLW       hi_addr(?lstr5_Lab74)
0x0564	0x6FAE      	MOVWF       FARG_Lcd_Out_text+1, 1
0x0566	0xDE42      	RCALL       _Lcd_Out
;Lab74.c,44 :: 		Delay_ms(125);
0x0568	0x0E02      	MOVLW       2
0x056A	0x6E0B      	MOVWF       R11, 0
0x056C	0x0E45      	MOVLW       69
0x056E	0x6E0C      	MOVWF       R12, 0
0x0570	0x0EA9      	MOVLW       169
0x0572	0x6E0D      	MOVWF       R13, 0
L_main4:
0x0574	0x2E0D      	DECFSZ      R13, 1, 0
0x0576	0xD7FE      	BRA         L_main4
0x0578	0x2E0C      	DECFSZ      R12, 1, 0
0x057A	0xD7FC      	BRA         L_main4
0x057C	0x2E0B      	DECFSZ      R11, 1, 0
0x057E	0xD7FA      	BRA         L_main4
0x0580	0x0000      	NOP
0x0582	0x0000      	NOP
;Lab74.c,45 :: 		Lcd_Out(2,-4,"Decimal to Binary Converter”");
0x0584	0x0E02      	MOVLW       2
0x0586	0x6FAB      	MOVWF       FARG_Lcd_Out_row, 1
0x0588	0x0EFC      	MOVLW       252
0x058A	0x6FAC      	MOVWF       FARG_Lcd_Out_column, 1
0x058C	0x0E51      	MOVLW       ?lstr6_Lab74
0x058E	0x6FAD      	MOVWF       FARG_Lcd_Out_text, 1
0x0590	0x0E01      	MOVLW       hi_addr(?lstr6_Lab74)
0x0592	0x6FAE      	MOVWF       FARG_Lcd_Out_text+1, 1
0x0594	0xDE2B      	RCALL       _Lcd_Out
;Lab74.c,46 :: 		Delay_ms(125);
0x0596	0x0E02      	MOVLW       2
0x0598	0x6E0B      	MOVWF       R11, 0
0x059A	0x0E45      	MOVLW       69
0x059C	0x6E0C      	MOVWF       R12, 0
0x059E	0x0EA9      	MOVLW       169
0x05A0	0x6E0D      	MOVWF       R13, 0
L_main5:
0x05A2	0x2E0D      	DECFSZ      R13, 1, 0
0x05A4	0xD7FE      	BRA         L_main5
0x05A6	0x2E0C      	DECFSZ      R12, 1, 0
0x05A8	0xD7FC      	BRA         L_main5
0x05AA	0x2E0B      	DECFSZ      R11, 1, 0
0x05AC	0xD7FA      	BRA         L_main5
0x05AE	0x0000      	NOP
0x05B0	0x0000      	NOP
;Lab74.c,47 :: 		Lcd_Cmd(_LCD_CLEAR);
0x05B2	0x0E01      	MOVLW       1
0x05B4	0x6FB5      	MOVWF       FARG_Lcd_Cmd_out_char, 1
0x05B6	0xDD45      	RCALL       _Lcd_Cmd
;Lab74.c,48 :: 		Lcd_Out(2,-5,"Decimal to Binary Converter”");
0x05B8	0x0E02      	MOVLW       2
0x05BA	0x6FAB      	MOVWF       FARG_Lcd_Out_row, 1
0x05BC	0x0EFB      	MOVLW       251
0x05BE	0x6FAC      	MOVWF       FARG_Lcd_Out_column, 1
0x05C0	0x0E34      	MOVLW       ?lstr7_Lab74
0x05C2	0x6FAD      	MOVWF       FARG_Lcd_Out_text, 1
0x05C4	0x0E01      	MOVLW       hi_addr(?lstr7_Lab74)
0x05C6	0x6FAE      	MOVWF       FARG_Lcd_Out_text+1, 1
0x05C8	0xDE11      	RCALL       _Lcd_Out
;Lab74.c,49 :: 		Delay_ms(125);
0x05CA	0x0E02      	MOVLW       2
0x05CC	0x6E0B      	MOVWF       R11, 0
0x05CE	0x0E45      	MOVLW       69
0x05D0	0x6E0C      	MOVWF       R12, 0
0x05D2	0x0EA9      	MOVLW       169
0x05D4	0x6E0D      	MOVWF       R13, 0
L_main6:
0x05D6	0x2E0D      	DECFSZ      R13, 1, 0
0x05D8	0xD7FE      	BRA         L_main6
0x05DA	0x2E0C      	DECFSZ      R12, 1, 0
0x05DC	0xD7FC      	BRA         L_main6
0x05DE	0x2E0B      	DECFSZ      R11, 1, 0
0x05E0	0xD7FA      	BRA         L_main6
0x05E2	0x0000      	NOP
0x05E4	0x0000      	NOP
;Lab74.c,50 :: 		Lcd_Cmd(_LCD_CLEAR);
0x05E6	0x0E01      	MOVLW       1
0x05E8	0x6FB5      	MOVWF       FARG_Lcd_Cmd_out_char, 1
0x05EA	0xDD2B      	RCALL       _Lcd_Cmd
;Lab74.c,51 :: 		Lcd_Out(2,-6,"Decimal to Binary Converter”");
0x05EC	0x0E02      	MOVLW       2
0x05EE	0x6FAB      	MOVWF       FARG_Lcd_Out_row, 1
0x05F0	0x0EFA      	MOVLW       250
0x05F2	0x6FAC      	MOVWF       FARG_Lcd_Out_column, 1
0x05F4	0x0E4F      	MOVLW       ?lstr8_Lab74
0x05F6	0x6FAD      	MOVWF       FARG_Lcd_Out_text, 1
0x05F8	0x0E00      	MOVLW       hi_addr(?lstr8_Lab74)
0x05FA	0x6FAE      	MOVWF       FARG_Lcd_Out_text+1, 1
0x05FC	0xDDF7      	RCALL       _Lcd_Out
;Lab74.c,52 :: 		Delay_ms(125);
0x05FE	0x0E02      	MOVLW       2
0x0600	0x6E0B      	MOVWF       R11, 0
0x0602	0x0E45      	MOVLW       69
0x0604	0x6E0C      	MOVWF       R12, 0
0x0606	0x0EA9      	MOVLW       169
0x0608	0x6E0D      	MOVWF       R13, 0
L_main7:
0x060A	0x2E0D      	DECFSZ      R13, 1, 0
0x060C	0xD7FE      	BRA         L_main7
0x060E	0x2E0C      	DECFSZ      R12, 1, 0
0x0610	0xD7FC      	BRA         L_main7
0x0612	0x2E0B      	DECFSZ      R11, 1, 0
0x0614	0xD7FA      	BRA         L_main7
0x0616	0x0000      	NOP
0x0618	0x0000      	NOP
;Lab74.c,53 :: 		Lcd_Cmd(_LCD_CLEAR);
0x061A	0x0E01      	MOVLW       1
0x061C	0x6FB5      	MOVWF       FARG_Lcd_Cmd_out_char, 1
0x061E	0xDD11      	RCALL       _Lcd_Cmd
;Lab74.c,54 :: 		Lcd_Out(2,-7,"Decimal to Binary Converter”");
0x0620	0x0E02      	MOVLW       2
0x0622	0x6FAB      	MOVWF       FARG_Lcd_Out_row, 1
0x0624	0x0EF9      	MOVLW       249
0x0626	0x6FAC      	MOVWF       FARG_Lcd_Out_column, 1
0x0628	0x0E32      	MOVLW       ?lstr9_Lab74
0x062A	0x6FAD      	MOVWF       FARG_Lcd_Out_text, 1
0x062C	0x0E00      	MOVLW       hi_addr(?lstr9_Lab74)
0x062E	0x6FAE      	MOVWF       FARG_Lcd_Out_text+1, 1
0x0630	0xDDDD      	RCALL       _Lcd_Out
;Lab74.c,55 :: 		Delay_ms(125);
0x0632	0x0E02      	MOVLW       2
0x0634	0x6E0B      	MOVWF       R11, 0
0x0636	0x0E45      	MOVLW       69
0x0638	0x6E0C      	MOVWF       R12, 0
0x063A	0x0EA9      	MOVLW       169
0x063C	0x6E0D      	MOVWF       R13, 0
L_main8:
0x063E	0x2E0D      	DECFSZ      R13, 1, 0
0x0640	0xD7FE      	BRA         L_main8
0x0642	0x2E0C      	DECFSZ      R12, 1, 0
0x0644	0xD7FC      	BRA         L_main8
0x0646	0x2E0B      	DECFSZ      R11, 1, 0
0x0648	0xD7FA      	BRA         L_main8
0x064A	0x0000      	NOP
0x064C	0x0000      	NOP
;Lab74.c,56 :: 		Lcd_Cmd(_LCD_CLEAR);
0x064E	0x0E01      	MOVLW       1
0x0650	0x6FB5      	MOVWF       FARG_Lcd_Cmd_out_char, 1
0x0652	0xDCF7      	RCALL       _Lcd_Cmd
;Lab74.c,57 :: 		Lcd_Out(2,-8,"Decimal to Binary Converter”");
0x0654	0x0E02      	MOVLW       2
0x0656	0x6FAB      	MOVWF       FARG_Lcd_Out_row, 1
0x0658	0x0EF8      	MOVLW       248
0x065A	0x6FAC      	MOVWF       FARG_Lcd_Out_column, 1
0x065C	0x0E15      	MOVLW       ?lstr10_Lab74
0x065E	0x6FAD      	MOVWF       FARG_Lcd_Out_text, 1
0x0660	0x0E00      	MOVLW       hi_addr(?lstr10_Lab74)
0x0662	0x6FAE      	MOVWF       FARG_Lcd_Out_text+1, 1
0x0664	0xDDC3      	RCALL       _Lcd_Out
;Lab74.c,58 :: 		Delay_ms(125);
0x0666	0x0E02      	MOVLW       2
0x0668	0x6E0B      	MOVWF       R11, 0
0x066A	0x0E45      	MOVLW       69
0x066C	0x6E0C      	MOVWF       R12, 0
0x066E	0x0EA9      	MOVLW       169
0x0670	0x6E0D      	MOVWF       R13, 0
L_main9:
0x0672	0x2E0D      	DECFSZ      R13, 1, 0
0x0674	0xD7FE      	BRA         L_main9
0x0676	0x2E0C      	DECFSZ      R12, 1, 0
0x0678	0xD7FC      	BRA         L_main9
0x067A	0x2E0B      	DECFSZ      R11, 1, 0
0x067C	0xD7FA      	BRA         L_main9
0x067E	0x0000      	NOP
0x0680	0x0000      	NOP
;Lab74.c,59 :: 		Lcd_Cmd(_LCD_CLEAR);
0x0682	0x0E01      	MOVLW       1
0x0684	0x6FB5      	MOVWF       FARG_Lcd_Cmd_out_char, 1
0x0686	0xDCDD      	RCALL       _Lcd_Cmd
;Lab74.c,60 :: 		Lcd_Out(2,-9,"Decimal to Binary Converter”");
0x0688	0x0E02      	MOVLW       2
0x068A	0x6FAB      	MOVWF       FARG_Lcd_Out_row, 1
0x068C	0x0EF7      	MOVLW       247
0x068E	0x6FAC      	MOVWF       FARG_Lcd_Out_column, 1
0x0690	0x0E6C      	MOVLW       ?lstr11_Lab74
0x0692	0x6FAD      	MOVWF       FARG_Lcd_Out_text, 1
0x0694	0x0E00      	MOVLW       hi_addr(?lstr11_Lab74)
0x0696	0x6FAE      	MOVWF       FARG_Lcd_Out_text+1, 1
0x0698	0xDDA9      	RCALL       _Lcd_Out
;Lab74.c,61 :: 		Delay_ms(125);
0x069A	0x0E02      	MOVLW       2
0x069C	0x6E0B      	MOVWF       R11, 0
0x069E	0x0E45      	MOVLW       69
0x06A0	0x6E0C      	MOVWF       R12, 0
0x06A2	0x0EA9      	MOVLW       169
0x06A4	0x6E0D      	MOVWF       R13, 0
L_main10:
0x06A6	0x2E0D      	DECFSZ      R13, 1, 0
0x06A8	0xD7FE      	BRA         L_main10
0x06AA	0x2E0C      	DECFSZ      R12, 1, 0
0x06AC	0xD7FC      	BRA         L_main10
0x06AE	0x2E0B      	DECFSZ      R11, 1, 0
0x06B0	0xD7FA      	BRA         L_main10
0x06B2	0x0000      	NOP
0x06B4	0x0000      	NOP
;Lab74.c,62 :: 		Lcd_Cmd(_LCD_CLEAR);
0x06B6	0x0E01      	MOVLW       1
0x06B8	0x6FB5      	MOVWF       FARG_Lcd_Cmd_out_char, 1
0x06BA	0xDCC3      	RCALL       _Lcd_Cmd
;Lab74.c,63 :: 		Lcd_Out(2,-10,"Decimal to Binary Converter”");
0x06BC	0x0E02      	MOVLW       2
0x06BE	0x6FAB      	MOVWF       FARG_Lcd_Out_row, 1
0x06C0	0x0EF6      	MOVLW       246
0x06C2	0x6FAC      	MOVWF       FARG_Lcd_Out_column, 1
0x06C4	0x0EA3      	MOVLW       ?lstr12_Lab74
0x06C6	0x6FAD      	MOVWF       FARG_Lcd_Out_text, 1
0x06C8	0x0E00      	MOVLW       hi_addr(?lstr12_Lab74)
0x06CA	0x6FAE      	MOVWF       FARG_Lcd_Out_text+1, 1
0x06CC	0xDD8F      	RCALL       _Lcd_Out
;Lab74.c,64 :: 		Delay_ms(250);
0x06CE	0x0E03      	MOVLW       3
0x06D0	0x6E0B      	MOVWF       R11, 0
0x06D2	0x0E8A      	MOVLW       138
0x06D4	0x6E0C      	MOVWF       R12, 0
0x06D6	0x0E55      	MOVLW       85
0x06D8	0x6E0D      	MOVWF       R13, 0
L_main11:
0x06DA	0x2E0D      	DECFSZ      R13, 1, 0
0x06DC	0xD7FE      	BRA         L_main11
0x06DE	0x2E0C      	DECFSZ      R12, 1, 0
0x06E0	0xD7FC      	BRA         L_main11
0x06E2	0x2E0B      	DECFSZ      R11, 1, 0
0x06E4	0xD7FA      	BRA         L_main11
0x06E6	0x0000      	NOP
0x06E8	0x0000      	NOP
;Lab74.c,65 :: 		Lcd_Cmd(_LCD_CLEAR); // Clear Display
0x06EA	0x0E01      	MOVLW       1
0x06EC	0x6FB5      	MOVWF       FARG_Lcd_Cmd_out_char, 1
0x06EE	0xDCA9      	RCALL       _Lcd_Cmd
;Lab74.c,66 :: 		delay_ms(500); // Delay of 0.5s
0x06F0	0x0E06      	MOVLW       6
0x06F2	0x6E0B      	MOVWF       R11, 0
0x06F4	0x0E13      	MOVLW       19
0x06F6	0x6E0C      	MOVWF       R12, 0
0x06F8	0x0EAD      	MOVLW       173
0x06FA	0x6E0D      	MOVWF       R13, 0
L_main12:
0x06FC	0x2E0D      	DECFSZ      R13, 1, 0
0x06FE	0xD7FE      	BRA         L_main12
0x0700	0x2E0C      	DECFSZ      R12, 1, 0
0x0702	0xD7FC      	BRA         L_main12
0x0704	0x2E0B      	DECFSZ      R11, 1, 0
0x0706	0xD7FA      	BRA         L_main12
0x0708	0x0000      	NOP
0x070A	0x0000      	NOP
;Lab74.c,67 :: 		Keypad_Init(); // Initialize Keypad
0x070C	0xDE94      	RCALL       _Keypad_Init
;Lab74.c,68 :: 		Lcd_Out(1,1,"Write a Number"); // Write "Write a Number" in the first row
0x070E	0x0E01      	MOVLW       1
0x0710	0x6FAB      	MOVWF       FARG_Lcd_Out_row, 1
0x0712	0x0E01      	MOVLW       1
0x0714	0x6FAC      	MOVWF       FARG_Lcd_Out_column, 1
0x0716	0x0E94      	MOVLW       ?lstr13_Lab74
0x0718	0x6FAD      	MOVWF       FARG_Lcd_Out_text, 1
0x071A	0x0E00      	MOVLW       hi_addr(?lstr13_Lab74)
0x071C	0x6FAE      	MOVWF       FARG_Lcd_Out_text+1, 1
0x071E	0xDD66      	RCALL       _Lcd_Out
;Lab74.c,69 :: 		Lcd_Out(2,1,"to Convert"); // Write "to Convert" in the first row
0x0720	0x0E02      	MOVLW       2
0x0722	0x6FAB      	MOVWF       FARG_Lcd_Out_row, 1
0x0724	0x0E01      	MOVLW       1
0x0726	0x6FAC      	MOVWF       FARG_Lcd_Out_column, 1
0x0728	0x0E89      	MOVLW       ?lstr14_Lab74
0x072A	0x6FAD      	MOVWF       FARG_Lcd_Out_text, 1
0x072C	0x0E00      	MOVLW       hi_addr(?lstr14_Lab74)
0x072E	0x6FAE      	MOVWF       FARG_Lcd_Out_text+1, 1
0x0730	0xDD5D      	RCALL       _Lcd_Out
;Lab74.c,70 :: 		delay_ms(1000); // Delay of 0.5s
0x0732	0x0E0B      	MOVLW       11
0x0734	0x6E0B      	MOVWF       R11, 0
0x0736	0x0E26      	MOVLW       38
0x0738	0x6E0C      	MOVWF       R12, 0
0x073A	0x0E5D      	MOVLW       93
0x073C	0x6E0D      	MOVWF       R13, 0
L_main13:
0x073E	0x2E0D      	DECFSZ      R13, 1, 0
0x0740	0xD7FE      	BRA         L_main13
0x0742	0x2E0C      	DECFSZ      R12, 1, 0
0x0744	0xD7FC      	BRA         L_main13
0x0746	0x2E0B      	DECFSZ      R11, 1, 0
0x0748	0xD7FA      	BRA         L_main13
0x074A	0x0000      	NOP
0x074C	0x0000      	NOP
;Lab74.c,71 :: 		Lcd_Cmd(_LCD_CLEAR); // Clear Display
0x074E	0x0E01      	MOVLW       1
0x0750	0x6FB5      	MOVWF       FARG_Lcd_Cmd_out_char, 1
0x0752	0xDC77      	RCALL       _Lcd_Cmd
;Lab74.c,72 :: 		do
L_main14:
;Lab74.c,74 :: 		kpi = 0; // Reset key code variable
0x0754	0x6BA4      	CLRF        _kpi, 1
;Lab74.c,76 :: 		do
L_main17:
;Lab74.c,77 :: 		kpi = Keypad_Key_Click(); // Store key code in kpi variable
0x0756	0xDE7C      	RCALL       _Keypad_Key_Click
0x0758	0xF1A4C000  	MOVFF       R0, _kpi
;Lab74.c,79 :: 		while (!kpi);
0x075C	0x5200      	MOVF        R0, 1 
0x075E	0xE0FB      	BZ          L_main17
;Lab74.c,80 :: 		if (kpi <= 16) {
0x0760	0x51A4      	MOVF        _kpi, 0, 1
0x0762	0x0810      	SUBLW       16
0x0764	0xE30A      	BNC         L_main20
;Lab74.c,81 :: 		kpi = lookup_table[kpi]; }
0x0766	0x0E8B      	MOVLW       _lookup_table
0x0768	0x6EE9      	MOVWF       FSR0L 
0x076A	0x0E01      	MOVLW       hi_addr(_lookup_table)
0x076C	0x6EEA      	MOVWF       FSR0L+1 
0x076E	0x51A4      	MOVF        _kpi, 0, 1
0x0770	0x26E9      	ADDWF       FSR0L, 1 
0x0772	0xB0D8      	BTFSC       STATUS, 0 
0x0774	0x2AEA      	INCF        FSR0L+1, 1 
0x0776	0xF1A4CFEE  	MOVFF       POSTINC0, _kpi
L_main20:
;Lab74.c,82 :: 		Lcd_Chr(1, 2, kpi); // Print key ASCII value on Lcd
0x077A	0x0E01      	MOVLW       1
0x077C	0x6FAB      	MOVWF       FARG_Lcd_Chr_row, 1
0x077E	0x0E02      	MOVLW       2
0x0780	0x6FAC      	MOVWF       FARG_Lcd_Chr_column, 1
0x0782	0xF1ADC1A4  	MOVFF       _kpi, FARG_Lcd_Chr_out_char
0x0786	0xDDC5      	RCALL       _Lcd_Chr
;Lab74.c,83 :: 		kpi1= 0; // Reset key code variable
0x0788	0x6BA7      	CLRF        _kpi1, 1
0x078A	0x6BA8      	CLRF        _kpi1+1, 1
;Lab74.c,85 :: 		do
L_main21:
;Lab74.c,86 :: 		kpi1 = Keypad_Key_Click(); // Store key code in kpi variable
0x078C	0xDE61      	RCALL       _Keypad_Key_Click
0x078E	0xF1A7C000  	MOVFF       R0, _kpi1
0x0792	0x0E00      	MOVLW       0
0x0794	0x6FA8      	MOVWF       _kpi1+1, 1
;Lab74.c,88 :: 		while (!kpi1);
0x0796	0x51A7      	MOVF        _kpi1, 0, 1
0x0798	0x11A8      	IORWF       _kpi1+1, 0, 1
0x079A	0xE0F8      	BZ          L_main21
;Lab74.c,89 :: 		if (kpi1<= 16) {
0x079C	0x0E80      	MOVLW       128
0x079E	0x6E00      	MOVWF       R0 
0x07A0	0x0E80      	MOVLW       128
0x07A2	0x19A8      	XORWF       _kpi1+1, 0, 1
0x07A4	0x5C00      	SUBWF       R0, 0 
0x07A6	0xE102      	BNZ         L__main36
0x07A8	0x51A7      	MOVF        _kpi1, 0, 1
0x07AA	0x0810      	SUBLW       16
L__main36:
0x07AC	0xE30C      	BNC         L_main24
;Lab74.c,90 :: 		kpi1= lookup_table[kpi1];
0x07AE	0x0E8B      	MOVLW       _lookup_table
0x07B0	0x25A7      	ADDWF       _kpi1, 0, 1
0x07B2	0x6EE9      	MOVWF       FSR0L 
0x07B4	0x0E01      	MOVLW       hi_addr(_lookup_table)
0x07B6	0x21A8      	ADDWFC      _kpi1+1, 0, 1
0x07B8	0x6EEA      	MOVWF       FSR0L+1 
0x07BA	0xF1A7CFEE  	MOVFF       POSTINC0, _kpi1
0x07BE	0x0E00      	MOVLW       0
0x07C0	0x6FA8      	MOVWF       _kpi1+1, 1
0x07C2	0x0E00      	MOVLW       0
0x07C4	0x6FA8      	MOVWF       _kpi1+1, 1
;Lab74.c,91 :: 		}
L_main24:
;Lab74.c,93 :: 		Lcd_Chr(1, 3, kpi1); // Print key ASCII value on Lcd
0x07C6	0x0E01      	MOVLW       1
0x07C8	0x6FAB      	MOVWF       FARG_Lcd_Chr_row, 1
0x07CA	0x0E03      	MOVLW       3
0x07CC	0x6FAC      	MOVWF       FARG_Lcd_Chr_column, 1
0x07CE	0xF1ADC1A7  	MOVFF       _kpi1, FARG_Lcd_Chr_out_char
0x07D2	0xDD9F      	RCALL       _Lcd_Chr
;Lab74.c,95 :: 		kpi2 = 0;
0x07D4	0x6BA5      	CLRF        _kpi2, 1
0x07D6	0x6BA6      	CLRF        _kpi2+1, 1
;Lab74.c,96 :: 		do
L_main25:
;Lab74.c,97 :: 		kpi2 = Keypad_Key_Click();
0x07D8	0xDE3B      	RCALL       _Keypad_Key_Click
0x07DA	0xF1A5C000  	MOVFF       R0, _kpi2
0x07DE	0x0E00      	MOVLW       0
0x07E0	0x6FA6      	MOVWF       _kpi2+1, 1
;Lab74.c,98 :: 		while(!kpi2);
0x07E2	0x51A5      	MOVF        _kpi2, 0, 1
0x07E4	0x11A6      	IORWF       _kpi2+1, 0, 1
0x07E6	0xE0F8      	BZ          L_main25
;Lab74.c,99 :: 		if(kpi2<= 16){
0x07E8	0x0E80      	MOVLW       128
0x07EA	0x6E00      	MOVWF       R0 
0x07EC	0x0E80      	MOVLW       128
0x07EE	0x19A6      	XORWF       _kpi2+1, 0, 1
0x07F0	0x5C00      	SUBWF       R0, 0 
0x07F2	0xE102      	BNZ         L__main37
0x07F4	0x51A5      	MOVF        _kpi2, 0, 1
0x07F6	0x0810      	SUBLW       16
L__main37:
0x07F8	0xE30C      	BNC         L_main28
;Lab74.c,101 :: 		kpi2 = lookup_table[kpi2];
0x07FA	0x0E8B      	MOVLW       _lookup_table
0x07FC	0x25A5      	ADDWF       _kpi2, 0, 1
0x07FE	0x6EE9      	MOVWF       FSR0L 
0x0800	0x0E01      	MOVLW       hi_addr(_lookup_table)
0x0802	0x21A6      	ADDWFC      _kpi2+1, 0, 1
0x0804	0x6EEA      	MOVWF       FSR0L+1 
0x0806	0xF1A5CFEE  	MOVFF       POSTINC0, _kpi2
0x080A	0x0E00      	MOVLW       0
0x080C	0x6FA6      	MOVWF       _kpi2+1, 1
0x080E	0x0E00      	MOVLW       0
0x0810	0x6FA6      	MOVWF       _kpi2+1, 1
;Lab74.c,102 :: 		}
L_main28:
;Lab74.c,103 :: 		Lcd_Chr(1, 4, kpi2);
0x0812	0x0E01      	MOVLW       1
0x0814	0x6FAB      	MOVWF       FARG_Lcd_Chr_row, 1
0x0816	0x0E04      	MOVLW       4
0x0818	0x6FAC      	MOVWF       FARG_Lcd_Chr_column, 1
0x081A	0xF1ADC1A5  	MOVFF       _kpi2, FARG_Lcd_Chr_out_char
0x081E	0xDD79      	RCALL       _Lcd_Chr
;Lab74.c,104 :: 		kpi &= 0x0F;
0x0820	0x0E0F      	MOVLW       15
0x0822	0x15A4      	ANDWF       _kpi, 0, 1
0x0824	0x6E02      	MOVWF       R2 
0x0826	0xF1A4C002  	MOVFF       R2, _kpi
;Lab74.c,105 :: 		kpi1 &= 0x0F;
0x082A	0x0E0F      	MOVLW       15
0x082C	0x15A7      	ANDWF       _kpi1, 0, 1
0x082E	0x6E00      	MOVWF       R0 
0x0830	0xF001C1A8  	MOVFF       _kpi1+1, R1
0x0834	0x0E00      	MOVLW       0
0x0836	0x1601      	ANDWF       R1, 1 
0x0838	0xF1A7C000  	MOVFF       R0, _kpi1
0x083C	0xF1A8C001  	MOVFF       R1, _kpi1+1
;Lab74.c,106 :: 		kpi2 &= 0x0F;
0x0840	0x0E0F      	MOVLW       15
0x0842	0x15A5      	ANDWF       _kpi2, 0, 1
0x0844	0x6FA9      	MOVWF       FLOC__main, 1
0x0846	0xF1AAC1A6  	MOVFF       _kpi2+1, FLOC__main+1
0x084A	0x0E00      	MOVLW       0
0x084C	0x17AA      	ANDWF       FLOC__main+1, 1, 1
0x084E	0xF1A5C1A9  	MOVFF       FLOC__main, _kpi2
0x0852	0xF1A6C1AA  	MOVFF       FLOC__main+1, _kpi2+1
;Lab74.c,107 :: 		total = 0;
0x0856	0x6B9F      	CLRF        _total, 1
0x0858	0x6BA0      	CLRF        _total+1, 1
;Lab74.c,108 :: 		total = (kpi*100) + (kpi1*10) + kpi2 ;
0x085A	0x0E64      	MOVLW       100
0x085C	0x0202      	MULWF       R2 
0x085E	0xF19FCFF3  	MOVFF       PRODL, _total
0x0862	0xF1A0CFF4  	MOVFF       PRODH, _total+1
0x0866	0x0E0A      	MOVLW       10
0x0868	0x6E04      	MOVWF       R4 
0x086A	0x0E00      	MOVLW       0
0x086C	0x6E05      	MOVWF       R5 
0x086E	0xDC96      	RCALL       _Mul_16X16_U
0x0870	0x5000      	MOVF        R0, 0 
0x0872	0x279F      	ADDWF       _total, 1, 1
0x0874	0x5001      	MOVF        R1, 0 
0x0876	0x23A0      	ADDWFC      _total+1, 1, 1
0x0878	0x51A9      	MOVF        FLOC__main, 0, 1
0x087A	0x279F      	ADDWF       _total, 1, 1
0x087C	0x51AA      	MOVF        FLOC__main+1, 0, 1
0x087E	0x23A0      	ADDWFC      _total+1, 1, 1
;Lab74.c,110 :: 		for (b = 8; b != 0; b--) //loop 8 times
0x0880	0x0E08      	MOVLW       8
0x0882	0x6F9D      	MOVWF       _b, 1
0x0884	0x0E00      	MOVLW       0
0x0886	0x6F9E      	MOVWF       _b+1, 1
L_main29:
0x0888	0x0E00      	MOVLW       0
0x088A	0x199E      	XORWF       _b+1, 0, 1
0x088C	0xE102      	BNZ         L__main38
0x088E	0x0E00      	MOVLW       0
0x0890	0x199D      	XORWF       _b, 0, 1
L__main38:
0x0892	0xE036      	BZ          L_main30
;Lab74.c,112 :: 		remainder = total%2;
0x0894	0x0E02      	MOVLW       2
0x0896	0x6E04      	MOVWF       R4 
0x0898	0x0E00      	MOVLW       0
0x089A	0x6E05      	MOVWF       R5 
0x089C	0xF000C19F  	MOVFF       _total, R0
0x08A0	0xF001C1A0  	MOVFF       _total+1, R1
0x08A4	0xDD65      	RCALL       _Div_16x16_S
0x08A6	0xF000C008  	MOVFF       R8, R0
0x08AA	0xF001C009  	MOVFF       R9, R1
0x08AE	0xF1A2C000  	MOVFF       R0, _remainder
0x08B2	0xF1A3C001  	MOVFF       R1, _remainder+1
;Lab74.c,113 :: 		total = total/2;
0x08B6	0x0101      	MOVLB       1
0x08B8	0x33A0      	RRCF        _total+1, 1, 1
0x08BA	0x339F      	RRCF        _total, 1, 1
0x08BC	0x9FA0      	BCF         _total+1, 7, 1
0x08BE	0xBDA0      	BTFSC       _total+1, 6, 1
0x08C0	0x8FA0      	BSF         _total+1, 7, 1
0x08C2	0xAFA0      	BTFSS       _total+1, 7, 1
0x08C4	0xD003      	BRA         L__main39
0x08C6	0xE302      	BNC         L__main39
0x08C8	0x4B9F      	INFSNZ      _total, 1, 1
0x08CA	0x2BA0      	INCF        _total+1, 1, 1
L__main39:
;Lab74.c,114 :: 		if (remainder==1)
0x08CC	0x0E00      	MOVLW       0
0x08CE	0x1801      	XORWF       R1, 0 
0x08D0	0xE102      	BNZ         L__main40
0x08D2	0x0E01      	MOVLW       1
0x08D4	0x1800      	XORWF       R0, 0 
L__main40:
0x08D6	0xE108      	BNZ         L_main32
;Lab74.c,116 :: 		Lcd_Chr(2,b,'1');
0x08D8	0x0E02      	MOVLW       2
0x08DA	0x6FAB      	MOVWF       FARG_Lcd_Chr_row, 1
0x08DC	0xF1ACC19D  	MOVFF       _b, FARG_Lcd_Chr_column
0x08E0	0x0E31      	MOVLW       49
0x08E2	0x6FAD      	MOVWF       FARG_Lcd_Chr_out_char, 1
0x08E4	0xDD16      	RCALL       _Lcd_Chr
;Lab74.c,117 :: 		}
0x08E6	0xD007      	BRA         L_main33
L_main32:
;Lab74.c,120 :: 		Lcd_Chr( 2,b,'0');
0x08E8	0x0E02      	MOVLW       2
0x08EA	0x6FAB      	MOVWF       FARG_Lcd_Chr_row, 1
0x08EC	0xF1ACC19D  	MOVFF       _b, FARG_Lcd_Chr_column
0x08F0	0x0E30      	MOVLW       48
0x08F2	0x6FAD      	MOVWF       FARG_Lcd_Chr_out_char, 1
0x08F4	0xDD0E      	RCALL       _Lcd_Chr
L_main33:
;Lab74.c,110 :: 		for (b = 8; b != 0; b--) //loop 8 times
0x08F6	0x0E01      	MOVLW       1
0x08F8	0x5F9D      	SUBWF       _b, 1, 1
0x08FA	0x0E00      	MOVLW       0
0x08FC	0x5B9E      	SUBWFB      _b+1, 1, 1
;Lab74.c,123 :: 		}
0x08FE	0xD7C4      	BRA         L_main29
L_main30:
;Lab74.c,124 :: 		delay_ms(3000);
0x0900	0x0E1F      	MOVLW       31
0x0902	0x6E0B      	MOVWF       R11, 0
0x0904	0x0E71      	MOVLW       113
0x0906	0x6E0C      	MOVWF       R12, 0
0x0908	0x0E1E      	MOVLW       30
0x090A	0x6E0D      	MOVWF       R13, 0
L_main34:
0x090C	0x2E0D      	DECFSZ      R13, 1, 0
0x090E	0xD7FE      	BRA         L_main34
0x0910	0x2E0C      	DECFSZ      R12, 1, 0
0x0912	0xD7FC      	BRA         L_main34
0x0914	0x2E0B      	DECFSZ      R11, 1, 0
0x0916	0xD7FA      	BRA         L_main34
0x0918	0x0000      	NOP
;Lab74.c,125 :: 		Lcd_Cmd(_LCD_CLEAR); // Clear Display
0x091A	0x0E01      	MOVLW       1
0x091C	0x6FB5      	MOVWF       FARG_Lcd_Cmd_out_char, 1
0x091E	0xF000EC21  	CALL        _Lcd_Cmd, 0
;Lab74.c,126 :: 		} while(1);
0x0922	0xD718      	BRA         L_main14
;Lab74.c,128 :: 		}
L_end_main:
0x0924	0xD7FF      	BRA         $+0
; end of _main
0x0AAE	0xF015EE10  	LFSR        1, 21
0x0AB2	0x0E88      	MOVLW       136
0x0AB4	0x6E00      	MOVWF       R0 
0x0AB6	0x0E02      	MOVLW       2
0x0AB8	0x6E01      	MOVWF       R1 
0x0ABA	0x0E26      	MOVLW       38
0x0ABC	0x6EF6      	MOVWF       4086 
0x0ABE	0x0E09      	MOVLW       9
0x0AC0	0x6EF7      	MOVWF       TBLPTRH 
0x0AC2	0x0E00      	MOVLW       0
0x0AC4	0x6EF8      	MOVWF       TBLPTRU 
0x0AC6	0xF001EC81  	CALL        770, 0
0x0ACA	0x0012      	RETURN      0
;Lab74.c,0 :: ?ICS?lstr10_Lab74
0x0926	0x6544 ;?ICS?lstr10_Lab74+0
0x0928	0x6963 ;?ICS?lstr10_Lab74+2
0x092A	0x616D ;?ICS?lstr10_Lab74+4
0x092C	0x206C ;?ICS?lstr10_Lab74+6
0x092E	0x6F74 ;?ICS?lstr10_Lab74+8
0x0930	0x4220 ;?ICS?lstr10_Lab74+10
0x0932	0x6E69 ;?ICS?lstr10_Lab74+12
0x0934	0x7261 ;?ICS?lstr10_Lab74+14
0x0936	0x2079 ;?ICS?lstr10_Lab74+16
0x0938	0x6F43 ;?ICS?lstr10_Lab74+18
0x093A	0x766E ;?ICS?lstr10_Lab74+20
0x093C	0x7265 ;?ICS?lstr10_Lab74+22
0x093E	0x6574 ;?ICS?lstr10_Lab74+24
0x0940	0x9472 ;?ICS?lstr10_Lab74+26
0x0942	0x00 ;?ICS?lstr10_Lab74+28
; end of ?ICS?lstr10_Lab74
;Lab74.c,0 :: ?ICS?lstr9_Lab74
0x0943	0x6544 ;?ICS?lstr9_Lab74+0
0x0945	0x6963 ;?ICS?lstr9_Lab74+2
0x0947	0x616D ;?ICS?lstr9_Lab74+4
0x0949	0x206C ;?ICS?lstr9_Lab74+6
0x094B	0x6F74 ;?ICS?lstr9_Lab74+8
0x094D	0x4220 ;?ICS?lstr9_Lab74+10
0x094F	0x6E69 ;?ICS?lstr9_Lab74+12
0x0951	0x7261 ;?ICS?lstr9_Lab74+14
0x0953	0x2079 ;?ICS?lstr9_Lab74+16
0x0955	0x6F43 ;?ICS?lstr9_Lab74+18
0x0957	0x766E ;?ICS?lstr9_Lab74+20
0x0959	0x7265 ;?ICS?lstr9_Lab74+22
0x095B	0x6574 ;?ICS?lstr9_Lab74+24
0x095D	0x9472 ;?ICS?lstr9_Lab74+26
0x095F	0x00 ;?ICS?lstr9_Lab74+28
; end of ?ICS?lstr9_Lab74
;Lab74.c,0 :: ?ICS?lstr8_Lab74
0x0960	0x6544 ;?ICS?lstr8_Lab74+0
0x0962	0x6963 ;?ICS?lstr8_Lab74+2
0x0964	0x616D ;?ICS?lstr8_Lab74+4
0x0966	0x206C ;?ICS?lstr8_Lab74+6
0x0968	0x6F74 ;?ICS?lstr8_Lab74+8
0x096A	0x4220 ;?ICS?lstr8_Lab74+10
0x096C	0x6E69 ;?ICS?lstr8_Lab74+12
0x096E	0x7261 ;?ICS?lstr8_Lab74+14
0x0970	0x2079 ;?ICS?lstr8_Lab74+16
0x0972	0x6F43 ;?ICS?lstr8_Lab74+18
0x0974	0x766E ;?ICS?lstr8_Lab74+20
0x0976	0x7265 ;?ICS?lstr8_Lab74+22
0x0978	0x6574 ;?ICS?lstr8_Lab74+24
0x097A	0x9472 ;?ICS?lstr8_Lab74+26
0x097C	0x00 ;?ICS?lstr8_Lab74+28
; end of ?ICS?lstr8_Lab74
;Lab74.c,0 :: ?ICS?lstr11_Lab74
0x097D	0x6544 ;?ICS?lstr11_Lab74+0
0x097F	0x6963 ;?ICS?lstr11_Lab74+2
0x0981	0x616D ;?ICS?lstr11_Lab74+4
0x0983	0x206C ;?ICS?lstr11_Lab74+6
0x0985	0x6F74 ;?ICS?lstr11_Lab74+8
0x0987	0x4220 ;?ICS?lstr11_Lab74+10
0x0989	0x6E69 ;?ICS?lstr11_Lab74+12
0x098B	0x7261 ;?ICS?lstr11_Lab74+14
0x098D	0x2079 ;?ICS?lstr11_Lab74+16
0x098F	0x6F43 ;?ICS?lstr11_Lab74+18
0x0991	0x766E ;?ICS?lstr11_Lab74+20
0x0993	0x7265 ;?ICS?lstr11_Lab74+22
0x0995	0x6574 ;?ICS?lstr11_Lab74+24
0x0997	0x9472 ;?ICS?lstr11_Lab74+26
0x0999	0x00 ;?ICS?lstr11_Lab74+28
; end of ?ICS?lstr11_Lab74
;Lab74.c,0 :: ?ICS?lstr14_Lab74
0x099A	0x6F74 ;?ICS?lstr14_Lab74+0
0x099C	0x4320 ;?ICS?lstr14_Lab74+2
0x099E	0x6E6F ;?ICS?lstr14_Lab74+4
0x09A0	0x6576 ;?ICS?lstr14_Lab74+6
0x09A2	0x7472 ;?ICS?lstr14_Lab74+8
0x09A4	0x00 ;?ICS?lstr14_Lab74+10
; end of ?ICS?lstr14_Lab74
;Lab74.c,0 :: ?ICS?lstr13_Lab74
0x09A5	0x7257 ;?ICS?lstr13_Lab74+0
0x09A7	0x7469 ;?ICS?lstr13_Lab74+2
0x09A9	0x2065 ;?ICS?lstr13_Lab74+4
0x09AB	0x2061 ;?ICS?lstr13_Lab74+6
0x09AD	0x754E ;?ICS?lstr13_Lab74+8
0x09AF	0x626D ;?ICS?lstr13_Lab74+10
0x09B1	0x7265 ;?ICS?lstr13_Lab74+12
0x09B3	0x00 ;?ICS?lstr13_Lab74+14
; end of ?ICS?lstr13_Lab74
;Lab74.c,0 :: ?ICS?lstr12_Lab74
0x09B4	0x6544 ;?ICS?lstr12_Lab74+0
0x09B6	0x6963 ;?ICS?lstr12_Lab74+2
0x09B8	0x616D ;?ICS?lstr12_Lab74+4
0x09BA	0x206C ;?ICS?lstr12_Lab74+6
0x09BC	0x6F74 ;?ICS?lstr12_Lab74+8
0x09BE	0x4220 ;?ICS?lstr12_Lab74+10
0x09C0	0x6E69 ;?ICS?lstr12_Lab74+12
0x09C2	0x7261 ;?ICS?lstr12_Lab74+14
0x09C4	0x2079 ;?ICS?lstr12_Lab74+16
0x09C6	0x6F43 ;?ICS?lstr12_Lab74+18
0x09C8	0x766E ;?ICS?lstr12_Lab74+20
0x09CA	0x7265 ;?ICS?lstr12_Lab74+22
0x09CC	0x6574 ;?ICS?lstr12_Lab74+24
0x09CE	0x9472 ;?ICS?lstr12_Lab74+26
0x09D0	0x00 ;?ICS?lstr12_Lab74+28
; end of ?ICS?lstr12_Lab74
;Lab74.c,0 :: ?ICS?lstr3_Lab74
0x09D1	0x6544 ;?ICS?lstr3_Lab74+0
0x09D3	0x6963 ;?ICS?lstr3_Lab74+2
0x09D5	0x616D ;?ICS?lstr3_Lab74+4
0x09D7	0x206C ;?ICS?lstr3_Lab74+6
0x09D9	0x6F74 ;?ICS?lstr3_Lab74+8
0x09DB	0x4220 ;?ICS?lstr3_Lab74+10
0x09DD	0x6E69 ;?ICS?lstr3_Lab74+12
0x09DF	0x7261 ;?ICS?lstr3_Lab74+14
0x09E1	0x2079 ;?ICS?lstr3_Lab74+16
0x09E3	0x6F43 ;?ICS?lstr3_Lab74+18
0x09E5	0x766E ;?ICS?lstr3_Lab74+20
0x09E7	0x7265 ;?ICS?lstr3_Lab74+22
0x09E9	0x6574 ;?ICS?lstr3_Lab74+24
0x09EB	0x9472 ;?ICS?lstr3_Lab74+26
0x09ED	0x00 ;?ICS?lstr3_Lab74+28
; end of ?ICS?lstr3_Lab74
;Lab74.c,0 :: ?ICS?lstr2_Lab74
0x09EE	0x6544 ;?ICS?lstr2_Lab74+0
0x09F0	0x6963 ;?ICS?lstr2_Lab74+2
0x09F2	0x616D ;?ICS?lstr2_Lab74+4
0x09F4	0x206C ;?ICS?lstr2_Lab74+6
0x09F6	0x6F74 ;?ICS?lstr2_Lab74+8
0x09F8	0x4220 ;?ICS?lstr2_Lab74+10
0x09FA	0x6E69 ;?ICS?lstr2_Lab74+12
0x09FC	0x7261 ;?ICS?lstr2_Lab74+14
0x09FE	0x2079 ;?ICS?lstr2_Lab74+16
0x0A00	0x6F43 ;?ICS?lstr2_Lab74+18
0x0A02	0x766E ;?ICS?lstr2_Lab74+20
0x0A04	0x7265 ;?ICS?lstr2_Lab74+22
0x0A06	0x6574 ;?ICS?lstr2_Lab74+24
0x0A08	0x9472 ;?ICS?lstr2_Lab74+26
0x0A0A	0x00 ;?ICS?lstr2_Lab74+28
; end of ?ICS?lstr2_Lab74
;Lab74.c,0 :: ?ICS?lstr1_Lab74
0x0A0B	0x6544 ;?ICS?lstr1_Lab74+0
0x0A0D	0x6963 ;?ICS?lstr1_Lab74+2
0x0A0F	0x616D ;?ICS?lstr1_Lab74+4
0x0A11	0x206C ;?ICS?lstr1_Lab74+6
0x0A13	0x6F74 ;?ICS?lstr1_Lab74+8
0x0A15	0x4220 ;?ICS?lstr1_Lab74+10
0x0A17	0x6E69 ;?ICS?lstr1_Lab74+12
0x0A19	0x7261 ;?ICS?lstr1_Lab74+14
0x0A1B	0x2079 ;?ICS?lstr1_Lab74+16
0x0A1D	0x6F43 ;?ICS?lstr1_Lab74+18
0x0A1F	0x766E ;?ICS?lstr1_Lab74+20
0x0A21	0x7265 ;?ICS?lstr1_Lab74+22
0x0A23	0x6574 ;?ICS?lstr1_Lab74+24
0x0A25	0x9472 ;?ICS?lstr1_Lab74+26
0x0A27	0x00 ;?ICS?lstr1_Lab74+28
; end of ?ICS?lstr1_Lab74
;Lab74.c,0 :: ?ICS?lstr4_Lab74
0x0A28	0x6544 ;?ICS?lstr4_Lab74+0
0x0A2A	0x6963 ;?ICS?lstr4_Lab74+2
0x0A2C	0x616D ;?ICS?lstr4_Lab74+4
0x0A2E	0x206C ;?ICS?lstr4_Lab74+6
0x0A30	0x6F74 ;?ICS?lstr4_Lab74+8
0x0A32	0x4220 ;?ICS?lstr4_Lab74+10
0x0A34	0x6E69 ;?ICS?lstr4_Lab74+12
0x0A36	0x7261 ;?ICS?lstr4_Lab74+14
0x0A38	0x2079 ;?ICS?lstr4_Lab74+16
0x0A3A	0x6F43 ;?ICS?lstr4_Lab74+18
0x0A3C	0x766E ;?ICS?lstr4_Lab74+20
0x0A3E	0x7265 ;?ICS?lstr4_Lab74+22
0x0A40	0x6574 ;?ICS?lstr4_Lab74+24
0x0A42	0x9472 ;?ICS?lstr4_Lab74+26
0x0A44	0x00 ;?ICS?lstr4_Lab74+28
; end of ?ICS?lstr4_Lab74
;Lab74.c,0 :: ?ICS?lstr7_Lab74
0x0A45	0x6544 ;?ICS?lstr7_Lab74+0
0x0A47	0x6963 ;?ICS?lstr7_Lab74+2
0x0A49	0x616D ;?ICS?lstr7_Lab74+4
0x0A4B	0x206C ;?ICS?lstr7_Lab74+6
0x0A4D	0x6F74 ;?ICS?lstr7_Lab74+8
0x0A4F	0x4220 ;?ICS?lstr7_Lab74+10
0x0A51	0x6E69 ;?ICS?lstr7_Lab74+12
0x0A53	0x7261 ;?ICS?lstr7_Lab74+14
0x0A55	0x2079 ;?ICS?lstr7_Lab74+16
0x0A57	0x6F43 ;?ICS?lstr7_Lab74+18
0x0A59	0x766E ;?ICS?lstr7_Lab74+20
0x0A5B	0x7265 ;?ICS?lstr7_Lab74+22
0x0A5D	0x6574 ;?ICS?lstr7_Lab74+24
0x0A5F	0x9472 ;?ICS?lstr7_Lab74+26
0x0A61	0x00 ;?ICS?lstr7_Lab74+28
; end of ?ICS?lstr7_Lab74
;Lab74.c,0 :: ?ICS?lstr6_Lab74
0x0A62	0x6544 ;?ICS?lstr6_Lab74+0
0x0A64	0x6963 ;?ICS?lstr6_Lab74+2
0x0A66	0x616D ;?ICS?lstr6_Lab74+4
0x0A68	0x206C ;?ICS?lstr6_Lab74+6
0x0A6A	0x6F74 ;?ICS?lstr6_Lab74+8
0x0A6C	0x4220 ;?ICS?lstr6_Lab74+10
0x0A6E	0x6E69 ;?ICS?lstr6_Lab74+12
0x0A70	0x7261 ;?ICS?lstr6_Lab74+14
0x0A72	0x2079 ;?ICS?lstr6_Lab74+16
0x0A74	0x6F43 ;?ICS?lstr6_Lab74+18
0x0A76	0x766E ;?ICS?lstr6_Lab74+20
0x0A78	0x7265 ;?ICS?lstr6_Lab74+22
0x0A7A	0x6574 ;?ICS?lstr6_Lab74+24
0x0A7C	0x9472 ;?ICS?lstr6_Lab74+26
0x0A7E	0x00 ;?ICS?lstr6_Lab74+28
; end of ?ICS?lstr6_Lab74
;Lab74.c,0 :: ?ICS?lstr5_Lab74
0x0A7F	0x6544 ;?ICS?lstr5_Lab74+0
0x0A81	0x6963 ;?ICS?lstr5_Lab74+2
0x0A83	0x616D ;?ICS?lstr5_Lab74+4
0x0A85	0x206C ;?ICS?lstr5_Lab74+6
0x0A87	0x6F74 ;?ICS?lstr5_Lab74+8
0x0A89	0x4220 ;?ICS?lstr5_Lab74+10
0x0A8B	0x6E69 ;?ICS?lstr5_Lab74+12
0x0A8D	0x7261 ;?ICS?lstr5_Lab74+14
0x0A8F	0x2079 ;?ICS?lstr5_Lab74+16
0x0A91	0x6F43 ;?ICS?lstr5_Lab74+18
0x0A93	0x766E ;?ICS?lstr5_Lab74+20
0x0A95	0x7265 ;?ICS?lstr5_Lab74+22
0x0A97	0x6574 ;?ICS?lstr5_Lab74+24
0x0A99	0x9472 ;?ICS?lstr5_Lab74+26
0x0A9B	0x00 ;?ICS?lstr5_Lab74+28
; end of ?ICS?lstr5_Lab74
;Lab74.c,0 :: ?ICS_lookup_table
0x0A9C	0x3720 ;?ICS_lookup_table+0
0x0A9E	0x3134 ;?ICS_lookup_table+2
0x0AA0	0x3820 ;?ICS_lookup_table+4
0x0AA2	0x3235 ;?ICS_lookup_table+6
0x0AA4	0x3930 ;?ICS_lookup_table+8
0x0AA6	0x3336 ;?ICS_lookup_table+10
0x0AA8	0x2F3D ;?ICS_lookup_table+12
0x0AAA	0x2D2A ;?ICS_lookup_table+14
0x0AAC	0x002B ;?ICS_lookup_table+16
; end of ?ICS_lookup_table
Symbol List:
//** Routines locations **
//ADDRESS    SIZE    PROCEDURE
//----------------------------------------------
0x001C      [10]    _Delay_50us
0x0026      [22]    _Delay_5500us
0x003C       [6]    _Delay_1us
0x0042     [126]    _Lcd_Cmd
0x00C0      [88]    _Div_16x16_S_L
0x0118      [14]    _Lcd_Chr_CP
0x0126     [106]    _Keypad_Key_Press
0x0190      [12]    _Delay_10us
0x019C      [80]    _Mul_16X16_U
0x01EC     [126]    _Lcd_Out
0x026A     [152]    _Lcd_Init
0x0302      [16]    ___CC2DW
0x0312      [94]    _Lcd_Chr
0x0370     [198]    _Div_16x16_S
0x0436      [26]    _Keypad_Init
0x0450      [24]    _Keypad_Key_Click
0x0468    [1214]    _main
//** Variables locations ** 
//ADDRESS    SIZE    VARIABLE
//----------------------------------------------
0x0000       [1]    R0
0x0001       [1]    R1
0x0001       [1]    __Lib_Conversions_Adjust_Hex_tmp_L0
0x0002       [2]    memcpy_dd_L0
0x0002       [1]    R2
0x0002       [2]    memchr_s_L0
0x0002       [2]    strlen_cp_L0
0x0002       [2]    memset_pp_L0
0x0003       [1]    R3
0x0003       [2]    Ltrim_original_L0
0x0003       [2]    memmove_tt_L0
0x0004       [2]    memcpy_ss_L0
0x0004       [2]    strncat_cp_L0
0x0004       [2]    strcat_cp_L0
0x0004       [2]    strcpy_cp_L0
0x0004       [2]    strncpy_cp_L0
0x0004       [1]    R4
0x0005       [2]    LongIntToHex_input_half_L0
0x0005       [2]    LongWordToHex_input_half_L0
0x0005       [1]    R5
0x0005       [2]    Ltrim_p_L0
0x0005       [2]    memmove_ff_L0
0x0006       [1]    R6
0x0007       [1]    R7
0x0008       [1]    R8
0x0009       [1]    R9
0x000A       [1]    R10
0x000B       [1]    R11
0x000C       [1]    R12
0x000D       [1]    R13
0x000E       [1]    R14
0x000F       [1]    R15
0x0010       [1]    R16
0x0011       [1]    R17
0x0012       [1]    R18
0x0013       [1]    R19
0x0014       [1]    R20
0x0015      [29]    ?lstr10_Lab74
0x0032      [29]    ?lstr9_Lab74
0x004F      [29]    ?lstr8_Lab74
0x006C      [29]    ?lstr11_Lab74
0x0089      [11]    ?lstr14_Lab74
0x0094      [15]    ?lstr13_Lab74
0x00A3      [29]    ?lstr12_Lab74
0x00C0      [29]    ?lstr3_Lab74
0x00DD      [29]    ?lstr2_Lab74
0x00FA      [29]    ?lstr1_Lab74
0x0117      [29]    ?lstr4_Lab74
0x0134      [29]    ?lstr7_Lab74
0x0151      [29]    ?lstr6_Lab74
0x016E      [29]    ?lstr5_Lab74
0x018B      [18]    _lookup_table
0x019D       [2]    _b
0x019F       [2]    _total
0x01A1       [0]    __Lib_Lcd_cmd_status
0x01A2       [2]    _remainder
0x01A4       [1]    _kpi
0x01A5       [2]    _kpi2
0x01A7       [2]    _kpi1
0x01A9       [2]    FLOC__main
0x01AB       [1]    Keypad_Key_Click_rslt_L0
0x01AB       [1]    FARG_Lcd_Chr_row
0x01AB       [1]    FARG_Lcd_Out_row
0x01AC       [1]    FARG_Lcd_Out_column
0x01AC       [1]    FARG_Lcd_Chr_column
0x01AD       [1]    FARG_Lcd_Chr_out_char
0x01AD       [2]    FARG_Lcd_Out_text
0x01AF       [1]    Lcd_Out_i_L0
0x01B0       [1]    FARG_Lcd_Chr_CP_out_char
0x01B0       [1]    Keypad_Key_Press_rslt_L0
0x01B1       [1]    Keypad_Key_Press_kdata_L0
0x01B2       [1]    Keypad_Key_Press_loc_L0
0x01B3       [1]    Keypad_Key_Press_rowcnt_L0
0x01B4       [1]    Keypad_Key_Press_shifter_L0
0x01B5       [1]    FARG_Lcd_Cmd_out_char
0x0F39       [1]    ANSELB
0x0F3B       [1]    ANSELD
0x0F3C       [1]    ANSELE
0x0F81       [0]    RB4_bit
0x0F81       [0]    RB6_bit
0x0F81       [0]    RB7_bit
0x0F81       [0]    RB5_bit
0x0F81       [0]    LCD_D7
0x0F81       [0]    LCD_D6
0x0F81       [0]    LCD_D5
0x0F81       [0]    LCD_D4
0x0F83       [1]    keypadPort
0x0F83       [1]    PORTD
0x0F84       [0]    RE0_bit
0x0F84       [0]    RE1_bit
0x0F84       [0]    LCD_RS
0x0F84       [0]    LCD_EN
0x0F93       [0]    LCD_D7_Direction
0x0F93       [0]    TRISB7_bit
0x0F93       [0]    TRISB6_bit
0x0F93       [0]    TRISB4_bit
0x0F93       [0]    TRISB5_bit
0x0F93       [0]    LCD_D6_Direction
0x0F93       [0]    LCD_D4_Direction
0x0F93       [0]    LCD_D5_Direction
0x0F96       [0]    TRISE1_bit
0x0F96       [0]    LCD_EN_Direction
0x0F96       [0]    LCD_RS_Direction
0x0F96       [0]    TRISE0_bit
0x0FD8       [1]    STATUS
0x0FD9       [1]    FSR2L
0x0FDA       [1]    FSR2H
0x0FDE       [1]    POSTINC2
0x0FE0       [1]    BSR
0x0FE1       [1]    FSR1L
0x0FE2       [1]    FSR1H
0x0FE4       [1]    PREINC1
0x0FE6       [1]    POSTINC1
0x0FE7       [1]    INDF1
0x0FE8       [1]    WREG
0x0FE9       [1]    FSR0L
0x0FEA       [1]    FSR0H
0x0FEE       [1]    POSTINC0
0x0FF3       [1]    PRODL
0x0FF4       [1]    PRODH
0x0FF5       [1]    TABLAT
0x0FF6       [1]    TBLPTRL
0x0FF7       [1]    TBLPTRH
0x0FF8       [1]    TBLPTRU
//** Constants locations ** 
//ADDRESS    SIZE    CONSTANT
//----------------------------------------------
0x0926      [29]    ?ICS?lstr10_Lab74
0x0943      [29]    ?ICS?lstr9_Lab74
0x0960      [29]    ?ICS?lstr8_Lab74
0x097D      [29]    ?ICS?lstr11_Lab74
0x099A      [11]    ?ICS?lstr14_Lab74
0x09A5      [15]    ?ICS?lstr13_Lab74
0x09B4      [29]    ?ICS?lstr12_Lab74
0x09D1      [29]    ?ICS?lstr3_Lab74
0x09EE      [29]    ?ICS?lstr2_Lab74
0x0A0B      [29]    ?ICS?lstr1_Lab74
0x0A28      [29]    ?ICS?lstr4_Lab74
0x0A45      [29]    ?ICS?lstr7_Lab74
0x0A62      [29]    ?ICS?lstr6_Lab74
0x0A7F      [29]    ?ICS?lstr5_Lab74
0x0A9C      [18]    ?ICS_lookup_table
