

Microchip MPLAB XC8 Assembler V2.10 build 88905656 
                                                                                               Sun May 03 16:14:44 2020

Microchip MPLAB XC8 C Compiler v2.10 (Free license) build 20190730164152 Og1 
     1                           	processor	18F45K22
     2                           	fnconf	rparam,??,?,0
     3                           	opt	pw 120
     4                           	opt	flic
     5                           	psect	cinit,global,reloc=2,class=CODE,delta=1
     6                           	psect	bssCOMRAM,global,class=COMRAM,space=1,delta=1,noexec
     7                           	psect	cstackCOMRAM,global,class=COMRAM,space=1,delta=1,noexec
     8                           	psect	text0,global,reloc=2,class=CODE,delta=1
     9                           	psect	intsave_regs,global,class=BIGRAM,space=1,delta=1,noexec
    10                           	psect	rparam,global,class=COMRAM,space=1,delta=1,noexec
    11  0000                     
    12                           ; Version 2.10
    13                           ; Generated 31/07/2019 GMT
    14                           ; 
    15                           ; Copyright © 2019, Microchip Technology Inc. and its subsidiaries ("Microchip")
    16                           ; All rights reserved.
    17                           ; 
    18                           ; This software is developed by Microchip Technology Inc. and its subsidiaries ("Microch
      +                          ip").
    19                           ; 
    20                           ; Redistribution and use in source and binary forms, with or without modification, are
    21                           ; permitted provided that the following conditions are met:
    22                           ; 
    23                           ;     1. Redistributions of source code must retain the above copyright notice, this lis
      +                          t of
    24                           ;        conditions and the following disclaimer.
    25                           ; 
    26                           ;     2. Redistributions in binary form must reproduce the above copyright notice, this 
      +                          list
    27                           ;        of conditions and the following disclaimer in the documentation and/or other
    28                           ;        materials provided with the distribution.
    29                           ; 
    30                           ;     3. Microchip's name may not be used to endorse or promote products derived from th
      +                          is
    31                           ;        software without specific prior written permission.
    32                           ; 
    33                           ; THIS SOFTWARE IS PROVIDED BY MICROCHIP "AS IS" AND ANY EXPRESS OR IMPLIED WARRANTIES,
    34                           ; INCLUDING, BUT NOT LIMITED TO, THE IMPLIED WARRANTIES OF MERCHANTABILITY AND FITNESS F
      +                          OR
    35                           ; PURPOSE ARE DISCLAIMED.  IN NO EVENT SHALL MICROCHIP BE LIABLE FOR ANY DIRECT, INDIREC
      +                          T,
    36                           ; INCIDENTAL, SPECIAL, EXEMPLARY, OR CONSEQUENTIAL DAMAGES (INCLUDING BUT NOT LIMITED TO
    37                           ; PROCUREMENT OF SUBSTITUTE GOODS OR SERVICES; LOSS OF USE, DATA OR PROFITS; OR BUSINESS
    38                           ; INTERRUPTION) HOWSOEVER CAUSED AND ON ANY THEORY OF LIABILITY, WHETHER IN CONTRACT, ST
      +                          RICT
    39                           ; LIABILITY, OR TORT (INCLUDING NEGLIGENCE OR OTHERWISE) ARISING IN ANY WAY OUT OF THE U
      +                          SE OF
    40                           ; THIS SOFTWARE, EVEN IF ADVISED OF THE POSSIBILITY OF SUCH DAMAGE.
    41                           ; 
    42                           ; 
    43                           ; Code-generator required, PIC18F45K22 Definitions
    44                           ; 
    45                           ; SFR Addresses
    46  0000                     _ANSELD	set	3899
    47  0000                     _ANSELB	set	3897
    48  0000                     _PORTD	set	3971
    49  0000                     _INTCON2bits	set	4081
    50  0000                     _TRISD	set	3989
    51  0000                     _TRISB	set	3987
    52  0000                     _PORTBbits	set	3969
    53  0000                     _INTCONbits	set	4082
    54                           
    55                           ; #config settings
    56                           
    57                           	psect	cinit
    58  007FD0                     __pcinit:
    59                           	opt callstack 0
    60  007FD0                     start_initialization:
    61                           	opt callstack 0
    62  007FD0                     __initialization:
    63                           	opt callstack 0
    64                           
    65                           ; Clear objects allocated to COMRAM (2 bytes)
    66  007FD0  6A02               	clrf	(__pbssCOMRAM+1)& (0+255),c
    67  007FD2  6A01               	clrf	__pbssCOMRAM& (0+255),c
    68  007FD4                     end_of_initialization:
    69                           	opt callstack 0
    70  007FD4                     __end_of__initialization:
    71                           	opt callstack 0
    72  007FD4  0100               	movlb	0
    73  007FD6  EFED  F03F         	goto	_main	;jump to C main() function
    74                           
    75                           	psect	bssCOMRAM
    76  000001                     __pbssCOMRAM:
    77                           	opt callstack 0
    78  000001                     _countVal:
    79                           	opt callstack 0
    80  000001                     	ds	2
    81                           
    82                           	psect	cstackCOMRAM
    83  000000                     __pcstackCOMRAM:
    84                           	opt callstack 0
    85  000000                     
    86                           ; 1 bytes @ 0x0
    87 ;;
    88 ;;Main: autosize = 0, tempsize = 0, incstack = 0, save=0
    89 ;;
    90 ;; *************** function _main *****************
    91 ;; Defined at:
    92 ;;		line 22 in file "Lab6_1.c"
    93 ;; Parameters:    Size  Location     Type
    94 ;;		None
    95 ;; Auto vars:     Size  Location     Type
    96 ;;		None
    97 ;; Return value:  Size  Location     Type
    98 ;;                  1    wreg      void 
    99 ;; Registers used:
   100 ;;		wreg, status,2
   101 ;; Tracked objects:
   102 ;;		On entry : 0/0
   103 ;;		On exit  : 0/0
   104 ;;		Unchanged: 0/0
   105 ;; Data sizes:     COMRAM   BANK0   BANK1   BANK2   BANK3   BANK4   BANK5
   106 ;;      Params:         0       0       0       0       0       0       0
   107 ;;      Locals:         0       0       0       0       0       0       0
   108 ;;      Temps:          0       0       0       0       0       0       0
   109 ;;      Totals:         0       0       0       0       0       0       0
   110 ;;Total ram usage:        0 bytes
   111 ;; This function calls:
   112 ;;		Nothing
   113 ;; This function is called by:
   114 ;;		Startup code after reset
   115 ;; This function uses a non-reentrant model
   116 ;;
   117                           
   118                           	psect	text0
   119  007FDA                     __ptext0:
   120                           	opt callstack 0
   121  007FDA                     _main:
   122                           	opt callstack 31
   123  007FDA                     
   124                           ;Lab6_1.c: 23: ANSELB=0;
   125  007FDA  0E00               	movlw	0
   126  007FDC  010F               	movlb	15	; () banked
   127  007FDE  6F39               	movwf	57,b	;volatile
   128                           
   129                           ;Lab6_1.c: 24: ANSELD=0;
   130  007FE0  0E00               	movlw	0
   131  007FE2  6F3B               	movwf	59,b	;volatile
   132                           
   133                           ;Lab6_1.c: 25: TRISB=0b00000001;
   134  007FE4  0E01               	movlw	1
   135  007FE6  6E93               	movwf	147,c	;volatile
   136                           
   137                           ;Lab6_1.c: 26: TRISD=0X00;
   138  007FE8  0E00               	movlw	0
   139  007FEA  6E95               	movwf	149,c	;volatile
   140  007FEC                     
   141                           ; BSR set to: 15
   142                           ;Lab6_1.c: 28: INTCON2bits.INTEDG0=0;
   143  007FEC  9CF1               	bcf	241,6,c	;volatile
   144  007FEE                     
   145                           ; BSR set to: 15
   146                           ;Lab6_1.c: 29: INTCONbits.INT0IF=0;
   147  007FEE  92F2               	bcf	242,1,c	;volatile
   148  007FF0                     
   149                           ; BSR set to: 15
   150                           ;Lab6_1.c: 30: INTCONbits.INT0IE=1;
   151  007FF0  88F2               	bsf	242,4,c	;volatile
   152  007FF2                     
   153                           ; BSR set to: 15
   154                           ;Lab6_1.c: 31: INTCONbits.GIE = 1;
   155  007FF2  8EF2               	bsf	242,7,c	;volatile
   156  007FF4                     l735:
   157                           
   158                           ;Lab6_1.c: 33: {;Lab6_1.c: 34:  PORTD=countVal;
   159  007FF4  C001  FF83         	movff	_countVal,3971	;volatile
   160  007FF8  EFFA  F03F         	goto	l735
   161  007FFC  EF00  F000         	goto	start
   162  008000                     __end_of_main:
   163                           	opt callstack 0
   164  0000                     
   165                           	psect	rparam
   166  0000                     tosu	equ	0xFFF
   167                           tosh	equ	0xFFE
   168                           tosl	equ	0xFFD
   169                           stkptr	equ	0xFFC
   170                           pclatu	equ	0xFFB
   171                           pclath	equ	0xFFA
   172                           pcl	equ	0xFF9
   173                           tblptru	equ	0xFF8
   174                           tblptrh	equ	0xFF7
   175                           tblptrl	equ	0xFF6
   176                           tablat	equ	0xFF5
   177                           prodh	equ	0xFF4
   178                           prodl	equ	0xFF3
   179                           indf0	equ	0xFEF
   180                           postinc0	equ	0xFEE
   181                           postdec0	equ	0xFED
   182                           preinc0	equ	0xFEC
   183                           plusw0	equ	0xFEB
   184                           fsr0h	equ	0xFEA
   185                           fsr0l	equ	0xFE9
   186                           wreg	equ	0xFE8
   187                           indf1	equ	0xFE7
   188                           postinc1	equ	0xFE6
   189                           postdec1	equ	0xFE5
   190                           preinc1	equ	0xFE4
   191                           plusw1	equ	0xFE3
   192                           fsr1h	equ	0xFE2
   193                           fsr1l	equ	0xFE1
   194                           bsr	equ	0xFE0
   195                           indf2	equ	0xFDF
   196                           postinc2	equ	0xFDE
   197                           postdec2	equ	0xFDD
   198                           preinc2	equ	0xFDC
   199                           plusw2	equ	0xFDB
   200                           fsr2h	equ	0xFDA
   201                           fsr2l	equ	0xFD9
   202                           status	equ	0xFD8


Data Sizes:
    Strings     0
    Constant    0
    Data        0
    BSS         2
    Persistent  0
    Stack       0

Auto Spaces:
    Space          Size  Autos    Used
    COMRAM           95      0       2
    BANK0           160      0       0
    BANK1           256      0       0
    BANK2           256      0       0
    BANK3           256      0       0
    BANK4           256      0       0
    BANK5           256      0       0

Pointer List with Targets:

    None.

Critical Paths under _main in COMRAM

    None.

Critical Paths under _main in BANK0

    None.

Critical Paths under _main in BANK1

    None.

Critical Paths under _main in BANK2

    None.

Critical Paths under _main in BANK3

    None.

Critical Paths under _main in BANK4

    None.

Critical Paths under _main in BANK5

    None.

Call Graph Tables:

 ---------------------------------------------------------------------------------
 (Depth) Function   	        Calls       Base Space   Used Autos Params    Refs
 ---------------------------------------------------------------------------------
 (0) _main                                                 0     0      0       0
 ---------------------------------------------------------------------------------
 Estimated maximum stack depth 0
 ---------------------------------------------------------------------------------

 Call Graph Graphs:

 _main (ROOT)

 Address spaces:
Name               Size   Autos  Total    Cost      Usage
BIGRAM             5FF      0       0      16        0.0%
EEDATA             100      0       0       0        0.0%
BITBANK5           100      0       0      14        0.0%
BANK5              100      0       0      15        0.0%
BITBANK4           100      0       0      12        0.0%
BANK4              100      0       0      13        0.0%
BITBANK3           100      0       0      10        0.0%
BANK3              100      0       0      11        0.0%
BITBANK2           100      0       0       7        0.0%
BANK2              100      0       0       8        0.0%
BITBANK1           100      0       0       5        0.0%
BANK1              100      0       0       6        0.0%
BITBANK0            A0      0       0       3        0.0%
BANK0               A0      0       0       4        0.0%
BITCOMRAM           5F      0       0       0        0.0%
COMRAM              5F      0       2       1        2.1%
BITSFR_1             0      0       0     200        0.0%
SFR_1                0      0       0     200        0.0%
BITSFR               0      0       0     200        0.0%
SFR                  0      0       0     200        0.0%
STACK                0      0       0       2        0.0%
NULL                 0      0       0       0        0.0%
ABS                  0      0       2       9        0.0%
DATA                 0      0       2      17        0.0%
CODE                 0      0       0       0        0.0%


Microchip Technology PIC18 Macro Assembler V2.10 build 88905656 
Symbol Table                                                                                   Sun May 03 16:14:44 2020

                    l731 7FF0                      l733 7FF2                      l725 7FDA  
                    l735 7FF4                      l727 7FEC                      l729 7FEE  
                   _main 7FDA                     start 0000             ___param_bank 000000  
                  ?_main 0000                    _PORTD 000F83                    _TRISB 000F93  
                  _TRISD 000F95          __initialization 7FD0             __end_of_main 8000  
                 ??_main 0000            __activetblptr 000000                   _ANSELB 000F39  
                 _ANSELD 000F3B               __accesstop 0060  __end_of__initialization 7FD4  
          ___rparam_used 000001           __pcstackCOMRAM 0000                  __Hparam 0000  
                __Lparam 0000                  __pcinit 7FD0                  __ramtop 0600  
                __ptext0 7FDA     end_of_initialization 7FD4                _PORTBbits 000F81  
    start_initialization 7FD0              __pbssCOMRAM 0001              _INTCON2bits 000FF1  
               __Hrparam 0000                 __Lrparam 0000                 _countVal 0001  
          __size_of_main 0026               _INTCONbits 000FF2  
