Warning[205] C:\USERS\ASUS\DESKTOP\MIKRO LABLAR\LAB_3.X\LAB_3.3_SýGNED.ASM 1 : Found directive in column 1. (list)
Warning[207] C:\USERS\ASUS\DESKTOP\MIKRO LABLAR\LAB_3.X\LAB_3.3_SýGNED.ASM 34 : Found label after column 1. (INPUTH1)
Warning[207] C:\USERS\ASUS\DESKTOP\MIKRO LABLAR\LAB_3.X\LAB_3.3_SýGNED.ASM 35 : Found label after column 1. (INPUTL1)
Warning[207] C:\USERS\ASUS\DESKTOP\MIKRO LABLAR\LAB_3.X\LAB_3.3_SýGNED.ASM 36 : Found label after column 1. (INPUTL2)
Warning[207] C:\USERS\ASUS\DESKTOP\MIKRO LABLAR\LAB_3.X\LAB_3.3_SýGNED.ASM 37 : Found label after column 1. (INPUTH2)
Warning[207] C:\USERS\ASUS\DESKTOP\MIKRO LABLAR\LAB_3.X\LAB_3.3_SýGNED.ASM 40 : Found label after column 1. (FLBYTE)
Warning[207] C:\USERS\ASUS\DESKTOP\MIKRO LABLAR\LAB_3.X\LAB_3.3_SýGNED.ASM 41 : Found label after column 1. (FHBYTE)
Warning[207] C:\USERS\ASUS\DESKTOP\MIKRO LABLAR\LAB_3.X\LAB_3.3_SýGNED.ASM 42 : Found label after column 1. (SLBYTE)
Warning[207] C:\USERS\ASUS\DESKTOP\MIKRO LABLAR\LAB_3.X\LAB_3.3_SýGNED.ASM 43 : Found label after column 1. (SHBYTE)
Warning[207] C:\USERS\ASUS\DESKTOP\MIKRO LABLAR\LAB_3.X\LAB_3.3_SýGNED.ASM 44 : Found label after column 1. (BYTE1)
Warning[207] C:\USERS\ASUS\DESKTOP\MIKRO LABLAR\LAB_3.X\LAB_3.3_SýGNED.ASM 45 : Found label after column 1. (BYTE2)
Warning[207] C:\USERS\ASUS\DESKTOP\MIKRO LABLAR\LAB_3.X\LAB_3.3_SýGNED.ASM 46 : Found label after column 1. (BYTE3)
Warning[207] C:\USERS\ASUS\DESKTOP\MIKRO LABLAR\LAB_3.X\LAB_3.3_SýGNED.ASM 47 : Found label after column 1. (BYTE4)
Warning[207] C:\USERS\ASUS\DESKTOP\MIKRO LABLAR\LAB_3.X\LAB_3.3_SýGNED.ASM 48 : Found label after column 1. (MLB1)
Warning[207] C:\USERS\ASUS\DESKTOP\MIKRO LABLAR\LAB_3.X\LAB_3.3_SýGNED.ASM 49 : Found label after column 1. (MHB1)
Warning[207] C:\USERS\ASUS\DESKTOP\MIKRO LABLAR\LAB_3.X\LAB_3.3_SýGNED.ASM 50 : Found label after column 1. (MLB2)
Warning[207] C:\USERS\ASUS\DESKTOP\MIKRO LABLAR\LAB_3.X\LAB_3.3_SýGNED.ASM 51 : Found label after column 1. (MHB2)
Warning[207] C:\USERS\ASUS\DESKTOP\MIKRO LABLAR\LAB_3.X\LAB_3.3_SýGNED.ASM 52 : Found label after column 1. (MLB3)
Warning[207] C:\USERS\ASUS\DESKTOP\MIKRO LABLAR\LAB_3.X\LAB_3.3_SýGNED.ASM 53 : Found label after column 1. (MHB3)
Warning[207] C:\USERS\ASUS\DESKTOP\MIKRO LABLAR\LAB_3.X\LAB_3.3_SýGNED.ASM 54 : Found label after column 1. (MLB4)
Warning[207] C:\USERS\ASUS\DESKTOP\MIKRO LABLAR\LAB_3.X\LAB_3.3_SýGNED.ASM 55 : Found label after column 1. (MHB4)
Warning[207] C:\USERS\ASUS\DESKTOP\MIKRO LABLAR\LAB_3.X\LAB_3.3_SýGNED.ASM 83 : Found label after column 1. (R1)
Warning[207] C:\USERS\ASUS\DESKTOP\MIKRO LABLAR\LAB_3.X\LAB_3.3_SýGNED.ASM 86 : Found label after column 1. (R2)
Warning[207] C:\USERS\ASUS\DESKTOP\MIKRO LABLAR\LAB_3.X\LAB_3.3_SýGNED.ASM 90 : Found label after column 1. (R3)
Warning[207] C:\USERS\ASUS\DESKTOP\MIKRO LABLAR\LAB_3.X\LAB_3.3_SýGNED.ASM 93 : Found label after column 1. (R4)
Warning[207] C:\USERS\ASUS\DESKTOP\MIKRO LABLAR\LAB_3.X\LAB_3.3_SýGNED.ASM 97 : Found label after column 1. (OVER)
Warning[207] C:\USERS\ASUS\DESKTOP\MIKRO LABLAR\LAB_3.X\LAB_3.3_SýGNED.ASM 98 : Found label after column 1. (ADDCARRY1)
Warning[207] C:\USERS\ASUS\DESKTOP\MIKRO LABLAR\LAB_3.X\LAB_3.3_SýGNED.ASM 100 : Found label after column 1. (ADDCARRY2)
Warning[207] C:\USERS\ASUS\DESKTOP\MIKRO LABLAR\LAB_3.X\LAB_3.3_SýGNED.ASM 102 : Found label after column 1. (ADDCARRY3)
Warning[207] C:\USERS\ASUS\DESKTOP\MIKRO LABLAR\LAB_3.X\LAB_3.3_SýGNED.ASM 104 : Found label after column 1. (ADDCARRY4)
